<?xml version="1.0" encoding="UTF-8"?>
<coverage generated="1734689790624" clover="3.2.0">
  <project timestamp="1734689790624" name="All files">
    <metrics statements="1073" coveredstatements="1057" conditionals="554" coveredconditionals="491" methods="113" coveredmethods="112" elements="1740" coveredelements="1660" complexity="0" loc="1073" ncloc="1073" packages="12" files="35" classes="35"/>
    <package name="src">
      <metrics statements="48" coveredstatements="48" conditionals="15" coveredconditionals="12" methods="12" coveredmethods="12"/>
      <file name="Parser.ts" path="/home/runner/work/very-small-parser/very-small-parser/src/Parser.ts">
        <metrics statements="4" coveredstatements="4" conditionals="0" coveredconditionals="0" methods="2" coveredmethods="2"/>
        <line num="2" count="30" type="stmt"/>
        <line num="8" count="30" type="stmt"/>
        <line num="12" count="68" type="stmt"/>
        <line num="16" count="1137" type="stmt"/>
      </file>
      <file name="toPlainText.ts" path="/home/runner/work/very-small-parser/very-small-parser/src/toPlainText.ts">
        <metrics statements="8" coveredstatements="8" conditionals="4" coveredconditionals="2" methods="1" coveredmethods="1"/>
        <line num="3" count="2" type="stmt"/>
        <line num="4" count="115" type="cond" truecount="2" falsecount="1"/>
        <line num="5" count="70" type="stmt"/>
        <line num="6" count="70" type="stmt"/>
        <line num="7" count="70" type="cond" truecount="0" falsecount="1"/>
        <line num="8" count="70" type="stmt"/>
        <line num="9" count="81" type="stmt"/>
        <line num="10" count="70" type="stmt"/>
      </file>
      <file name="util.ts" path="/home/runner/work/very-small-parser/very-small-parser/src/util.ts">
        <metrics statements="36" coveredstatements="36" conditionals="11" coveredconditionals="10" methods="9" coveredmethods="9"/>
        <line num="3" count="32" type="stmt"/>
        <line num="5" count="32" type="stmt"/>
        <line num="12" count="5345" type="stmt"/>
        <line num="13" count="5345" type="cond" truecount="1" falsecount="0"/>
        <line num="14" count="5345" type="cond" truecount="1" falsecount="0"/>
        <line num="15" count="5345" type="cond" truecount="1" falsecount="0"/>
        <line num="16" count="5345" type="stmt"/>
        <line num="19" count="32" type="stmt"/>
        <line num="24" count="2345" type="stmt"/>
        <line num="25" count="2345" type="stmt"/>
        <line num="26" count="2345" type="stmt"/>
        <line num="27" count="2345" type="stmt"/>
        <line num="28" count="2345" type="stmt"/>
        <line num="29" count="3624" type="stmt"/>
        <line num="30" count="3624" type="cond" truecount="1" falsecount="0"/>
        <line num="31" count="2821" type="cond" truecount="1" falsecount="0"/>
        <line num="32" count="2821" type="cond" truecount="1" falsecount="1"/>
        <line num="33" count="2821" type="stmt"/>
        <line num="35" count="2345" type="stmt"/>
        <line num="38" count="32" type="stmt"/>
        <line num="42" count="1137" type="stmt"/>
        <line num="44" count="32" type="stmt"/>
        <line num="45" count="1168" type="stmt"/>
        <line num="46" count="1168" type="stmt"/>
        <line num="47" count="10176" type="stmt"/>
        <line num="48" count="40870" type="stmt"/>
        <line num="49" count="40870" type="stmt"/>
        <line num="50" count="40870" type="cond" truecount="1" falsecount="0"/>
        <line num="52" count="2988" type="stmt"/>
        <line num="56" count="32" type="stmt"/>
        <line num="57" count="32" type="stmt"/>
        <line num="58" count="92" type="stmt"/>
        <line num="59" count="3067" type="stmt"/>
        <line num="60" count="3067" type="cond" truecount="2" falsecount="0"/>
        <line num="63" count="3928" type="stmt"/>
        <line num="64" count="4802" type="stmt"/>
      </file>
    </package>
    <package name="src.css">
      <metrics statements="12" coveredstatements="12" conditionals="4" coveredconditionals="4" methods="1" coveredmethods="1"/>
      <file name="index.ts" path="/home/runner/work/very-small-parser/very-small-parser/src/css/index.ts">
        <metrics statements="12" coveredstatements="12" conditionals="4" coveredconditionals="4" methods="1" coveredmethods="1"/>
        <line num="1" count="1" type="stmt"/>
        <line num="2" count="1" type="stmt"/>
        <line num="3" count="1" type="stmt"/>
        <line num="4" count="1" type="stmt"/>
        <line num="5" count="1" type="stmt"/>
        <line num="6" count="12" type="stmt"/>
        <line num="7" count="12" type="stmt"/>
        <line num="8" count="12" type="cond" truecount="1" falsecount="0"/>
        <line num="9" count="11" type="stmt"/>
        <line num="10" count="11" type="stmt"/>
        <line num="11" count="11" type="cond" truecount="3" falsecount="0"/>
        <line num="13" count="1" type="stmt"/>
      </file>
    </package>
    <package name="src.html">
      <metrics statements="349" coveredstatements="341" conditionals="221" coveredconditionals="193" methods="23" coveredmethods="23"/>
      <file name="HtmlParser.ts" path="/home/runner/work/very-small-parser/very-small-parser/src/html/HtmlParser.ts">
        <metrics statements="26" coveredstatements="26" conditionals="3" coveredconditionals="2" methods="4" coveredmethods="4"/>
        <line num="1" count="30" type="stmt"/>
        <line num="2" count="30" type="stmt"/>
        <line num="3" count="30" type="stmt"/>
        <line num="11" count="30" type="stmt"/>
        <line num="15" count="30" type="stmt"/>
        <line num="16" count="30" type="stmt"/>
        <line num="20" count="1044" type="stmt"/>
        <line num="21" count="1044" type="stmt"/>
        <line num="22" count="1044" type="stmt"/>
        <line num="23" count="1044" type="stmt"/>
        <line num="24" count="1044" type="stmt"/>
        <line num="25" count="6551" type="stmt"/>
        <line num="26" count="6551" type="cond" truecount="1" falsecount="0"/>
        <line num="27" count="2185" type="stmt"/>
        <line num="32" count="2185" type="stmt"/>
        <line num="33" count="2185" type="stmt"/>
        <line num="34" count="2185" type="stmt"/>
        <line num="35" count="2185" type="stmt"/>
        <line num="37" count="4366" type="stmt"/>
        <line num="38" count="4366" type="cond" truecount="1" falsecount="1"/>
        <line num="39" count="4366" type="stmt"/>
        <line num="41" count="1044" type="stmt"/>
        <line num="45" count="1208" type="stmt"/>
        <line num="46" count="1208" type="stmt"/>
        <line num="47" count="1208" type="stmt"/>
        <line num="51" count="1009" type="stmt"/>
      </file>
      <file name="index.ts" path="/home/runner/work/very-small-parser/very-small-parser/src/html/index.ts">
        <metrics statements="3" coveredstatements="3" conditionals="0" coveredconditionals="0" methods="0" coveredmethods="0"/>
        <line num="1" count="30" type="stmt"/>
        <line num="2" count="30" type="stmt"/>
        <line num="4" count="30" type="stmt"/>
      </file>
      <file name="parsers.ts" path="/home/runner/work/very-small-parser/very-small-parser/src/html/parsers.ts">
        <metrics statements="42" coveredstatements="41" conditionals="10" coveredconditionals="8" methods="3" coveredmethods="3"/>
        <line num="1" count="30" type="stmt"/>
        <line num="2" count="30" type="stmt"/>
        <line num="7" count="30" type="stmt"/>
        <line num="8" count="30" type="stmt"/>
        <line num="9" count="5192" type="stmt"/>
        <line num="10" count="5192" type="cond" truecount="1" falsecount="0"/>
        <line num="11" count="380" type="stmt"/>
        <line num="12" count="380" type="stmt"/>
        <line num="13" count="380" type="stmt"/>
        <line num="17" count="30" type="stmt"/>
        <line num="18" count="30" type="stmt"/>
        <line num="19" count="8622" type="stmt"/>
        <line num="20" count="8622" type="cond" truecount="1" falsecount="0"/>
        <line num="21" count="3430" type="stmt"/>
        <line num="22" count="3430" type="stmt"/>
        <line num="25" count="30" type="stmt"/>
        <line num="26" count="30" type="stmt"/>
        <line num="27" count="30" type="stmt"/>
        <line num="28" count="30" type="stmt"/>
        <line num="29" count="30" type="stmt"/>
        <line num="30" count="5821" type="stmt"/>
        <line num="31" count="5821" type="cond" truecount="1" falsecount="0"/>
        <line num="32" count="1846" type="stmt"/>
        <line num="33" count="1846" type="stmt"/>
        <line num="34" count="1846" type="stmt"/>
        <line num="35" count="1846" type="stmt"/>
        <line num="36" count="1846" type="cond" truecount="1" falsecount="0"/>
        <line num="37" count="465" type="stmt"/>
        <line num="38" count="465" type="stmt"/>
        <line num="40" count="1846" type="stmt"/>
        <line num="47" count="1846" type="cond" truecount="1" falsecount="0"/>
        <line num="48" count="1100" type="stmt"/>
        <line num="49" count="1100" type="stmt"/>
        <line num="50" count="1100" type="stmt"/>
        <line num="51" count="1100" type="cond" truecount="1" falsecount="1"/>
        <line num="52" count="0" type="stmt"/>
        <line num="54" count="1100" type="stmt"/>
        <line num="55" count="1100" type="cond" truecount="1" falsecount="0"/>
        <line num="56" count="460" type="cond" truecount="1" falsecount="1"/>
        <line num="58" count="460" type="stmt"/>
        <line num="60" count="1206" type="stmt"/>
        <line num="63" count="30" type="stmt"/>
      </file>
      <file name="toMdast.ts" path="/home/runner/work/very-small-parser/very-small-parser/src/html/toMdast.ts">
        <metrics statements="238" coveredstatements="234" conditionals="174" coveredconditionals="154" methods="12" coveredmethods="12"/>
        <line num="1" count="1" type="stmt"/>
        <line num="7" count="1" type="stmt"/>
        <line num="8" count="104" type="stmt"/>
        <line num="9" count="104" type="stmt"/>
        <line num="10" count="104" type="stmt"/>
        <line num="11" count="106" type="stmt"/>
        <line num="12" count="106" type="cond" truecount="1" falsecount="0"/>
        <line num="14" count="104" type="stmt"/>
        <line num="17" count="1" type="stmt"/>
        <line num="23" count="15" type="stmt"/>
        <line num="28" count="1" type="stmt"/>
        <line num="30" count="1" type="stmt"/>
        <line num="31" count="139" type="stmt"/>
        <line num="32" count="139" type="cond" truecount="2" falsecount="0"/>
        <line num="34" count="58" type="stmt"/>
        <line num="35" count="58" type="cond" truecount="17" falsecount="0"/>
        <line num="38" count="6" type="stmt"/>
        <line num="39" count="6" type="cond" truecount="2" falsecount="0"/>
        <line num="40" count="6" type="cond" truecount="1" falsecount="0"/>
        <line num="41" count="2" type="stmt"/>
        <line num="46" count="4" type="stmt"/>
        <line num="54" count="5" type="stmt"/>
        <line num="57" count="2" type="stmt"/>
        <line num="59" count="2" type="stmt"/>
        <line num="61" count="1" type="stmt"/>
        <line num="63" count="3" type="stmt"/>
        <line num="64" count="3" type="stmt"/>
        <line num="65" count="3" type="cond" truecount="1" falsecount="0"/>
        <line num="66" count="1" type="stmt"/>
        <line num="67" count="1" type="cond" truecount="4" falsecount="0"/>
        <line num="68" count="1" type="stmt"/>
        <line num="69" count="1" type="cond" truecount="1" falsecount="1"/>
        <line num="70" count="1" type="cond" truecount="3" falsecount="0"/>
        <line num="71" count="1" type="stmt"/>
        <line num="72" count="1" type="stmt"/>
        <line num="73" count="1" type="stmt"/>
        <line num="81" count="2" type="stmt"/>
        <line num="84" count="1" type="stmt"/>
        <line num="86" count="1" type="stmt"/>
        <line num="88" count="1" type="stmt"/>
        <line num="90" count="1" type="stmt"/>
        <line num="91" count="1" type="stmt"/>
        <line num="92" count="1" type="cond" truecount="1" falsecount="0"/>
        <line num="93" count="1" type="stmt"/>
        <line num="98" count="0" type="stmt"/>
        <line num="101" count="10" type="cond" truecount="1" falsecount="1"/>
        <line num="102" count="10" type="stmt"/>
        <line num="103" count="10" type="cond" truecount="1" falsecount="0"/>
        <line num="104" count="7" type="stmt"/>
        <line num="105" count="7" type="cond" truecount="2" falsecount="0"/>
        <line num="106" count="4" type="stmt"/>
        <line num="107" count="4" type="stmt"/>
        <line num="108" count="4" type="cond" truecount="2" falsecount="0"/>
        <line num="109" count="2" type="cond" truecount="2" falsecount="0"/>
        <line num="110" count="2" type="stmt"/>
        <line num="117" count="2" type="stmt"/>
        <line num="118" count="2" type="stmt"/>
        <line num="126" count="3" type="stmt"/>
        <line num="127" count="3" type="cond" truecount="2" falsecount="0"/>
        <line num="134" count="1" type="stmt"/>
        <line num="139" count="2" type="stmt"/>
        <line num="148" count="3" type="stmt"/>
        <line num="151" count="3" type="cond" truecount="1" falsecount="1"/>
        <line num="152" count="3" type="stmt"/>
        <line num="153" count="3" type="cond" truecount="1" falsecount="0"/>
        <line num="154" count="3" type="cond" truecount="2" falsecount="0"/>
        <line num="155" count="3" type="cond" truecount="2" falsecount="0"/>
        <line num="156" count="3" type="stmt"/>
        <line num="163" count="0" type="stmt"/>
        <line num="166" count="3" type="stmt"/>
        <line num="167" count="3" type="cond" truecount="3" falsecount="0"/>
        <line num="168" count="3" type="cond" truecount="1" falsecount="1"/>
        <line num="169" count="3" type="stmt"/>
        <line num="170" count="3" type="cond" truecount="4" falsecount="0"/>
        <line num="171" count="3" type="stmt"/>
        <line num="178" count="0" type="stmt"/>
        <line num="181" count="1" type="stmt"/>
        <line num="186" count="18" type="cond" truecount="1" falsecount="0"/>
        <line num="187" count="15" type="stmt"/>
        <line num="189" count="3" type="stmt"/>
        <line num="192" count="81" type="stmt"/>
        <line num="196" count="1" type="stmt"/>
        <line num="197" count="149" type="stmt"/>
        <line num="198" count="149" type="stmt"/>
        <line num="199" count="149" type="stmt"/>
        <line num="200" count="160" type="stmt"/>
        <line num="201" count="160" type="cond" truecount="1" falsecount="0"/>
        <line num="203" count="149" type="stmt"/>
        <line num="206" count="1" type="stmt"/>
        <line num="208" count="1" type="stmt"/>
        <line num="209" count="268" type="cond" truecount="0" falsecount="1"/>
        <line num="210" count="268" type="cond" truecount="2" falsecount="0"/>
        <line num="212" count="148" type="stmt"/>
        <line num="213" count="148" type="cond" truecount="16" falsecount="1"/>
        <line num="215" count="43" type="stmt"/>
        <line num="221" count="7" type="stmt"/>
        <line num="225" count="7" type="cond" truecount="1" falsecount="0"/>
        <line num="226" count="7" type="stmt"/>
        <line num="230" count="6" type="cond" truecount="1" falsecount="1"/>
        <line num="231" count="6" type="cond" truecount="1" falsecount="1"/>
        <line num="232" count="6" type="cond" truecount="1" falsecount="0"/>
        <line num="233" count="6" type="stmt"/>
        <line num="234" count="6" type="cond" truecount="3" falsecount="0"/>
        <line num="235" count="5" type="stmt"/>
        <line num="239" count="6" type="stmt"/>
        <line num="240" count="6" type="cond" truecount="1" falsecount="0"/>
        <line num="241" count="2" type="stmt"/>
        <line num="245" count="2" type="stmt"/>
        <line num="247" count="4" type="cond" truecount="2" falsecount="0"/>
        <line num="248" count="4" type="cond" truecount="2" falsecount="0"/>
        <line num="249" count="4" type="stmt"/>
        <line num="254" count="4" type="cond" truecount="1" falsecount="0"/>
        <line num="255" count="4" type="stmt"/>
        <line num="263" count="6" type="stmt"/>
        <line num="264" count="6" type="stmt"/>
        <line num="269" count="6" type="stmt"/>
        <line num="273" count="13" type="cond" truecount="1" falsecount="1"/>
        <line num="274" count="13" type="stmt"/>
        <line num="275" count="13" type="stmt"/>
        <line num="276" count="13" type="stmt"/>
        <line num="281" count="13" type="cond" truecount="3" falsecount="0"/>
        <line num="282" count="13" type="stmt"/>
        <line num="283" count="17" type="stmt"/>
        <line num="284" count="17" type="cond" truecount="2" falsecount="1"/>
        <line num="285" count="17" type="stmt"/>
        <line num="286" count="17" type="cond" truecount="2" falsecount="0"/>
        <line num="287" count="17" type="stmt"/>
        <line num="292" count="17" type="stmt"/>
        <line num="294" count="13" type="stmt"/>
        <line num="297" count="1" type="stmt"/>
        <line num="299" count="4" type="stmt"/>
        <line num="304" count="4" type="stmt"/>
        <line num="305" count="4" type="stmt"/>
        <line num="306" count="10" type="stmt"/>
        <line num="310" count="10" type="cond" truecount="1" falsecount="1"/>
        <line num="311" count="10" type="stmt"/>
        <line num="312" count="10" type="stmt"/>
        <line num="313" count="76" type="stmt"/>
        <line num="314" count="76" type="cond" truecount="1" falsecount="0"/>
        <line num="315" count="36" type="cond" truecount="1" falsecount="0"/>
        <line num="316" count="14" type="stmt"/>
        <line num="317" count="14" type="stmt"/>
        <line num="318" count="14" type="cond" truecount="1" falsecount="0"/>
        <line num="319" count="14" type="stmt"/>
        <line num="321" count="36" type="stmt"/>
        <line num="325" count="36" type="stmt"/>
        <line num="327" count="10" type="stmt"/>
        <line num="328" count="10" type="stmt"/>
        <line num="330" count="4" type="stmt"/>
        <line num="331" count="4" type="cond" truecount="1" falsecount="1"/>
        <line num="332" count="10" type="cond" truecount="3" falsecount="0"/>
        <line num="334" count="4" type="cond" truecount="1" falsecount="1"/>
        <line num="335" count="19" type="cond" truecount="1" falsecount="0"/>
        <line num="336" count="9" type="cond" truecount="3" falsecount="0"/>
        <line num="338" count="2" type="stmt"/>
        <line num="339" count="2" type="stmt"/>
        <line num="342" count="2" type="stmt"/>
        <line num="343" count="2" type="stmt"/>
        <line num="346" count="5" type="stmt"/>
        <line num="347" count="5" type="stmt"/>
        <line num="351" count="4" type="stmt"/>
        <line num="354" count="34" type="cond" truecount="1" falsecount="1"/>
        <line num="355" count="34" type="stmt"/>
        <line num="356" count="34" type="cond" truecount="2" falsecount="0"/>
        <line num="358" count="2" type="stmt"/>
        <line num="359" count="2" type="stmt"/>
        <line num="360" count="2" type="stmt"/>
        <line num="361" count="2" type="cond" truecount="3" falsecount="1"/>
        <line num="362" count="2" type="stmt"/>
        <line num="368" count="2" type="stmt"/>
        <line num="369" count="2" type="cond" truecount="1" falsecount="0"/>
        <line num="370" count="2" type="stmt"/>
        <line num="373" count="3" type="stmt"/>
        <line num="374" count="3" type="stmt"/>
        <line num="375" count="3" type="stmt"/>
        <line num="376" count="3" type="stmt"/>
        <line num="382" count="3" type="stmt"/>
        <line num="385" count="29" type="stmt"/>
        <line num="391" count="1" type="stmt"/>
        <line num="397" count="33" type="stmt"/>
        <line num="402" count="92" type="stmt"/>
        <line num="408" count="28" type="stmt"/>
        <line num="411" count="1" type="stmt"/>
        <line num="412" count="178" type="cond" truecount="10" falsecount="0"/>
        <line num="423" count="84" type="stmt"/>
        <line num="425" count="94" type="stmt"/>
        <line num="428" count="1" type="stmt"/>
        <line num="429" count="49" type="stmt"/>
        <line num="430" count="49" type="cond" truecount="1" falsecount="1"/>
        <line num="431" count="49" type="stmt"/>
        <line num="432" count="49" type="stmt"/>
        <line num="433" count="51" type="stmt"/>
        <line num="434" count="51" type="cond" truecount="2" falsecount="0"/>
        <line num="435" count="4" type="stmt"/>
        <line num="436" count="4" type="stmt"/>
        <line num="438" count="47" type="stmt"/>
        <line num="441" count="49" type="stmt"/>
        <line num="444" count="1" type="stmt"/>
        <line num="447" count="119" type="cond" truecount="1" falsecount="1"/>
        <line num="448" count="119" type="stmt"/>
        <line num="450" count="119" type="stmt"/>
        <line num="451" count="143" type="stmt"/>
        <line num="452" count="143" type="cond" truecount="1" falsecount="0"/>
        <line num="453" count="16" type="stmt"/>
        <line num="454" count="16" type="stmt"/>
        <line num="455" count="16" type="cond" truecount="1" falsecount="1"/>
        <line num="456" count="16" type="stmt"/>
        <line num="457" count="16" type="stmt"/>
        <line num="458" count="16" type="stmt"/>
        <line num="460" count="127" type="cond" truecount="2" falsecount="0"/>
        <line num="461" count="80" type="stmt"/>
        <line num="462" count="80" type="stmt"/>
        <line num="464" count="47" type="cond" truecount="3" falsecount="0"/>
        <line num="465" count="46" type="stmt"/>
        <line num="469" count="46" type="stmt"/>
        <line num="471" count="47" type="cond" truecount="0" falsecount="1"/>
        <line num="472" count="47" type="stmt"/>
        <line num="475" count="127" type="cond" truecount="5" falsecount="0"/>
        <line num="477" count="7" type="stmt"/>
        <line num="478" count="7" type="stmt"/>
        <line num="480" count="12" type="stmt"/>
        <line num="481" count="12" type="cond" truecount="1" falsecount="0"/>
        <line num="482" count="12" type="stmt"/>
        <line num="483" count="16" type="stmt"/>
        <line num="485" count="12" type="stmt"/>
        <line num="488" count="3" type="stmt"/>
        <line num="489" count="3" type="stmt"/>
        <line num="491" count="39" type="stmt"/>
        <line num="492" count="39" type="stmt"/>
        <line num="494" count="6" type="stmt"/>
        <line num="495" count="6" type="stmt"/>
        <line num="499" count="119" type="stmt"/>
        <line num="502" count="1" type="stmt"/>
        <line num="504" count="93" type="cond" truecount="0" falsecount="1"/>
        <line num="505" count="0" type="stmt"/>
        <line num="511" count="93" type="stmt"/>
        <line num="513" count="93" type="stmt"/>
        <line num="516" count="93" type="stmt"/>
      </file>
      <file name="toText.ts" path="/home/runner/work/very-small-parser/very-small-parser/src/html/toText.ts">
        <metrics statements="40" coveredstatements="37" conditionals="34" coveredconditionals="29" methods="4" coveredmethods="4"/>
        <line num="3" count="196" type="stmt"/>
        <line num="5" count="122" type="stmt"/>
        <line num="7" count="10" type="stmt"/>
        <line num="17" count="10" type="cond" truecount="2" falsecount="0"/>
        <line num="18" count="437" type="cond" truecount="1" falsecount="0"/>
        <line num="19" count="20" type="stmt"/>
        <line num="20" count="20" type="stmt"/>
        <line num="22" count="417" type="stmt"/>
        <line num="23" count="417" type="cond" truecount="3" falsecount="1"/>
        <line num="25" count="42" type="cond" truecount="1" falsecount="1"/>
        <line num="27" count="0" type="stmt"/>
        <line num="28" count="0" type="cond" truecount="0" falsecount="2"/>
        <line num="33" count="375" type="stmt"/>
        <line num="34" count="375" type="stmt"/>
        <line num="35" count="375" type="stmt"/>
        <line num="36" count="375" type="cond" truecount="1" falsecount="0"/>
        <line num="37" count="263" type="stmt"/>
        <line num="38" count="263" type="stmt"/>
        <line num="40" count="375" type="stmt"/>
        <line num="41" count="375" type="cond" truecount="2" falsecount="0"/>
        <line num="42" count="375" type="stmt"/>
        <line num="43" count="375" type="stmt"/>
        <line num="44" count="375" type="stmt"/>
        <line num="45" count="375" type="cond" truecount="1" falsecount="0"/>
        <line num="46" count="374" type="stmt"/>
        <line num="47" count="374" type="stmt"/>
        <line num="48" count="371" type="cond" truecount="1" falsecount="0"/>
        <line num="49" count="200" type="stmt"/>
        <line num="50" count="200" type="stmt"/>
        <line num="52" count="374" type="cond" truecount="2" falsecount="0"/>
        <line num="53" count="174" type="cond" truecount="1" falsecount="1"/>
        <line num="55" count="200" type="stmt"/>
        <line num="56" count="280" type="cond" truecount="6" falsecount="0"/>
        <line num="58" count="375" type="cond" truecount="1" falsecount="0"/>
        <line num="59" count="257" type="stmt"/>
        <line num="60" count="257" type="cond" truecount="1" falsecount="0"/>
        <line num="61" count="140" type="stmt"/>
        <line num="62" count="257" type="stmt"/>
        <line num="63" count="257" type="stmt"/>
        <line num="71" count="0" type="stmt"/>
      </file>
    </package>
    <package name="src.html.__tests__">
      <metrics statements="8" coveredstatements="8" conditionals="0" coveredconditionals="0" methods="2" coveredmethods="2"/>
      <file name="setup.ts" path="/home/runner/work/very-small-parser/very-small-parser/src/html/__tests__/setup.ts">
        <metrics statements="7" coveredstatements="7" conditionals="0" coveredconditionals="0" methods="2" coveredmethods="2"/>
        <line num="1" count="6" type="stmt"/>
        <line num="4" count="6" type="stmt"/>
        <line num="5" count="1044" type="stmt"/>
        <line num="7" count="1044" type="stmt"/>
        <line num="10" count="6" type="stmt"/>
        <line num="11" count="108" type="stmt"/>
        <line num="13" count="108" type="stmt"/>
      </file>
      <file name="toMdast.fixtures.ts" path="/home/runner/work/very-small-parser/very-small-parser/src/html/__tests__/toMdast.fixtures.ts">
        <metrics statements="1" coveredstatements="1" conditionals="0" coveredconditionals="0" methods="0" coveredmethods="0"/>
        <line num="1" count="1" type="stmt"/>
      </file>
    </package>
    <package name="src.html.json-ml">
      <metrics statements="26" coveredstatements="22" conditionals="19" coveredconditionals="11" methods="5" coveredmethods="5"/>
      <file name="fromHast.ts" path="/home/runner/work/very-small-parser/very-small-parser/src/html/json-ml/fromHast.ts">
        <metrics statements="9" coveredstatements="5" conditionals="13" coveredconditionals="5" methods="1" coveredmethods="1"/>
        <line num="4" count="1" type="stmt"/>
        <line num="5" count="35" type="cond" truecount="2" falsecount="3"/>
        <line num="7" count="19" type="cond" truecount="1" falsecount="1"/>
        <line num="10" count="16" type="stmt"/>
        <line num="11" count="16" type="cond" truecount="2" falsecount="0"/>
        <line num="14" count="0" type="stmt"/>
        <line num="15" count="0" type="stmt"/>
        <line num="18" count="0" type="cond" truecount="0" falsecount="2"/>
        <line num="21" count="0" type="cond" truecount="0" falsecount="2"/>
      </file>
      <file name="toHast.ts" path="/home/runner/work/very-small-parser/very-small-parser/src/html/json-ml/toHast.ts">
        <metrics statements="6" coveredstatements="6" conditionals="2" coveredconditionals="2" methods="1" coveredmethods="1"/>
        <line num="4" count="2" type="stmt"/>
        <line num="5" count="85" type="cond" truecount="1" falsecount="0"/>
        <line num="6" count="47" type="stmt"/>
        <line num="7" count="47" type="stmt"/>
        <line num="12" count="47" type="cond" truecount="1" falsecount="0"/>
        <line num="13" count="47" type="stmt"/>
      </file>
      <file name="toHtml.ts" path="/home/runner/work/very-small-parser/very-small-parser/src/html/json-ml/toHtml.ts">
        <metrics statements="3" coveredstatements="3" conditionals="2" coveredconditionals="2" methods="1" coveredmethods="1"/>
        <line num="1" count="1" type="stmt"/>
        <line num="2" count="1" type="stmt"/>
        <line num="5" count="12" type="cond" truecount="2" falsecount="0"/>
      </file>
      <file name="walk.ts" path="/home/runner/work/very-small-parser/very-small-parser/src/html/json-ml/walk.ts">
        <metrics statements="8" coveredstatements="8" conditionals="2" coveredconditionals="2" methods="2" coveredmethods="2"/>
        <line num="4" count="1" type="stmt"/>
        <line num="5" count="3" type="stmt"/>
        <line num="6" count="3" type="stmt"/>
        <line num="7" count="12" type="stmt"/>
        <line num="8" count="12" type="cond" truecount="1" falsecount="0"/>
        <line num="9" count="9" type="cond" truecount="1" falsecount="0"/>
        <line num="10" count="6" type="stmt"/>
        <line num="11" count="4" type="stmt"/>
      </file>
    </package>
    <package name="src.html.json-ml.__tests__">
      <metrics statements="1" coveredstatements="1" conditionals="0" coveredconditionals="0" methods="0" coveredmethods="0"/>
      <file name="toHast.fixtures.ts" path="/home/runner/work/very-small-parser/very-small-parser/src/html/json-ml/__tests__/toHast.fixtures.ts">
        <metrics statements="1" coveredstatements="1" conditionals="0" coveredconditionals="0" methods="0" coveredmethods="0"/>
        <line num="4" count="2" type="stmt"/>
      </file>
    </package>
    <package name="src.markdown">
      <metrics statements="24" coveredstatements="24" conditionals="10" coveredconditionals="10" methods="4" coveredmethods="3"/>
      <file name="index.ts" path="/home/runner/work/very-small-parser/very-small-parser/src/markdown/index.ts">
        <metrics statements="2" coveredstatements="2" conditionals="0" coveredconditionals="0" methods="2" coveredmethods="1"/>
        <line num="3" count="8" type="stmt"/>
        <line num="4" count="136" type="stmt"/>
      </file>
      <file name="is.ts" path="/home/runner/work/very-small-parser/very-small-parser/src/markdown/is.ts">
        <metrics statements="12" coveredstatements="12" conditionals="10" coveredconditionals="10" methods="1" coveredmethods="1"/>
        <line num="2" count="1" type="stmt"/>
        <line num="5" count="1" type="stmt"/>
        <line num="8" count="1" type="stmt"/>
        <line num="11" count="1" type="stmt"/>
        <line num="14" count="1" type="stmt"/>
        <line num="17" count="1" type="stmt"/>
        <line num="20" count="1" type="stmt"/>
        <line num="23" count="1" type="stmt"/>
        <line num="26" count="1" type="stmt"/>
        <line num="29" count="1" type="stmt"/>
        <line num="36" count="1" type="stmt"/>
        <line num="37" count="34" type="cond" truecount="10" falsecount="0"/>
      </file>
      <file name="regex.ts" path="/home/runner/work/very-small-parser/very-small-parser/src/markdown/regex.ts">
        <metrics statements="10" coveredstatements="10" conditionals="0" coveredconditionals="0" methods="1" coveredmethods="1"/>
        <line num="1" count="31" type="stmt"/>
        <line num="3" count="31" type="stmt"/>
        <line num="4" count="156" type="stmt"/>
        <line num="5" count="264" type="stmt"/>
        <line num="6" count="156" type="stmt"/>
        <line num="9" count="31" type="stmt"/>
        <line num="10" count="31" type="stmt"/>
        <line num="11" count="31" type="stmt"/>
        <line num="13" count="31" type="stmt"/>
        <line num="14" count="31" type="stmt"/>
      </file>
    </package>
    <package name="src.markdown.__tests__">
      <metrics statements="7" coveredstatements="7" conditionals="0" coveredconditionals="0" methods="2" coveredmethods="2"/>
      <file name="setup.ts" path="/home/runner/work/very-small-parser/very-small-parser/src/markdown/__tests__/setup.ts">
        <metrics statements="7" coveredstatements="7" conditionals="0" coveredconditionals="0" methods="2" coveredmethods="2"/>
        <line num="1" count="8" type="stmt"/>
        <line num="4" count="8" type="stmt"/>
        <line num="5" count="73" type="stmt"/>
        <line num="7" count="73" type="stmt"/>
        <line num="10" count="8" type="stmt"/>
        <line num="11" count="55" type="stmt"/>
        <line num="13" count="55" type="stmt"/>
      </file>
    </package>
    <package name="src.markdown.block">
      <metrics statements="354" coveredstatements="352" conditionals="162" coveredconditionals="143" methods="32" coveredmethods="32"/>
      <file name="MdBlockParser.ts" path="/home/runner/work/very-small-parser/very-small-parser/src/markdown/block/MdBlockParser.ts">
        <metrics statements="18" coveredstatements="18" conditionals="2" coveredconditionals="2" methods="3" coveredmethods="3"/>
        <line num="1" count="15" type="stmt"/>
        <line num="12" count="15" type="stmt"/>
        <line num="16" count="15" type="stmt"/>
        <line num="17" count="15" type="stmt"/>
        <line num="21" count="133" type="stmt"/>
        <line num="22" count="133" type="stmt"/>
        <line num="28" count="133" type="stmt"/>
        <line num="29" count="133" type="stmt"/>
        <line num="30" count="92" type="stmt"/>
        <line num="31" count="92" type="cond" truecount="1" falsecount="0"/>
        <line num="32" count="15" type="stmt"/>
        <line num="33" count="15" type="cond" truecount="1" falsecount="0"/>
        <line num="34" count="4" type="stmt"/>
        <line num="35" count="4" type="stmt"/>
        <line num="36" count="4" type="stmt"/>
        <line num="37" count="4" type="stmt"/>
        <line num="41" count="133" type="stmt"/>
        <line num="45" count="420" type="stmt"/>
      </file>
      <file name="index.ts" path="/home/runner/work/very-small-parser/very-small-parser/src/markdown/block/index.ts">
        <metrics statements="4" coveredstatements="4" conditionals="0" coveredconditionals="0" methods="0" coveredmethods="0"/>
        <line num="1" count="15" type="stmt"/>
        <line num="2" count="15" type="stmt"/>
        <line num="3" count="15" type="stmt"/>
        <line num="5" count="15" type="stmt"/>
      </file>
      <file name="parsers.ts" path="/home/runner/work/very-small-parser/very-small-parser/src/markdown/block/parsers.ts">
        <metrics statements="146" coveredstatements="146" conditionals="55" coveredconditionals="48" methods="18" coveredmethods="18"/>
        <line num="1" count="15" type="stmt"/>
        <line num="2" count="15" type="stmt"/>
        <line num="3" count="15" type="stmt"/>
        <line num="9" count="15" type="stmt"/>
        <line num="10" count="15" type="stmt"/>
        <line num="11" count="555" type="stmt"/>
        <line num="12" count="555" type="cond" truecount="1" falsecount="0"/>
        <line num="15" count="15" type="stmt"/>
        <line num="16" count="15" type="stmt"/>
        <line num="17" count="522" type="stmt"/>
        <line num="18" count="522" type="cond" truecount="1" falsecount="0"/>
        <line num="19" count="4" type="stmt"/>
        <line num="20" count="4" type="stmt"/>
        <line num="24" count="4" type="stmt"/>
        <line num="27" count="15" type="stmt"/>
        <line num="28" count="15" type="stmt"/>
        <line num="29" count="518" type="stmt"/>
        <line num="30" count="518" type="cond" truecount="1" falsecount="0"/>
        <line num="31" count="27" type="stmt"/>
        <line num="32" count="27" type="stmt"/>
        <line num="37" count="27" type="stmt"/>
        <line num="40" count="15" type="stmt"/>
        <line num="41" count="15" type="stmt"/>
        <line num="42" count="491" type="stmt"/>
        <line num="43" count="491" type="cond" truecount="1" falsecount="0"/>
        <line num="46" count="15" type="stmt"/>
        <line num="47" count="486" type="stmt"/>
        <line num="48" count="486" type="cond" truecount="1" falsecount="0"/>
        <line num="51" count="15" type="stmt"/>
        <line num="52" count="15" type="stmt"/>
        <line num="53" count="15" type="stmt"/>
        <line num="54" count="479" type="stmt"/>
        <line num="55" count="479" type="cond" truecount="1" falsecount="0"/>
        <line num="56" count="33" type="stmt"/>
        <line num="57" count="33" type="stmt"/>
        <line num="59" count="446" type="stmt"/>
        <line num="60" count="446" type="cond" truecount="1" falsecount="0"/>
        <line num="61" count="4" type="stmt"/>
        <line num="62" count="4" type="stmt"/>
        <line num="68" count="15" type="stmt"/>
        <line num="69" count="15" type="stmt"/>
        <line num="70" count="15" type="stmt"/>
        <line num="71" count="15" type="stmt"/>
        <line num="72" count="15" type="stmt"/>
        <line num="73" count="442" type="stmt"/>
        <line num="74" count="442" type="cond" truecount="1" falsecount="0"/>
        <line num="75" count="24" type="stmt"/>
        <line num="76" count="24" type="stmt"/>
        <line num="77" count="24" type="stmt"/>
        <line num="78" count="24" type="stmt"/>
        <line num="79" count="24" type="cond" truecount="1" falsecount="0"/>
        <line num="80" count="5" type="stmt"/>
        <line num="81" count="5" type="stmt"/>
        <line num="82" count="5" type="stmt"/>
        <line num="83" count="5" type="cond" truecount="1" falsecount="1"/>
        <line num="84" count="5" type="stmt"/>
        <line num="85" count="5" type="cond" truecount="1" falsecount="0"/>
        <line num="87" count="24" type="stmt"/>
        <line num="88" count="24" type="stmt"/>
        <line num="89" count="24" type="cond" truecount="1" falsecount="0"/>
        <line num="90" count="24" type="stmt"/>
        <line num="93" count="15" type="stmt"/>
        <line num="94" count="15" type="stmt"/>
        <line num="95" count="15" type="stmt"/>
        <line num="96" count="15" type="stmt"/>
        <line num="97" count="15" type="stmt"/>
        <line num="102" count="75" type="stmt"/>
        <line num="103" count="15" type="stmt"/>
        <line num="104" count="418" type="stmt"/>
        <line num="105" count="418" type="cond" truecount="1" falsecount="0"/>
        <line num="106" count="75" type="stmt"/>
        <line num="107" count="75" type="stmt"/>
        <line num="108" count="75" type="cond" truecount="0" falsecount="1"/>
        <line num="109" count="75" type="stmt"/>
        <line num="110" count="75" type="stmt"/>
        <line num="111" count="75" type="stmt"/>
        <line num="112" count="75" type="stmt"/>
        <line num="113" count="121" type="stmt"/>
        <line num="115" count="121" type="stmt"/>
        <line num="116" count="121" type="cond" truecount="0" falsecount="1"/>
        <line num="117" count="121" type="stmt"/>
        <line num="118" count="121" type="stmt"/>
        <line num="119" count="121" type="cond" truecount="3" falsecount="0"/>
        <line num="120" count="121" type="stmt"/>
        <line num="121" count="121" type="cond" truecount="4" falsecount="0"/>
        <line num="122" count="11" type="stmt"/>
        <line num="123" count="11" type="stmt"/>
        <line num="125" count="121" type="stmt"/>
        <line num="126" count="121" type="cond" truecount="1" falsecount="0"/>
        <line num="127" count="21" type="stmt"/>
        <line num="128" count="21" type="stmt"/>
        <line num="129" count="53" type="cond" truecount="2" falsecount="0"/>
        <line num="130" count="18" type="stmt"/>
        <line num="131" count="21" type="cond" truecount="1" falsecount="0"/>
        <line num="133" count="121" type="stmt"/>
        <line num="140" count="75" type="stmt"/>
        <line num="143" count="15" type="stmt"/>
        <line num="144" count="33" type="stmt"/>
        <line num="145" count="33" type="cond" truecount="1" falsecount="0"/>
        <line num="146" count="19" type="cond" truecount="1" falsecount="1"/>
        <line num="147" count="19" type="stmt"/>
        <line num="149" count="84" type="stmt"/>
        <line num="150" count="33" type="stmt"/>
        <line num="152" count="15" type="stmt"/>
        <line num="153" count="15" type="stmt"/>
        <line num="154" count="343" type="stmt"/>
        <line num="155" count="343" type="cond" truecount="1" falsecount="0"/>
        <line num="156" count="14" type="stmt"/>
        <line num="157" count="14" type="stmt"/>
        <line num="158" count="14" type="stmt"/>
        <line num="161" count="34" type="stmt"/>
        <line num="162" count="34" type="cond" truecount="2" falsecount="0"/>
        <line num="170" count="14" type="cond" truecount="1" falsecount="1"/>
        <line num="171" count="14" type="stmt"/>
        <line num="172" count="34" type="stmt"/>
        <line num="176" count="14" type="stmt"/>
        <line num="180" count="14" type="cond" truecount="3" falsecount="0"/>
        <line num="181" count="14" type="stmt"/>
        <line num="182" count="19" type="stmt"/>
        <line num="183" count="19" type="stmt"/>
        <line num="184" count="19" type="stmt"/>
        <line num="186" count="50" type="stmt"/>
        <line num="193" count="14" type="stmt"/>
        <line num="196" count="15" type="stmt"/>
        <line num="197" count="15" type="stmt"/>
        <line num="198" count="329" type="stmt"/>
        <line num="199" count="329" type="cond" truecount="1" falsecount="0"/>
        <line num="200" count="8" type="stmt"/>
        <line num="201" count="8" type="stmt"/>
        <line num="202" count="8" type="stmt"/>
        <line num="203" count="8" type="stmt"/>
        <line num="204" count="8" type="stmt"/>
        <line num="205" count="8" type="stmt"/>
        <line num="208" count="15" type="stmt"/>
        <line num="209" count="321" type="stmt"/>
        <line num="210" count="321" type="cond" truecount="1" falsecount="0"/>
        <line num="211" count="13" type="stmt"/>
        <line num="212" count="13" type="stmt"/>
        <line num="213" count="13" type="stmt"/>
        <line num="214" count="13" type="stmt"/>
        <line num="222" count="308" type="stmt"/>
        <line num="224" count="15" type="stmt"/>
        <line num="225" count="15" type="stmt"/>
        <line num="226" count="299" type="stmt"/>
        <line num="227" count="299" type="cond" truecount="1" falsecount="0"/>
        <line num="230" count="15" type="stmt"/>
      </file>
      <file name="toHast.ts" path="/home/runner/work/very-small-parser/very-small-parser/src/markdown/block/toHast.ts">
        <metrics statements="91" coveredstatements="90" conditionals="41" coveredconditionals="35" methods="7" coveredmethods="7"/>
        <line num="1" count="2" type="stmt"/>
        <line num="6" count="2" type="stmt"/>
        <line num="7" count="69" type="stmt"/>
        <line num="8" count="69" type="cond" truecount="0" falsecount="1"/>
        <line num="9" count="69" type="stmt"/>
        <line num="10" count="80" type="stmt"/>
        <line num="11" count="69" type="stmt"/>
        <line num="14" count="2" type="stmt"/>
        <line num="15" count="66" type="stmt"/>
        <line num="16" count="66" type="cond" truecount="0" falsecount="1"/>
        <line num="17" count="66" type="stmt"/>
        <line num="18" count="70" type="stmt"/>
        <line num="19" count="66" type="stmt"/>
        <line num="22" count="2" type="stmt"/>
        <line num="27" count="11" type="stmt"/>
        <line num="28" count="11" type="cond" truecount="3" falsecount="0"/>
        <line num="29" count="2" type="stmt"/>
        <line num="32" count="2" type="stmt"/>
        <line num="37" count="109" type="stmt"/>
        <line num="41" count="109" type="cond" truecount="1" falsecount="0"/>
        <line num="42" count="109" type="cond" truecount="1" falsecount="0"/>
        <line num="43" count="109" type="stmt"/>
        <line num="46" count="2" type="stmt"/>
        <line num="51" count="78" type="stmt"/>
        <line num="53" count="11" type="stmt"/>
        <line num="55" count="2" type="stmt"/>
        <line num="56" count="130" type="cond" truecount="0" falsecount="1"/>
        <line num="57" count="130" type="stmt"/>
        <line num="58" count="130" type="cond" truecount="11" falsecount="1"/>
        <line num="60" count="42" type="stmt"/>
        <line num="62" count="3" type="cond" truecount="2" falsecount="0"/>
        <line num="63" count="3" type="stmt"/>
        <line num="68" count="3" type="stmt"/>
        <line num="71" count="6" type="stmt"/>
        <line num="73" count="3" type="stmt"/>
        <line num="74" count="3" type="cond" truecount="1" falsecount="0"/>
        <line num="75" count="3" type="stmt"/>
        <line num="78" count="8" type="stmt"/>
        <line num="79" count="8" type="stmt"/>
        <line num="80" count="8" type="stmt"/>
        <line num="81" count="8" type="stmt"/>
        <line num="82" count="11" type="stmt"/>
        <line num="83" count="11" type="stmt"/>
        <line num="84" count="11" type="stmt"/>
        <line num="85" count="11" type="cond" truecount="1" falsecount="0"/>
        <line num="86" count="11" type="stmt"/>
        <line num="88" count="8" type="stmt"/>
        <line num="89" count="8" type="stmt"/>
        <line num="90" count="8" type="cond" truecount="1" falsecount="0"/>
        <line num="91" count="2" type="stmt"/>
        <line num="92" count="2" type="cond" truecount="1" falsecount="1"/>
        <line num="94" count="8" type="stmt"/>
        <line num="95" count="8" type="stmt"/>
        <line num="98" count="1" type="stmt"/>
        <line num="100" count="2" type="stmt"/>
        <line num="101" count="2" type="stmt"/>
        <line num="102" count="2" type="stmt"/>
        <line num="103" count="2" type="stmt"/>
        <line num="104" count="2" type="stmt"/>
        <line num="105" count="2" type="stmt"/>
        <line num="106" count="2" type="cond" truecount="1" falsecount="0"/>
        <line num="107" count="2" type="stmt"/>
        <line num="108" count="2" type="stmt"/>
        <line num="109" count="6" type="stmt"/>
        <line num="110" count="6" type="cond" truecount="2" falsecount="0"/>
        <line num="111" count="6" type="stmt"/>
        <line num="114" count="2" type="stmt"/>
        <line num="115" count="2" type="stmt"/>
        <line num="116" count="2" type="stmt"/>
        <line num="117" count="2" type="stmt"/>
        <line num="118" count="2" type="stmt"/>
        <line num="119" count="2" type="stmt"/>
        <line num="120" count="2" type="stmt"/>
        <line num="121" count="6" type="stmt"/>
        <line num="122" count="6" type="stmt"/>
        <line num="123" count="6" type="cond" truecount="2" falsecount="0"/>
        <line num="124" count="6" type="stmt"/>
        <line num="126" count="2" type="stmt"/>
        <line num="128" count="2" type="stmt"/>
        <line num="131" count="2" type="stmt"/>
        <line num="134" count="2" type="stmt"/>
        <line num="135" count="2" type="stmt"/>
        <line num="142" count="2" type="stmt"/>
        <line num="149" count="1" type="stmt"/>
        <line num="150" count="1" type="stmt"/>
        <line num="155" count="1" type="stmt"/>
        <line num="158" count="1" type="stmt"/>
        <line num="161" count="1" type="stmt"/>
        <line num="164" count="1" type="stmt"/>
        <line num="166" count="0" type="stmt"/>
        <line num="168" count="60" type="stmt"/>
      </file>
      <file name="toText.ts" path="/home/runner/work/very-small-parser/very-small-parser/src/markdown/block/toText.ts">
        <metrics statements="95" coveredstatements="94" conditionals="64" coveredconditionals="58" methods="4" coveredmethods="4"/>
        <line num="1" count="4" type="stmt"/>
        <line num="2" count="4" type="stmt"/>
        <line num="6" count="4" type="stmt"/>
        <line num="7" count="334" type="cond" truecount="0" falsecount="1"/>
        <line num="8" count="334" type="stmt"/>
        <line num="9" count="334" type="stmt"/>
        <line num="10" count="406" type="stmt"/>
        <line num="11" count="334" type="stmt"/>
        <line num="14" count="4" type="cond" truecount="1" falsecount="0"/>
        <line num="15" count="287" type="cond" truecount="0" falsecount="1"/>
        <line num="16" count="287" type="stmt"/>
        <line num="17" count="287" type="stmt"/>
        <line num="18" count="370" type="cond" truecount="2" falsecount="0"/>
        <line num="19" count="287" type="stmt"/>
        <line num="22" count="4" type="stmt"/>
        <line num="23" count="570" type="cond" truecount="1" falsecount="0"/>
        <line num="24" count="467" type="stmt"/>
        <line num="25" count="467" type="stmt"/>
        <line num="26" count="467" type="cond" truecount="11" falsecount="1"/>
        <line num="28" count="227" type="stmt"/>
        <line num="30" count="18" type="cond" truecount="4" falsecount="0"/>
        <line num="33" count="24" type="stmt"/>
        <line num="34" count="24" type="stmt"/>
        <line num="35" count="24" type="stmt"/>
        <line num="38" count="19" type="cond" truecount="2" falsecount="0"/>
        <line num="39" count="19" type="stmt"/>
        <line num="42" count="41" type="stmt"/>
        <line num="43" count="41" type="cond" truecount="3" falsecount="1"/>
        <line num="44" count="41" type="cond" truecount="1" falsecount="1"/>
        <line num="45" count="41" type="stmt"/>
        <line num="46" count="41" type="stmt"/>
        <line num="47" count="41" type="stmt"/>
        <line num="48" count="41" type="stmt"/>
        <line num="49" count="62" type="stmt"/>
        <line num="50" count="62" type="cond" truecount="2" falsecount="0"/>
        <line num="51" count="62" type="stmt"/>
        <line num="52" count="62" type="stmt"/>
        <line num="53" count="62" type="cond" truecount="4" falsecount="0"/>
        <line num="54" count="53" type="stmt"/>
        <line num="55" count="62" type="cond" truecount="1" falsecount="0"/>
        <line num="57" count="41" type="stmt"/>
        <line num="60" count="4" type="stmt"/>
        <line num="62" count="11" type="stmt"/>
        <line num="63" count="11" type="stmt"/>
        <line num="64" count="31" type="stmt"/>
        <line num="65" count="11" type="stmt"/>
        <line num="66" count="11" type="stmt"/>
        <line num="67" count="11" type="stmt"/>
        <line num="69" count="11" type="stmt"/>
        <line num="70" count="28" type="stmt"/>
        <line num="71" count="28" type="stmt"/>
        <line num="72" count="28" type="stmt"/>
        <line num="73" count="28" type="stmt"/>
        <line num="74" count="28" type="stmt"/>
        <line num="75" count="83" type="stmt"/>
        <line num="76" count="83" type="stmt"/>
        <line num="77" count="83" type="stmt"/>
        <line num="78" count="83" type="stmt"/>
        <line num="79" count="83" type="cond" truecount="1" falsecount="0"/>
        <line num="80" count="44" type="stmt"/>
        <line num="81" count="44" type="stmt"/>
        <line num="85" count="11" type="stmt"/>
        <line num="87" count="11" type="stmt"/>
        <line num="88" count="28" type="stmt"/>
        <line num="89" count="28" type="stmt"/>
        <line num="90" count="83" type="stmt"/>
        <line num="91" count="83" type="stmt"/>
        <line num="92" count="83" type="stmt"/>
        <line num="93" count="83" type="stmt"/>
        <line num="95" count="83" type="cond" truecount="4" falsecount="0"/>
        <line num="96" count="83" type="cond" truecount="1" falsecount="0"/>
        <line num="97" count="83" type="stmt"/>
        <line num="101" count="11" type="stmt"/>
        <line num="103" count="11" type="stmt"/>
        <line num="104" count="31" type="stmt"/>
        <line num="105" count="31" type="cond" truecount="2" falsecount="0"/>
        <line num="106" count="31" type="stmt"/>
        <line num="112" count="11" type="stmt"/>
        <line num="114" count="17" type="stmt"/>
        <line num="115" count="11" type="stmt"/>
        <line num="118" count="11" type="stmt"/>
        <line num="119" count="11" type="stmt"/>
        <line num="120" count="11" type="cond" truecount="4" falsecount="0"/>
        <line num="121" count="10" type="stmt"/>
        <line num="122" count="11" type="cond" truecount="1" falsecount="0"/>
        <line num="123" count="6" type="cond" truecount="2" falsecount="0"/>
        <line num="124" count="6" type="stmt"/>
        <line num="125" count="6" type="cond" truecount="2" falsecount="0"/>
        <line num="127" count="11" type="stmt"/>
        <line num="130" count="6" type="stmt"/>
        <line num="131" count="6" type="stmt"/>
        <line num="134" count="4" type="stmt"/>
        <line num="136" count="5" type="stmt"/>
        <line num="138" count="0" type="stmt"/>
        <line num="140" count="97" type="cond" truecount="1" falsecount="1"/>
      </file>
    </package>
    <package name="src.markdown.block.__tests__">
      <metrics statements="8" coveredstatements="8" conditionals="0" coveredconditionals="0" methods="2" coveredmethods="2"/>
      <file name="setup.ts" path="/home/runner/work/very-small-parser/very-small-parser/src/markdown/block/__tests__/setup.ts">
        <metrics statements="7" coveredstatements="7" conditionals="0" coveredconditionals="0" methods="2" coveredmethods="2"/>
        <line num="1" count="7" type="stmt"/>
        <line num="4" count="7" type="stmt"/>
        <line num="5" count="110" type="stmt"/>
        <line num="7" count="110" type="stmt"/>
        <line num="10" count="7" type="stmt"/>
        <line num="11" count="60" type="stmt"/>
        <line num="13" count="60" type="stmt"/>
      </file>
      <file name="toHast.fixtures.ts" path="/home/runner/work/very-small-parser/very-small-parser/src/markdown/block/__tests__/toHast.fixtures.ts">
        <metrics statements="1" coveredstatements="1" conditionals="0" coveredconditionals="0" methods="0" coveredmethods="0"/>
        <line num="1" count="1" type="stmt"/>
      </file>
    </package>
    <package name="src.markdown.inline">
      <metrics statements="230" coveredstatements="228" conditionals="123" coveredconditionals="118" methods="29" coveredmethods="29"/>
      <file name="MdInlineParser.ts" path="/home/runner/work/very-small-parser/very-small-parser/src/markdown/inline/MdInlineParser.ts">
        <metrics statements="16" coveredstatements="16" conditionals="4" coveredconditionals="4" methods="2" coveredmethods="2"/>
        <line num="1" count="23" type="stmt"/>
        <line num="9" count="23" type="stmt"/>
        <line num="12" count="23" type="stmt"/>
        <line num="16" count="741" type="stmt"/>
        <line num="18" count="741" type="stmt"/>
        <line num="19" count="741" type="stmt"/>
        <line num="21" count="741" type="stmt"/>
        <line num="22" count="998" type="stmt"/>
        <line num="23" count="998" type="cond" truecount="2" falsecount="0"/>
        <line num="24" count="689" type="cond" truecount="2" falsecount="0"/>
        <line num="25" count="46" type="stmt"/>
        <line num="26" count="46" type="stmt"/>
        <line num="27" count="643" type="stmt"/>
        <line num="29" count="309" type="stmt"/>
        <line num="30" count="309" type="stmt"/>
        <line num="33" count="741" type="stmt"/>
      </file>
      <file name="index.ts" path="/home/runner/work/very-small-parser/very-small-parser/src/markdown/inline/index.ts">
        <metrics statements="3" coveredstatements="3" conditionals="0" coveredconditionals="0" methods="0" coveredmethods="0"/>
        <line num="1" count="23" type="stmt"/>
        <line num="2" count="23" type="stmt"/>
        <line num="4" count="23" type="stmt"/>
      </file>
      <file name="parsers.ts" path="/home/runner/work/very-small-parser/very-small-parser/src/markdown/inline/parsers.ts">
        <metrics statements="115" coveredstatements="115" conditionals="45" coveredconditionals="44" methods="18" coveredmethods="18"/>
        <line num="1" count="23" type="stmt"/>
        <line num="2" count="23" type="stmt"/>
        <line num="3" count="23" type="stmt"/>
        <line num="8" count="23" type="stmt"/>
        <line num="9" count="23" type="stmt"/>
        <line num="10" count="995" type="stmt"/>
        <line num="11" count="995" type="cond" truecount="1" falsecount="0"/>
        <line num="12" count="11" type="stmt"/>
        <line num="19" count="23" type="stmt"/>
        <line num="20" count="23" type="stmt"/>
        <line num="21" count="984" type="stmt"/>
        <line num="22" count="984" type="cond" truecount="1" falsecount="0"/>
        <line num="23" count="30" type="cond" truecount="4" falsecount="0"/>
        <line num="24" count="30" type="stmt"/>
        <line num="28" count="23" type="stmt"/>
        <line num="29" count="23" type="stmt"/>
        <line num="30" count="954" type="stmt"/>
        <line num="31" count="954" type="cond" truecount="1" falsecount="0"/>
        <line num="32" count="30" type="cond" truecount="6" falsecount="0"/>
        <line num="33" count="30" type="stmt"/>
        <line num="36" count="23" type="stmt"/>
        <line num="37" count="23" type="stmt"/>
        <line num="38" count="914" type="stmt"/>
        <line num="39" count="914" type="cond" truecount="1" falsecount="0"/>
        <line num="42" count="23" type="stmt"/>
        <line num="43" count="23" type="stmt"/>
        <line num="44" count="924" type="stmt"/>
        <line num="45" count="924" type="cond" truecount="1" falsecount="0"/>
        <line num="46" count="10" type="cond" truecount="2" falsecount="0"/>
        <line num="47" count="10" type="stmt"/>
        <line num="50" count="23" type="stmt"/>
        <line num="51" count="23" type="stmt"/>
        <line num="52" count="905" type="stmt"/>
        <line num="53" count="905" type="cond" truecount="1" falsecount="0"/>
        <line num="56" count="23" type="stmt"/>
        <line num="57" count="23" type="stmt"/>
        <line num="58" count="893" type="stmt"/>
        <line num="59" count="893" type="cond" truecount="1" falsecount="0"/>
        <line num="60" count="11" type="stmt"/>
        <line num="61" count="11" type="stmt"/>
        <line num="62" count="11" type="stmt"/>
        <line num="65" count="23" type="stmt"/>
        <line num="66" count="23" type="stmt"/>
        <line num="67" count="836" type="stmt"/>
        <line num="68" count="836" type="cond" truecount="1" falsecount="0"/>
        <line num="69" count="42" type="stmt"/>
        <line num="70" count="42" type="stmt"/>
        <line num="71" count="42" type="cond" truecount="2" falsecount="0"/>
        <line num="72" count="42" type="stmt"/>
        <line num="73" count="42" type="stmt"/>
        <line num="74" count="42" type="stmt"/>
        <line num="75" count="42" type="cond" truecount="1" falsecount="0"/>
        <line num="76" count="19" type="stmt"/>
        <line num="77" count="19" type="cond" truecount="2" falsecount="0"/>
        <line num="79" count="42" type="stmt"/>
        <line num="80" count="42" type="cond" truecount="4" falsecount="0"/>
        <line num="81" count="23" type="stmt"/>
        <line num="82" count="42" type="stmt"/>
        <line num="85" count="23" type="stmt"/>
        <line num="86" count="23" type="stmt"/>
        <line num="87" count="794" type="stmt"/>
        <line num="88" count="794" type="cond" truecount="1" falsecount="0"/>
        <line num="89" count="6" type="stmt"/>
        <line num="90" count="6" type="stmt"/>
        <line num="93" count="23" type="stmt"/>
        <line num="94" count="23" type="stmt"/>
        <line num="96" count="23" type="stmt"/>
        <line num="97" count="23" type="stmt"/>
        <line num="99" count="23" type="stmt"/>
        <line num="100" count="23" type="stmt"/>
        <line num="102" count="23" type="stmt"/>
        <line num="103" count="23" type="stmt"/>
        <line num="104" count="760" type="stmt"/>
        <line num="105" count="760" type="cond" truecount="1" falsecount="0"/>
        <line num="106" count="28" type="cond" truecount="2" falsecount="0"/>
        <line num="107" count="28" type="stmt"/>
        <line num="110" count="23" type="stmt"/>
        <line num="111" count="23" type="stmt"/>
        <line num="113" count="23" type="stmt"/>
        <line num="114" count="23" type="stmt"/>
        <line num="115" count="23" type="stmt"/>
        <line num="116" count="723" type="cond" truecount="2" falsecount="0"/>
        <line num="117" count="723" type="cond" truecount="1" falsecount="0"/>
        <line num="120" count="23" type="cond" truecount="1" falsecount="0"/>
        <line num="121" count="23" type="stmt"/>
        <line num="122" count="23" type="stmt"/>
        <line num="123" count="23" type="stmt"/>
        <line num="124" count="719" type="cond" truecount="2" falsecount="0"/>
        <line num="125" count="719" type="cond" truecount="1" falsecount="0"/>
        <line num="130" count="23" type="stmt"/>
        <line num="131" count="23" type="stmt"/>
        <line num="132" count="23" type="stmt"/>
        <line num="133" count="882" type="stmt"/>
        <line num="134" count="882" type="cond" truecount="1" falsecount="0"/>
        <line num="135" count="46" type="stmt"/>
        <line num="136" count="46" type="stmt"/>
        <line num="137" count="46" type="cond" truecount="1" falsecount="0"/>
        <line num="138" count="46" type="cond" truecount="1" falsecount="0"/>
        <line num="139" count="22" type="stmt"/>
        <line num="144" count="24" type="stmt"/>
        <line num="150" count="23" type="stmt"/>
        <line num="152" count="686" type="stmt"/>
        <line num="166" count="23" type="stmt"/>
        <line num="169" count="23" type="stmt"/>
        <line num="170" count="686" type="stmt"/>
        <line num="171" count="686" type="cond" truecount="0" falsecount="1"/>
        <line num="172" count="686" type="stmt"/>
        <line num="173" count="686" type="stmt"/>
        <line num="174" count="686" type="stmt"/>
        <line num="177" count="23" type="stmt"/>
        <line num="178" count="23" type="stmt"/>
        <line num="179" count="998" type="stmt"/>
        <line num="180" count="998" type="cond" truecount="1" falsecount="0"/>
        <line num="183" count="697" type="stmt"/>
        <line num="185" count="23" type="stmt"/>
      </file>
      <file name="toHast.ts" path="/home/runner/work/very-small-parser/very-small-parser/src/markdown/inline/toHast.ts">
        <metrics statements="54" coveredstatements="53" conditionals="34" coveredconditionals="32" methods="7" coveredmethods="7"/>
        <line num="5" count="3" type="stmt"/>
        <line num="6" count="72" type="stmt"/>
        <line num="7" count="72" type="cond" truecount="1" falsecount="0"/>
        <line num="8" count="64" type="stmt"/>
        <line num="9" count="74" type="stmt"/>
        <line num="10" count="64" type="stmt"/>
        <line num="13" count="6" type="stmt"/>
        <line num="15" count="3" type="stmt"/>
        <line num="20" count="57" type="stmt"/>
        <line num="24" count="57" type="cond" truecount="1" falsecount="0"/>
        <line num="25" count="57" type="cond" truecount="1" falsecount="0"/>
        <line num="26" count="57" type="stmt"/>
        <line num="29" count="3" type="stmt"/>
        <line num="34" count="55" type="stmt"/>
        <line num="36" count="3" type="stmt"/>
        <line num="41" count="16" type="stmt"/>
        <line num="43" count="3" type="stmt"/>
        <line num="48" count="8" type="stmt"/>
        <line num="49" count="8" type="stmt"/>
        <line num="55" count="8" type="stmt"/>
        <line num="58" count="3" type="stmt"/>
        <line num="59" count="185" type="stmt"/>
        <line num="60" count="185" type="cond" truecount="21" falsecount="1"/>
        <line num="62" count="90" type="stmt"/>
        <line num="64" count="2" type="stmt"/>
        <line num="66" count="7" type="stmt"/>
        <line num="68" count="6" type="stmt"/>
        <line num="70" count="2" type="stmt"/>
        <line num="72" count="4" type="stmt"/>
        <line num="74" count="2" type="cond" truecount="1" falsecount="1"/>
        <line num="76" count="2" type="stmt"/>
        <line num="78" count="2" type="stmt"/>
        <line num="80" count="4" type="stmt"/>
        <line num="81" count="4" type="cond" truecount="2" falsecount="0"/>
        <line num="84" count="4" type="stmt"/>
        <line num="85" count="4" type="stmt"/>
        <line num="86" count="4" type="cond" truecount="1" falsecount="0"/>
        <line num="87" count="4" type="stmt"/>
        <line num="90" count="6" type="stmt"/>
        <line num="91" count="6" type="stmt"/>
        <line num="92" count="6" type="cond" truecount="1" falsecount="0"/>
        <line num="93" count="6" type="cond" truecount="1" falsecount="0"/>
        <line num="94" count="6" type="stmt"/>
        <line num="97" count="2" type="stmt"/>
        <line num="99" count="2" type="stmt"/>
        <line num="101" count="2" type="stmt"/>
        <line num="103" count="2" type="stmt"/>
        <line num="105" count="6" type="stmt"/>
        <line num="107" count="2" type="stmt"/>
        <line num="109" count="2" type="stmt"/>
        <line num="111" count="4" type="stmt"/>
        <line num="116" count="1" type="stmt"/>
        <line num="118" count="0" type="stmt"/>
        <line num="120" count="31" type="stmt"/>
      </file>
      <file name="toText.ts" path="/home/runner/work/very-small-parser/very-small-parser/src/markdown/inline/toText.ts">
        <metrics statements="42" coveredstatements="41" conditionals="40" coveredconditionals="38" methods="2" coveredmethods="2"/>
        <line num="1" count="5" type="stmt"/>
        <line num="5" count="5" type="stmt"/>
        <line num="6" count="138" type="cond" truecount="0" falsecount="1"/>
        <line num="7" count="138" type="stmt"/>
        <line num="8" count="138" type="stmt"/>
        <line num="9" count="146" type="stmt"/>
        <line num="10" count="138" type="stmt"/>
        <line num="17" count="5" type="cond" truecount="1" falsecount="0"/>
        <line num="18" count="599" type="cond" truecount="1" falsecount="0"/>
        <line num="19" count="552" type="stmt"/>
        <line num="20" count="552" type="stmt"/>
        <line num="21" count="552" type="cond" truecount="21" falsecount="1"/>
        <line num="23" count="367" type="stmt"/>
        <line num="25" count="11" type="stmt"/>
        <line num="27" count="18" type="stmt"/>
        <line num="28" count="18" type="cond" truecount="2" falsecount="0"/>
        <line num="31" count="9" type="stmt"/>
        <line num="32" count="9" type="cond" truecount="2" falsecount="0"/>
        <line num="35" count="5" type="stmt"/>
        <line num="37" count="4" type="stmt"/>
        <line num="39" count="7" type="stmt"/>
        <line num="41" count="6" type="stmt"/>
        <line num="44" count="28" type="stmt"/>
        <line num="45" count="28" type="cond" truecount="2" falsecount="0"/>
        <line num="46" count="28" type="cond" truecount="3" falsecount="0"/>
        <line num="48" count="14" type="stmt"/>
        <line num="52" count="8" type="stmt"/>
        <line num="55" count="6" type="stmt"/>
        <line num="60" count="30" type="stmt"/>
        <line num="61" count="30" type="cond" truecount="2" falsecount="0"/>
        <line num="62" count="30" type="cond" truecount="2" falsecount="0"/>
        <line num="65" count="3" type="stmt"/>
        <line num="67" count="5" type="stmt"/>
        <line num="69" count="4" type="stmt"/>
        <line num="71" count="5" type="stmt"/>
        <line num="73" count="12" type="stmt"/>
        <line num="75" count="4" type="stmt"/>
        <line num="77" count="1" type="stmt"/>
        <line num="79" count="10" type="stmt"/>
        <line num="81" count="8" type="stmt"/>
        <line num="83" count="0" type="stmt"/>
        <line num="85" count="15" type="stmt"/>
      </file>
    </package>
    <package name="src.markdown.inline.__tests__">
      <metrics statements="6" coveredstatements="6" conditionals="0" coveredconditionals="0" methods="1" coveredmethods="1"/>
      <file name="setup.ts" path="/home/runner/work/very-small-parser/very-small-parser/src/markdown/inline/__tests__/setup.ts">
        <metrics statements="4" coveredstatements="4" conditionals="0" coveredconditionals="0" methods="1" coveredmethods="1"/>
        <line num="1" count="8" type="stmt"/>
        <line num="4" count="8" type="stmt"/>
        <line num="5" count="103" type="stmt"/>
        <line num="7" count="103" type="stmt"/>
      </file>
      <file name="toHast.fixtures.ts" path="/home/runner/work/very-small-parser/very-small-parser/src/markdown/inline/__tests__/toHast.fixtures.ts">
        <metrics statements="1" coveredstatements="1" conditionals="0" coveredconditionals="0" methods="0" coveredmethods="0"/>
        <line num="1" count="2" type="stmt"/>
      </file>
      <file name="toText.fixtures.ts" path="/home/runner/work/very-small-parser/very-small-parser/src/markdown/inline/__tests__/toText.fixtures.ts">
        <metrics statements="1" coveredstatements="1" conditionals="0" coveredconditionals="0" methods="0" coveredmethods="0"/>
        <line num="1" count="2" type="stmt"/>
      </file>
    </package>
  </project>
</coverage>
