<?xml version="1.0" encoding="UTF-8"?>
<coverage generated="1732706094889" clover="3.2.0">
  <project timestamp="1732706094889" name="All files">
    <metrics statements="440" coveredstatements="439" conditionals="134" coveredconditionals="121" methods="69" coveredmethods="68" elements="643" coveredelements="628" complexity="0" loc="440" ncloc="440" packages="10" files="19" classes="19"/>
    <package name="src">
      <metrics statements="40" coveredstatements="40" conditionals="11" coveredconditionals="10" methods="11" coveredmethods="11"/>
      <file name="Parser.ts" path="/home/runner/work/very-small-parser/very-small-parser/src/Parser.ts">
        <metrics statements="4" coveredstatements="4" conditionals="0" coveredconditionals="0" methods="2" coveredmethods="2"/>
        <line num="2" count="18" type="stmt"/>
        <line num="8" count="18" type="stmt"/>
        <line num="12" count="40" type="stmt"/>
        <line num="16" count="363" type="stmt"/>
      </file>
      <file name="util.ts" path="/home/runner/work/very-small-parser/very-small-parser/src/util.ts">
        <metrics statements="36" coveredstatements="36" conditionals="11" coveredconditionals="10" methods="9" coveredmethods="9"/>
        <line num="3" count="20" type="stmt"/>
        <line num="5" count="20" type="stmt"/>
        <line num="12" count="4114" type="stmt"/>
        <line num="13" count="4114" type="cond" truecount="1" falsecount="0"/>
        <line num="14" count="4114" type="cond" truecount="1" falsecount="0"/>
        <line num="15" count="4114" type="cond" truecount="1" falsecount="0"/>
        <line num="16" count="4114" type="stmt"/>
        <line num="19" count="20" type="stmt"/>
        <line num="24" count="1215" type="stmt"/>
        <line num="25" count="1215" type="stmt"/>
        <line num="26" count="1215" type="stmt"/>
        <line num="27" count="1215" type="stmt"/>
        <line num="28" count="1215" type="stmt"/>
        <line num="29" count="1790" type="stmt"/>
        <line num="30" count="1790" type="cond" truecount="1" falsecount="0"/>
        <line num="31" count="1285" type="cond" truecount="1" falsecount="0"/>
        <line num="32" count="1285" type="cond" truecount="1" falsecount="1"/>
        <line num="33" count="1285" type="stmt"/>
        <line num="35" count="1215" type="stmt"/>
        <line num="38" count="20" type="stmt"/>
        <line num="42" count="363" type="stmt"/>
        <line num="44" count="20" type="stmt"/>
        <line num="45" count="382" type="stmt"/>
        <line num="46" count="382" type="stmt"/>
        <line num="47" count="8360" type="stmt"/>
        <line num="48" count="24345" type="stmt"/>
        <line num="49" count="24345" type="stmt"/>
        <line num="50" count="24345" type="cond" truecount="1" falsecount="0"/>
        <line num="52" count="2723" type="stmt"/>
        <line num="56" count="20" type="stmt"/>
        <line num="57" count="20" type="stmt"/>
        <line num="58" count="56" type="stmt"/>
        <line num="59" count="1133" type="stmt"/>
        <line num="60" count="1133" type="cond" truecount="2" falsecount="0"/>
        <line num="63" count="1483" type="stmt"/>
        <line num="64" count="1736" type="stmt"/>
      </file>
    </package>
    <package name="src.css">
      <metrics statements="12" coveredstatements="12" conditionals="4" coveredconditionals="4" methods="1" coveredmethods="1"/>
      <file name="index.ts" path="/home/runner/work/very-small-parser/very-small-parser/src/css/index.ts">
        <metrics statements="12" coveredstatements="12" conditionals="4" coveredconditionals="4" methods="1" coveredmethods="1"/>
        <line num="1" count="1" type="stmt"/>
        <line num="2" count="1" type="stmt"/>
        <line num="3" count="1" type="stmt"/>
        <line num="4" count="1" type="stmt"/>
        <line num="5" count="1" type="stmt"/>
        <line num="6" count="12" type="stmt"/>
        <line num="7" count="12" type="stmt"/>
        <line num="8" count="12" type="cond" truecount="1" falsecount="0"/>
        <line num="9" count="11" type="stmt"/>
        <line num="10" count="11" type="stmt"/>
        <line num="11" count="11" type="cond" truecount="3" falsecount="0"/>
        <line num="13" count="1" type="stmt"/>
      </file>
    </package>
    <package name="src.html">
      <metrics statements="71" coveredstatements="70" conditionals="13" coveredconditionals="10" methods="7" coveredmethods="7"/>
      <file name="HtmlParser.ts" path="/home/runner/work/very-small-parser/very-small-parser/src/html/HtmlParser.ts">
        <metrics statements="26" coveredstatements="26" conditionals="3" coveredconditionals="2" methods="4" coveredmethods="4"/>
        <line num="1" count="18" type="stmt"/>
        <line num="2" count="18" type="stmt"/>
        <line num="3" count="18" type="stmt"/>
        <line num="11" count="18" type="stmt"/>
        <line num="15" count="18" type="stmt"/>
        <line num="16" count="18" type="stmt"/>
        <line num="20" count="1023" type="stmt"/>
        <line num="21" count="1023" type="stmt"/>
        <line num="22" count="1023" type="stmt"/>
        <line num="23" count="1023" type="stmt"/>
        <line num="24" count="1023" type="stmt"/>
        <line num="25" count="6569" type="stmt"/>
        <line num="26" count="6569" type="cond" truecount="1" falsecount="0"/>
        <line num="27" count="2218" type="stmt"/>
        <line num="32" count="2218" type="stmt"/>
        <line num="33" count="2218" type="stmt"/>
        <line num="34" count="2218" type="stmt"/>
        <line num="35" count="2218" type="stmt"/>
        <line num="37" count="4351" type="stmt"/>
        <line num="38" count="4351" type="cond" truecount="1" falsecount="1"/>
        <line num="39" count="4351" type="stmt"/>
        <line num="41" count="1023" type="stmt"/>
        <line num="45" count="852" type="stmt"/>
        <line num="46" count="852" type="stmt"/>
        <line num="47" count="852" type="stmt"/>
        <line num="51" count="334" type="stmt"/>
      </file>
      <file name="index.ts" path="/home/runner/work/very-small-parser/very-small-parser/src/html/index.ts">
        <metrics statements="3" coveredstatements="3" conditionals="0" coveredconditionals="0" methods="0" coveredmethods="0"/>
        <line num="1" count="18" type="stmt"/>
        <line num="2" count="18" type="stmt"/>
        <line num="4" count="18" type="stmt"/>
      </file>
      <file name="parsers.ts" path="/home/runner/work/very-small-parser/very-small-parser/src/html/parsers.ts">
        <metrics statements="42" coveredstatements="41" conditionals="10" coveredconditionals="8" methods="3" coveredmethods="3"/>
        <line num="1" count="18" type="stmt"/>
        <line num="2" count="18" type="stmt"/>
        <line num="7" count="18" type="stmt"/>
        <line num="8" count="18" type="stmt"/>
        <line num="9" count="4685" type="stmt"/>
        <line num="10" count="4685" type="cond" truecount="1" falsecount="0"/>
        <line num="11" count="446" type="stmt"/>
        <line num="12" count="446" type="stmt"/>
        <line num="13" count="446" type="stmt"/>
        <line num="17" count="18" type="stmt"/>
        <line num="18" count="18" type="stmt"/>
        <line num="19" count="7839" type="stmt"/>
        <line num="20" count="7839" type="cond" truecount="1" falsecount="0"/>
        <line num="21" count="3154" type="stmt"/>
        <line num="22" count="3154" type="stmt"/>
        <line num="25" count="18" type="stmt"/>
        <line num="26" count="18" type="stmt"/>
        <line num="27" count="18" type="stmt"/>
        <line num="28" count="18" type="stmt"/>
        <line num="29" count="18" type="stmt"/>
        <line num="30" count="4573" type="stmt"/>
        <line num="31" count="4573" type="cond" truecount="1" falsecount="0"/>
        <line num="32" count="1526" type="stmt"/>
        <line num="33" count="1526" type="stmt"/>
        <line num="34" count="1526" type="stmt"/>
        <line num="35" count="1526" type="stmt"/>
        <line num="36" count="1526" type="cond" truecount="1" falsecount="0"/>
        <line num="37" count="386" type="stmt"/>
        <line num="38" count="386" type="stmt"/>
        <line num="40" count="1526" type="stmt"/>
        <line num="47" count="1526" type="cond" truecount="1" falsecount="0"/>
        <line num="48" count="852" type="stmt"/>
        <line num="49" count="852" type="stmt"/>
        <line num="50" count="852" type="stmt"/>
        <line num="51" count="852" type="cond" truecount="1" falsecount="1"/>
        <line num="52" count="0" type="stmt"/>
        <line num="54" count="852" type="stmt"/>
        <line num="55" count="852" type="cond" truecount="1" falsecount="0"/>
        <line num="56" count="173" type="cond" truecount="1" falsecount="1"/>
        <line num="58" count="173" type="stmt"/>
        <line num="60" count="847" type="stmt"/>
        <line num="63" count="18" type="stmt"/>
      </file>
    </package>
    <package name="src.html.__tests__">
      <metrics statements="4" coveredstatements="4" conditionals="0" coveredconditionals="0" methods="1" coveredmethods="1"/>
      <file name="setup.ts" path="/home/runner/work/very-small-parser/very-small-parser/src/html/__tests__/setup.ts">
        <metrics statements="4" coveredstatements="4" conditionals="0" coveredconditionals="0" methods="1" coveredmethods="1"/>
        <line num="1" count="3" type="stmt"/>
        <line num="4" count="3" type="stmt"/>
        <line num="5" count="1023" type="stmt"/>
        <line num="7" count="1023" type="stmt"/>
      </file>
    </package>
    <package name="src.markdown">
      <metrics statements="25" coveredstatements="25" conditionals="10" coveredconditionals="10" methods="4" coveredmethods="3"/>
      <file name="index.ts" path="/home/runner/work/very-small-parser/very-small-parser/src/markdown/index.ts">
        <metrics statements="2" coveredstatements="2" conditionals="0" coveredconditionals="0" methods="2" coveredmethods="1"/>
        <line num="3" count="6" type="stmt"/>
        <line num="4" count="123" type="stmt"/>
      </file>
      <file name="is.ts" path="/home/runner/work/very-small-parser/very-small-parser/src/markdown/is.ts">
        <metrics statements="12" coveredstatements="12" conditionals="10" coveredconditionals="10" methods="1" coveredmethods="1"/>
        <line num="2" count="1" type="stmt"/>
        <line num="5" count="1" type="stmt"/>
        <line num="8" count="1" type="stmt"/>
        <line num="11" count="1" type="stmt"/>
        <line num="14" count="1" type="stmt"/>
        <line num="17" count="1" type="stmt"/>
        <line num="20" count="1" type="stmt"/>
        <line num="23" count="1" type="stmt"/>
        <line num="26" count="1" type="stmt"/>
        <line num="29" count="1" type="stmt"/>
        <line num="36" count="1" type="stmt"/>
        <line num="37" count="34" type="cond" truecount="10" falsecount="0"/>
      </file>
      <file name="regex.ts" path="/home/runner/work/very-small-parser/very-small-parser/src/markdown/regex.ts">
        <metrics statements="11" coveredstatements="11" conditionals="0" coveredconditionals="0" methods="1" coveredmethods="1"/>
        <line num="1" count="19" type="stmt"/>
        <line num="3" count="19" type="stmt"/>
        <line num="4" count="93" type="stmt"/>
        <line num="5" count="157" type="stmt"/>
        <line num="6" count="93" type="stmt"/>
        <line num="9" count="19" type="stmt"/>
        <line num="10" count="19" type="stmt"/>
        <line num="11" count="19" type="stmt"/>
        <line num="13" count="19" type="stmt"/>
        <line num="14" count="19" type="stmt"/>
        <line num="15" count="19" type="stmt"/>
      </file>
    </package>
    <package name="src.markdown.__tests__">
      <metrics statements="7" coveredstatements="7" conditionals="0" coveredconditionals="0" methods="2" coveredmethods="2"/>
      <file name="setup.ts" path="/home/runner/work/very-small-parser/very-small-parser/src/markdown/__tests__/setup.ts">
        <metrics statements="7" coveredstatements="7" conditionals="0" coveredconditionals="0" methods="2" coveredmethods="2"/>
        <line num="1" count="6" type="stmt"/>
        <line num="4" count="6" type="stmt"/>
        <line num="5" count="62" type="stmt"/>
        <line num="7" count="62" type="stmt"/>
        <line num="10" count="6" type="stmt"/>
        <line num="11" count="55" type="stmt"/>
        <line num="13" count="55" type="stmt"/>
      </file>
    </package>
    <package name="src.markdown.block">
      <metrics statements="144" coveredstatements="144" conditionals="49" coveredconditionals="42" methods="21" coveredmethods="21"/>
      <file name="MdBlockParser.ts" path="/home/runner/work/very-small-parser/very-small-parser/src/markdown/block/MdBlockParser.ts">
        <metrics statements="7" coveredstatements="7" conditionals="0" coveredconditionals="0" methods="3" coveredmethods="3"/>
        <line num="1" count="8" type="stmt"/>
        <line num="12" count="8" type="stmt"/>
        <line num="16" count="8" type="stmt"/>
        <line num="17" count="8" type="stmt"/>
        <line num="21" count="62" type="stmt"/>
        <line num="26" count="62" type="stmt"/>
        <line num="30" count="99" type="stmt"/>
      </file>
      <file name="index.ts" path="/home/runner/work/very-small-parser/very-small-parser/src/markdown/block/index.ts">
        <metrics statements="4" coveredstatements="4" conditionals="0" coveredconditionals="0" methods="0" coveredmethods="0"/>
        <line num="1" count="8" type="stmt"/>
        <line num="2" count="8" type="stmt"/>
        <line num="3" count="8" type="stmt"/>
        <line num="5" count="8" type="stmt"/>
      </file>
      <file name="parsers.ts" path="/home/runner/work/very-small-parser/very-small-parser/src/markdown/block/parsers.ts">
        <metrics statements="133" coveredstatements="133" conditionals="49" coveredconditionals="42" methods="18" coveredmethods="18"/>
        <line num="1" count="8" type="stmt"/>
        <line num="2" count="8" type="stmt"/>
        <line num="3" count="8" type="stmt"/>
        <line num="9" count="8" type="stmt"/>
        <line num="10" count="8" type="stmt"/>
        <line num="11" count="154" type="stmt"/>
        <line num="12" count="154" type="cond" truecount="1" falsecount="0"/>
        <line num="15" count="8" type="stmt"/>
        <line num="16" count="8" type="stmt"/>
        <line num="17" count="148" type="stmt"/>
        <line num="18" count="148" type="cond" truecount="1" falsecount="0"/>
        <line num="19" count="4" type="stmt"/>
        <line num="20" count="4" type="stmt"/>
        <line num="24" count="4" type="stmt"/>
        <line num="27" count="8" type="stmt"/>
        <line num="28" count="8" type="stmt"/>
        <line num="29" count="144" type="stmt"/>
        <line num="30" count="144" type="cond" truecount="1" falsecount="0"/>
        <line num="31" count="10" type="stmt"/>
        <line num="32" count="10" type="stmt"/>
        <line num="37" count="10" type="stmt"/>
        <line num="40" count="8" type="stmt"/>
        <line num="41" count="8" type="stmt"/>
        <line num="42" count="134" type="stmt"/>
        <line num="43" count="134" type="cond" truecount="1" falsecount="0"/>
        <line num="46" count="8" type="stmt"/>
        <line num="47" count="132" type="stmt"/>
        <line num="48" count="132" type="cond" truecount="1" falsecount="0"/>
        <line num="51" count="8" type="stmt"/>
        <line num="52" count="8" type="stmt"/>
        <line num="53" count="8" type="stmt"/>
        <line num="54" count="129" type="stmt"/>
        <line num="55" count="129" type="cond" truecount="1" falsecount="0"/>
        <line num="56" count="12" type="stmt"/>
        <line num="57" count="12" type="stmt"/>
        <line num="59" count="117" type="stmt"/>
        <line num="60" count="117" type="cond" truecount="1" falsecount="0"/>
        <line num="61" count="2" type="stmt"/>
        <line num="62" count="2" type="stmt"/>
        <line num="68" count="8" type="stmt"/>
        <line num="69" count="8" type="stmt"/>
        <line num="70" count="115" type="stmt"/>
        <line num="71" count="115" type="cond" truecount="1" falsecount="0"/>
        <line num="72" count="5" type="stmt"/>
        <line num="73" count="5" type="stmt"/>
        <line num="74" count="5" type="stmt"/>
        <line num="75" count="5" type="stmt"/>
        <line num="78" count="8" type="stmt"/>
        <line num="79" count="8" type="stmt"/>
        <line num="80" count="8" type="stmt"/>
        <line num="81" count="8" type="stmt"/>
        <line num="86" count="25" type="stmt"/>
        <line num="87" count="8" type="stmt"/>
        <line num="88" count="110" type="stmt"/>
        <line num="89" count="110" type="cond" truecount="1" falsecount="0"/>
        <line num="90" count="25" type="stmt"/>
        <line num="91" count="25" type="stmt"/>
        <line num="92" count="25" type="cond" truecount="0" falsecount="1"/>
        <line num="93" count="25" type="stmt"/>
        <line num="94" count="25" type="stmt"/>
        <line num="95" count="25" type="stmt"/>
        <line num="96" count="25" type="stmt"/>
        <line num="97" count="25" type="stmt"/>
        <line num="98" count="25" type="stmt"/>
        <line num="99" count="44" type="stmt"/>
        <line num="100" count="44" type="stmt"/>
        <line num="101" count="44" type="cond" truecount="0" falsecount="1"/>
        <line num="102" count="44" type="stmt"/>
        <line num="103" count="44" type="stmt"/>
        <line num="104" count="44" type="cond" truecount="3" falsecount="0"/>
        <line num="105" count="6" type="stmt"/>
        <line num="106" count="6" type="stmt"/>
        <line num="108" count="44" type="stmt"/>
        <line num="109" count="44" type="stmt"/>
        <line num="110" count="44" type="cond" truecount="3" falsecount="0"/>
        <line num="111" count="2" type="cond" truecount="3" falsecount="0"/>
        <line num="114" count="1" type="stmt"/>
        <line num="115" count="1" type="stmt"/>
        <line num="116" count="1" type="stmt"/>
        <line num="118" count="1" type="stmt"/>
        <line num="119" count="1" type="stmt"/>
        <line num="120" count="1" type="stmt"/>
        <line num="123" count="44" type="stmt"/>
        <line num="124" count="44" type="cond" truecount="1" falsecount="0"/>
        <line num="125" count="44" type="stmt"/>
        <line num="132" count="25" type="stmt"/>
        <line num="135" count="8" type="stmt"/>
        <line num="136" count="8" type="stmt"/>
        <line num="137" count="5" type="stmt"/>
        <line num="138" count="5" type="cond" truecount="1" falsecount="0"/>
        <line num="139" count="3" type="cond" truecount="1" falsecount="1"/>
        <line num="140" count="3" type="stmt"/>
        <line num="142" count="11" type="stmt"/>
        <line num="143" count="5" type="stmt"/>
        <line num="145" count="8" type="stmt"/>
        <line num="146" count="85" type="stmt"/>
        <line num="147" count="85" type="cond" truecount="1" falsecount="0"/>
        <line num="148" count="2" type="stmt"/>
        <line num="149" count="2" type="stmt"/>
        <line num="150" count="2" type="stmt"/>
        <line num="153" count="4" type="stmt"/>
        <line num="154" count="4" type="cond" truecount="2" falsecount="0"/>
        <line num="162" count="2" type="cond" truecount="1" falsecount="1"/>
        <line num="163" count="2" type="stmt"/>
        <line num="164" count="4" type="stmt"/>
        <line num="168" count="2" type="stmt"/>
        <line num="172" count="2" type="cond" truecount="3" falsecount="0"/>
        <line num="173" count="2" type="stmt"/>
        <line num="174" count="3" type="stmt"/>
        <line num="175" count="3" type="stmt"/>
        <line num="176" count="3" type="stmt"/>
        <line num="178" count="7" type="stmt"/>
        <line num="185" count="2" type="stmt"/>
        <line num="188" count="8" type="stmt"/>
        <line num="189" count="8" type="stmt"/>
        <line num="190" count="83" type="stmt"/>
        <line num="191" count="83" type="cond" truecount="1" falsecount="0"/>
        <line num="192" count="4" type="stmt"/>
        <line num="193" count="4" type="stmt"/>
        <line num="194" count="4" type="stmt"/>
        <line num="195" count="4" type="stmt"/>
        <line num="196" count="4" type="stmt"/>
        <line num="199" count="8" type="stmt"/>
        <line num="200" count="79" type="stmt"/>
        <line num="201" count="79" type="cond" truecount="1" falsecount="0"/>
        <line num="202" count="2" type="stmt"/>
        <line num="203" count="2" type="stmt"/>
        <line num="210" count="77" type="stmt"/>
        <line num="212" count="8" type="stmt"/>
        <line num="213" count="8" type="stmt"/>
        <line num="214" count="74" type="stmt"/>
        <line num="215" count="74" type="cond" truecount="1" falsecount="0"/>
        <line num="218" count="8" type="stmt"/>
      </file>
    </package>
    <package name="src.markdown.block.__tests__">
      <metrics statements="4" coveredstatements="4" conditionals="0" coveredconditionals="0" methods="1" coveredmethods="1"/>
      <file name="setup.ts" path="/home/runner/work/very-small-parser/very-small-parser/src/markdown/block/__tests__/setup.ts">
        <metrics statements="4" coveredstatements="4" conditionals="0" coveredconditionals="0" methods="1" coveredmethods="1"/>
        <line num="1" count="2" type="stmt"/>
        <line num="4" count="2" type="stmt"/>
        <line num="5" count="3" type="stmt"/>
        <line num="7" count="3" type="stmt"/>
      </file>
    </package>
    <package name="src.markdown.inline">
      <metrics statements="129" coveredstatements="129" conditionals="47" coveredconditionals="45" methods="20" coveredmethods="20"/>
      <file name="MdInlineParser.ts" path="/home/runner/work/very-small-parser/very-small-parser/src/markdown/inline/MdInlineParser.ts">
        <metrics statements="16" coveredstatements="16" conditionals="4" coveredconditionals="4" methods="2" coveredmethods="2"/>
        <line num="1" count="14" type="stmt"/>
        <line num="9" count="14" type="stmt"/>
        <line num="12" count="14" type="stmt"/>
        <line num="16" count="245" type="stmt"/>
        <line num="18" count="245" type="stmt"/>
        <line num="19" count="245" type="stmt"/>
        <line num="21" count="245" type="stmt"/>
        <line num="22" count="366" type="stmt"/>
        <line num="23" count="366" type="cond" truecount="2" falsecount="0"/>
        <line num="24" count="251" type="cond" truecount="2" falsecount="0"/>
        <line num="25" count="7" type="stmt"/>
        <line num="26" count="7" type="stmt"/>
        <line num="27" count="244" type="stmt"/>
        <line num="29" count="115" type="stmt"/>
        <line num="30" count="115" type="stmt"/>
        <line num="33" count="245" type="stmt"/>
      </file>
      <file name="index.ts" path="/home/runner/work/very-small-parser/very-small-parser/src/markdown/inline/index.ts">
        <metrics statements="3" coveredstatements="3" conditionals="0" coveredconditionals="0" methods="0" coveredmethods="0"/>
        <line num="1" count="14" type="stmt"/>
        <line num="2" count="14" type="stmt"/>
        <line num="4" count="14" type="stmt"/>
      </file>
      <file name="parsers.ts" path="/home/runner/work/very-small-parser/very-small-parser/src/markdown/inline/parsers.ts">
        <metrics statements="110" coveredstatements="110" conditionals="43" coveredconditionals="41" methods="18" coveredmethods="18"/>
        <line num="1" count="14" type="stmt"/>
        <line num="2" count="14" type="stmt"/>
        <line num="3" count="14" type="stmt"/>
        <line num="8" count="14" type="stmt"/>
        <line num="9" count="14" type="stmt"/>
        <line num="10" count="363" type="stmt"/>
        <line num="11" count="363" type="cond" truecount="1" falsecount="0"/>
        <line num="12" count="2" type="stmt"/>
        <line num="19" count="14" type="stmt"/>
        <line num="20" count="14" type="stmt"/>
        <line num="21" count="361" type="stmt"/>
        <line num="22" count="361" type="cond" truecount="1" falsecount="0"/>
        <line num="23" count="10" type="cond" truecount="4" falsecount="0"/>
        <line num="24" count="10" type="stmt"/>
        <line num="28" count="14" type="stmt"/>
        <line num="29" count="14" type="stmt"/>
        <line num="30" count="351" type="stmt"/>
        <line num="31" count="351" type="cond" truecount="1" falsecount="0"/>
        <line num="32" count="17" type="cond" truecount="6" falsecount="0"/>
        <line num="33" count="17" type="stmt"/>
        <line num="36" count="14" type="stmt"/>
        <line num="37" count="14" type="stmt"/>
        <line num="38" count="331" type="stmt"/>
        <line num="39" count="331" type="cond" truecount="1" falsecount="0"/>
        <line num="42" count="14" type="stmt"/>
        <line num="43" count="14" type="stmt"/>
        <line num="44" count="334" type="stmt"/>
        <line num="45" count="334" type="cond" truecount="1" falsecount="0"/>
        <line num="48" count="14" type="stmt"/>
        <line num="49" count="14" type="stmt"/>
        <line num="50" count="327" type="stmt"/>
        <line num="51" count="327" type="cond" truecount="1" falsecount="0"/>
        <line num="54" count="14" type="stmt"/>
        <line num="55" count="14" type="stmt"/>
        <line num="56" count="322" type="stmt"/>
        <line num="57" count="322" type="cond" truecount="1" falsecount="0"/>
        <line num="60" count="14" type="stmt"/>
        <line num="61" count="14" type="stmt"/>
        <line num="62" count="307" type="stmt"/>
        <line num="63" count="307" type="cond" truecount="1" falsecount="0"/>
        <line num="64" count="12" type="stmt"/>
        <line num="65" count="12" type="stmt"/>
        <line num="66" count="12" type="cond" truecount="2" falsecount="0"/>
        <line num="67" count="12" type="stmt"/>
        <line num="68" count="12" type="stmt"/>
        <line num="69" count="12" type="stmt"/>
        <line num="70" count="12" type="cond" truecount="1" falsecount="0"/>
        <line num="71" count="7" type="stmt"/>
        <line num="72" count="7" type="cond" truecount="2" falsecount="0"/>
        <line num="74" count="12" type="stmt"/>
        <line num="75" count="12" type="cond" truecount="3" falsecount="1"/>
        <line num="76" count="8" type="stmt"/>
        <line num="77" count="12" type="stmt"/>
        <line num="80" count="14" type="stmt"/>
        <line num="81" count="14" type="stmt"/>
        <line num="82" count="295" type="stmt"/>
        <line num="83" count="295" type="cond" truecount="1" falsecount="0"/>
        <line num="84" count="2" type="stmt"/>
        <line num="85" count="2" type="stmt"/>
        <line num="88" count="14" type="stmt"/>
        <line num="89" count="14" type="stmt"/>
        <line num="91" count="14" type="stmt"/>
        <line num="92" count="14" type="stmt"/>
        <line num="94" count="14" type="stmt"/>
        <line num="95" count="14" type="stmt"/>
        <line num="97" count="14" type="stmt"/>
        <line num="98" count="14" type="stmt"/>
        <line num="99" count="281" type="stmt"/>
        <line num="100" count="281" type="cond" truecount="1" falsecount="0"/>
        <line num="101" count="13" type="cond" truecount="2" falsecount="0"/>
        <line num="102" count="13" type="stmt"/>
        <line num="105" count="14" type="stmt"/>
        <line num="106" count="14" type="stmt"/>
        <line num="108" count="14" type="stmt"/>
        <line num="109" count="14" type="stmt"/>
        <line num="110" count="14" type="stmt"/>
        <line num="111" count="264" type="cond" truecount="2" falsecount="0"/>
        <line num="112" count="264" type="cond" truecount="1" falsecount="0"/>
        <line num="115" count="14" type="cond" truecount="1" falsecount="0"/>
        <line num="116" count="14" type="stmt"/>
        <line num="117" count="14" type="stmt"/>
        <line num="118" count="14" type="stmt"/>
        <line num="119" count="262" type="cond" truecount="2" falsecount="0"/>
        <line num="120" count="262" type="cond" truecount="1" falsecount="0"/>
        <line num="125" count="14" type="stmt"/>
        <line num="126" count="14" type="stmt"/>
        <line num="127" count="14" type="stmt"/>
        <line num="128" count="318" type="stmt"/>
        <line num="129" count="318" type="cond" truecount="1" falsecount="0"/>
        <line num="130" count="11" type="stmt"/>
        <line num="131" count="11" type="stmt"/>
        <line num="132" count="11" type="cond" truecount="1" falsecount="0"/>
        <line num="133" count="11" type="cond" truecount="1" falsecount="0"/>
        <line num="134" count="3" type="stmt"/>
        <line num="139" count="8" type="stmt"/>
        <line num="145" count="14" type="stmt"/>
        <line num="147" count="248" type="stmt"/>
        <line num="161" count="14" type="stmt"/>
        <line num="164" count="14" type="stmt"/>
        <line num="165" count="248" type="stmt"/>
        <line num="166" count="248" type="cond" truecount="0" falsecount="1"/>
        <line num="167" count="248" type="stmt"/>
        <line num="168" count="248" type="stmt"/>
        <line num="169" count="248" type="stmt"/>
        <line num="172" count="14" type="stmt"/>
        <line num="173" count="14" type="stmt"/>
        <line num="174" count="366" type="stmt"/>
        <line num="175" count="366" type="cond" truecount="1" falsecount="0"/>
        <line num="178" count="253" type="stmt"/>
        <line num="180" count="14" type="stmt"/>
      </file>
    </package>
    <package name="src.markdown.inline.__tests__">
      <metrics statements="4" coveredstatements="4" conditionals="0" coveredconditionals="0" methods="1" coveredmethods="1"/>
      <file name="setup.ts" path="/home/runner/work/very-small-parser/very-small-parser/src/markdown/inline/__tests__/setup.ts">
        <metrics statements="4" coveredstatements="4" conditionals="0" coveredconditionals="0" methods="1" coveredmethods="1"/>
        <line num="1" count="6" type="stmt"/>
        <line num="4" count="6" type="stmt"/>
        <line num="5" count="25" type="stmt"/>
        <line num="7" count="25" type="stmt"/>
      </file>
    </package>
  </project>
</coverage>
