{"/home/runner/work/very-small-parser/very-small-parser/src/Parser.ts": {"path":"/home/runner/work/very-small-parser/very-small-parser/src/Parser.ts","statementMap":{"0":{"start":{"line":2,"column":0},"end":{"line":2,"column":35}},"1":{"start":{"line":12,"column":4},"end":{"line":12,"column":32}},"2":{"start":{"line":16,"column":4},"end":{"line":16,"column":73}},"3":{"start":{"line":8,"column":0},"end":{"line":8,"column":13}}},"fnMap":{"0":{"name":"(anonymous_0)","decl":{"start":{"line":11,"column":2},"end":{"line":11,"column":14}},"loc":{"start":{"line":11,"column":44},"end":{"line":13,"column":3}}},"1":{"name":"(anonymous_1)","decl":{"start":{"line":15,"column":9},"end":{"line":15,"column":14}},"loc":{"start":{"line":15,"column":26},"end":{"line":17,"column":3}}}},"branchMap":{},"s":{"0":20,"1":43,"2":421,"3":20},"f":{"0":43,"1":421},"b":{}}
,"/home/runner/work/very-small-parser/very-small-parser/src/util.ts": {"path":"/home/runner/work/very-small-parser/very-small-parser/src/util.ts","statementMap":{"0":{"start":{"line":3,"column":15},"end":{"line":3,"column":52}},"1":{"start":{"line":5,"column":21},"end":{"line":17,"column":1}},"2":{"start":{"line":12,"column":14},"end":{"line":12,"column":30}},"3":{"start":{"line":13,"column":2},"end":{"line":13,"column":30}},"4":{"start":{"line":13,"column":14},"end":{"line":13,"column":30}},"5":{"start":{"line":14,"column":2},"end":{"line":14,"column":40}},"6":{"start":{"line":14,"column":16},"end":{"line":14,"column":40}},"7":{"start":{"line":15,"column":2},"end":{"line":15,"column":47}},"8":{"start":{"line":15,"column":17},"end":{"line":15,"column":47}},"9":{"start":{"line":16,"column":2},"end":{"line":16,"column":13}},"10":{"start":{"line":5,"column":13},"end":{"line":5,"column":21}},"11":{"start":{"line":19,"column":21},"end":{"line":36,"column":1}},"12":{"start":{"line":24,"column":19},"end":{"line":24,"column":21}},"13":{"start":{"line":25,"column":14},"end":{"line":25,"column":24}},"14":{"start":{"line":26,"column":18},"end":{"line":26,"column":21}},"15":{"start":{"line":27,"column":15},"end":{"line":27,"column":16}},"16":{"start":{"line":28,"column":2},"end":{"line":34,"column":3}},"17":{"start":{"line":29,"column":16},"end":{"line":29,"column":44}},"18":{"start":{"line":30,"column":4},"end":{"line":30,"column":20}},"19":{"start":{"line":30,"column":14},"end":{"line":30,"column":20}},"20":{"start":{"line":31,"column":4},"end":{"line":31,"column":37}},"21":{"start":{"line":31,"column":18},"end":{"line":31,"column":37}},"22":{"start":{"line":32,"column":4},"end":{"line":32,"column":27}},"23":{"start":{"line":33,"column":4},"end":{"line":33,"column":41}},"24":{"start":{"line":35,"column":2},"end":{"line":35,"column":28}},"25":{"start":{"line":19,"column":13},"end":{"line":19,"column":21}},"26":{"start":{"line":38,"column":20},"end":{"line":42,"column":42}},"27":{"start":{"line":42,"column":10},"end":{"line":42,"column":42}},"28":{"start":{"line":38,"column":13},"end":{"line":38,"column":20}},"29":{"start":{"line":44,"column":21},"end":{"line":54,"column":1}},"30":{"start":{"line":45,"column":17},"end":{"line":45,"column":34}},"31":{"start":{"line":46,"column":2},"end":{"line":53,"column":4}},"32":{"start":{"line":47,"column":4},"end":{"line":51,"column":5}},"33":{"start":{"line":47,"column":17},"end":{"line":47,"column":18}},"34":{"start":{"line":48,"column":24},"end":{"line":48,"column":37}},"35":{"start":{"line":49,"column":18},"end":{"line":49,"column":40}},"36":{"start":{"line":50,"column":6},"end":{"line":50,"column":26}},"37":{"start":{"line":50,"column":15},"end":{"line":50,"column":26}},"38":{"start":{"line":52,"column":4},"end":{"line":52,"column":11}},"39":{"start":{"line":44,"column":13},"end":{"line":44,"column":21}},"40":{"start":{"line":57,"column":2},"end":{"line":61,"column":3}},"41":{"start":{"line":58,"column":2},"end":{"line":61,"column":3}},"42":{"start":{"line":59,"column":20},"end":{"line":59,"column":36}},"43":{"start":{"line":60,"column":4},"end":{"line":60,"column":100}},"44":{"start":{"line":56,"column":13},"end":{"line":56,"column":null}},"45":{"start":{"line":63,"column":19},"end":{"line":63,"column":105}},"46":{"start":{"line":63,"column":77},"end":{"line":63,"column":105}},"47":{"start":{"line":63,"column":13},"end":{"line":63,"column":19}},"48":{"start":{"line":64,"column":22},"end":{"line":64,"column":111}},"49":{"start":{"line":64,"column":80},"end":{"line":64,"column":111}},"50":{"start":{"line":64,"column":13},"end":{"line":64,"column":22}}},"fnMap":{"0":{"name":"(anonymous_0)","decl":{"start":{"line":5,"column":21},"end":{"line":5,"column":null}},"loc":{"start":{"line":11,"column":7},"end":{"line":17,"column":1}}},"1":{"name":"(anonymous_1)","decl":{"start":{"line":19,"column":21},"end":{"line":19,"column":null}},"loc":{"start":{"line":23,"column":35},"end":{"line":36,"column":1}}},"2":{"name":"(anonymous_2)","decl":{"start":{"line":38,"column":20},"end":{"line":38,"column":null}},"loc":{"start":{"line":42,"column":10},"end":{"line":42,"column":42}}},"3":{"name":"(anonymous_3)","decl":{"start":{"line":44,"column":21},"end":{"line":44,"column":62}},"loc":{"start":{"line":44,"column":114},"end":{"line":54,"column":1}}},"4":{"name":"(anonymous_4)","decl":{"start":{"line":46,"column":9},"end":{"line":46,"column":10}},"loc":{"start":{"line":46,"column":33},"end":{"line":53,"column":3}}},"5":{"name":"(anonymous_5)","decl":{"start":{"line":57,"column":2},"end":{"line":57,"column":21}},"loc":{"start":{"line":58,"column":2},"end":{"line":61,"column":3}}},"6":{"name":"(anonymous_6)","decl":{"start":{"line":58,"column":2},"end":{"line":58,"column":3}},"loc":{"start":{"line":58,"column":20},"end":{"line":61,"column":3}}},"7":{"name":"(anonymous_7)","decl":{"start":{"line":63,"column":19},"end":{"line":63,"column":20}},"loc":{"start":{"line":63,"column":77},"end":{"line":63,"column":105}}},"8":{"name":"(anonymous_8)","decl":{"start":{"line":64,"column":22},"end":{"line":64,"column":23}},"loc":{"start":{"line":64,"column":80},"end":{"line":64,"column":111}}}},"branchMap":{"0":{"loc":{"start":{"line":10,"column":2},"end":{"line":10,"column":28}},"type":"default-arg","locations":[{"start":{"line":10,"column":16},"end":{"line":10,"column":28}}]},"1":{"loc":{"start":{"line":13,"column":2},"end":{"line":13,"column":30}},"type":"if","locations":[{"start":{"line":13,"column":2},"end":{"line":13,"column":30}}]},"2":{"loc":{"start":{"line":14,"column":2},"end":{"line":14,"column":40}},"type":"if","locations":[{"start":{"line":14,"column":2},"end":{"line":14,"column":40}}]},"3":{"loc":{"start":{"line":15,"column":2},"end":{"line":15,"column":47}},"type":"if","locations":[{"start":{"line":15,"column":2},"end":{"line":15,"column":47}}]},"4":{"loc":{"start":{"line":30,"column":4},"end":{"line":30,"column":20}},"type":"if","locations":[{"start":{"line":30,"column":4},"end":{"line":30,"column":20}}]},"5":{"loc":{"start":{"line":31,"column":4},"end":{"line":31,"column":37}},"type":"if","locations":[{"start":{"line":31,"column":4},"end":{"line":31,"column":37}}]},"6":{"loc":{"start":{"line":32,"column":14},"end":{"line":32,"column":26}},"type":"binary-expr","locations":[{"start":{"line":32,"column":14},"end":{"line":32,"column":21}},{"start":{"line":32,"column":25},"end":{"line":32,"column":26}}]},"7":{"loc":{"start":{"line":50,"column":6},"end":{"line":50,"column":26}},"type":"if","locations":[{"start":{"line":50,"column":6},"end":{"line":50,"column":26}}]},"8":{"loc":{"start":{"line":60,"column":11},"end":{"line":60,"column":99}},"type":"cond-expr","locations":[{"start":{"line":60,"column":21},"end":{"line":60,"column":90}},{"start":{"line":60,"column":93},"end":{"line":60,"column":99}}]}},"s":{"0":22,"1":22,"2":4148,"3":4148,"4":4148,"5":4148,"6":206,"7":4148,"8":4001,"9":4148,"10":22,"11":22,"12":1264,"13":1264,"14":1264,"15":1264,"16":1264,"17":1900,"18":1900,"19":543,"20":1357,"21":1351,"22":1357,"23":1357,"24":1264,"25":22,"26":22,"27":421,"28":22,"29":22,"30":442,"31":442,"32":8337,"33":8337,"34":24955,"35":24955,"36":24955,"37":5722,"38":2615,"39":22,"40":22,"41":60,"42":1268,"43":1268,"44":22,"45":22,"46":1613,"47":22,"48":22,"49":1904,"50":22},"f":{"0":4148,"1":1264,"2":421,"3":442,"4":8337,"5":60,"6":1268,"7":1613,"8":1904},"b":{"0":[679],"1":[4148],"2":[206],"3":[4001],"4":[543],"5":[1351],"6":[1357,0],"7":[5722],"8":[20,1248]}}
,"/home/runner/work/very-small-parser/very-small-parser/src/css/index.ts": {"path":"/home/runner/work/very-small-parser/very-small-parser/src/css/index.ts","statementMap":{"0":{"start":{"line":1,"column":26},"end":{"line":14,"column":1}},"1":{"start":{"line":2,"column":47},"end":{"line":2,"column":49}},"2":{"start":{"line":3,"column":16},"end":{"line":3,"column":30}},"3":{"start":{"line":4,"column":17},"end":{"line":4,"column":29}},"4":{"start":{"line":5,"column":2},"end":{"line":12,"column":3}},"5":{"start":{"line":5,"column":15},"end":{"line":5,"column":16}},"6":{"start":{"line":6,"column":17},"end":{"line":6,"column":25}},"7":{"start":{"line":7,"column":18},"end":{"line":7,"column":35}},"8":{"start":{"line":8,"column":4},"end":{"line":8,"column":31}},"9":{"start":{"line":8,"column":22},"end":{"line":8,"column":31}},"10":{"start":{"line":9,"column":16},"end":{"line":9,"column":43}},"11":{"start":{"line":10,"column":18},"end":{"line":10,"column":46}},"12":{"start":{"line":11,"column":4},"end":{"line":11,"column":48}},"13":{"start":{"line":11,"column":22},"end":{"line":11,"column":48}},"14":{"start":{"line":13,"column":2},"end":{"line":13,"column":22}},"15":{"start":{"line":1,"column":13},"end":{"line":1,"column":26}}},"fnMap":{"0":{"name":"(anonymous_0)","decl":{"start":{"line":1,"column":26},"end":{"line":1,"column":27}},"loc":{"start":{"line":1,"column":66},"end":{"line":14,"column":1}}}},"branchMap":{"0":{"loc":{"start":{"line":8,"column":4},"end":{"line":8,"column":31}},"type":"if","locations":[{"start":{"line":8,"column":4},"end":{"line":8,"column":31}}]},"1":{"loc":{"start":{"line":11,"column":4},"end":{"line":11,"column":48}},"type":"if","locations":[{"start":{"line":11,"column":4},"end":{"line":11,"column":48}}]},"2":{"loc":{"start":{"line":11,"column":8},"end":{"line":11,"column":20}},"type":"binary-expr","locations":[{"start":{"line":11,"column":8},"end":{"line":11,"column":11}},{"start":{"line":11,"column":15},"end":{"line":11,"column":20}}]}},"s":{"0":1,"1":1,"2":1,"3":1,"4":1,"5":1,"6":12,"7":12,"8":12,"9":1,"10":11,"11":11,"12":11,"13":11,"14":1,"15":1},"f":{"0":1},"b":{"0":[1],"1":[11],"2":[11,11]}}
,"/home/runner/work/very-small-parser/very-small-parser/src/html/HtmlParser.ts": {"path":"/home/runner/work/very-small-parser/very-small-parser/src/html/HtmlParser.ts","statementMap":{"0":{"start":{"line":1,"column":0},"end":{"line":1,"column":50}},"1":{"start":{"line":2,"column":0},"end":{"line":2,"column":37}},"2":{"start":{"line":3,"column":0},"end":{"line":3,"column":29}},"3":{"start":{"line":15,"column":4},"end":{"line":15,"column":62}},"4":{"start":{"line":16,"column":4},"end":{"line":16,"column":93}},"5":{"start":{"line":20,"column":21},"end":{"line":20,"column":23}},"6":{"start":{"line":21,"column":16},"end":{"line":21,"column":26}},"7":{"start":{"line":22,"column":20},"end":{"line":22,"column":23}},"8":{"start":{"line":23,"column":17},"end":{"line":23,"column":18}},"9":{"start":{"line":24,"column":4},"end":{"line":40,"column":5}},"10":{"start":{"line":25,"column":18},"end":{"line":25,"column":45}},"11":{"start":{"line":26,"column":6},"end":{"line":36,"column":7}},"12":{"start":{"line":27,"column":33},"end":{"line":31,"column":10}},"13":{"start":{"line":32,"column":8},"end":{"line":32,"column":33}},"14":{"start":{"line":33,"column":8},"end":{"line":33,"column":20}},"15":{"start":{"line":34,"column":8},"end":{"line":34,"column":39}},"16":{"start":{"line":35,"column":8},"end":{"line":35,"column":17}},"17":{"start":{"line":37,"column":6},"end":{"line":37,"column":25}},"18":{"start":{"line":38,"column":6},"end":{"line":38,"column":29}},"19":{"start":{"line":39,"column":6},"end":{"line":39,"column":43}},"20":{"start":{"line":41,"column":4},"end":{"line":41,"column":20}},"21":{"start":{"line":45,"column":28},"end":{"line":45,"column":56}},"22":{"start":{"line":46,"column":24},"end":{"line":46,"column":53}},"23":{"start":{"line":47,"column":4},"end":{"line":47,"column":16}},"24":{"start":{"line":51,"column":4},"end":{"line":51,"column":25}},"25":{"start":{"line":11,"column":0},"end":{"line":11,"column":13}}},"fnMap":{"0":{"name":"(anonymous_0)","decl":{"start":{"line":14,"column":2},"end":{"line":14,"column":14}},"loc":{"start":{"line":14,"column":34},"end":{"line":17,"column":3}}},"1":{"name":"(anonymous_1)","decl":{"start":{"line":19,"column":9},"end":{"line":19,"column":14}},"loc":{"start":{"line":19,"column":26},"end":{"line":42,"column":3}}},"2":{"name":"(anonymous_2)","decl":{"start":{"line":44,"column":9},"end":{"line":44,"column":15}},"loc":{"start":{"line":44,"column":27},"end":{"line":48,"column":3}}},"3":{"name":"(anonymous_3)","decl":{"start":{"line":50,"column":9},"end":{"line":50,"column":11}},"loc":{"start":{"line":50,"column":23},"end":{"line":52,"column":3}}}},"branchMap":{"0":{"loc":{"start":{"line":26,"column":6},"end":{"line":36,"column":7}},"type":"if","locations":[{"start":{"line":26,"column":6},"end":{"line":36,"column":7}}]},"1":{"loc":{"start":{"line":38,"column":16},"end":{"line":38,"column":28}},"type":"binary-expr","locations":[{"start":{"line":38,"column":16},"end":{"line":38,"column":23}},{"start":{"line":38,"column":27},"end":{"line":38,"column":28}}]}},"s":{"0":20,"1":20,"2":20,"3":20,"4":20,"5":1043,"6":1043,"7":1043,"8":1043,"9":1043,"10":6436,"11":6436,"12":2072,"13":2072,"14":2072,"15":2072,"16":2072,"17":4364,"18":4364,"19":4364,"20":1043,"21":843,"22":843,"23":843,"24":361,"25":20},"f":{"0":20,"1":1043,"2":843,"3":361},"b":{"0":[2072],"1":[4364,0]}}
,"/home/runner/work/very-small-parser/very-small-parser/src/html/index.ts": {"path":"/home/runner/work/very-small-parser/very-small-parser/src/html/index.ts","statementMap":{"0":{"start":{"line":1,"column":0},"end":{"line":1,"column":40}},"1":{"start":{"line":2,"column":0},"end":{"line":2,"column":34}},"2":{"start":{"line":4,"column":13},"end":{"line":4,"column":46}}},"fnMap":{},"branchMap":{},"s":{"0":20,"1":20,"2":20},"f":{},"b":{}}
,"/home/runner/work/very-small-parser/very-small-parser/src/html/parsers.ts": {"path":"/home/runner/work/very-small-parser/very-small-parser/src/html/parsers.ts","statementMap":{"0":{"start":{"line":1,"column":0},"end":{"line":1,"column":30}},"1":{"start":{"line":2,"column":0},"end":{"line":2,"column":41}},"2":{"start":{"line":7,"column":20},"end":{"line":7,"column":45}},"3":{"start":{"line":8,"column":55},"end":{"line":15,"column":1}},"4":{"start":{"line":9,"column":18},"end":{"line":9,"column":40}},"5":{"start":{"line":10,"column":2},"end":{"line":14,"column":3}},"6":{"start":{"line":11,"column":18},"end":{"line":11,"column":28}},"7":{"start":{"line":12,"column":18},"end":{"line":12,"column":36}},"8":{"start":{"line":13,"column":4},"end":{"line":13,"column":67}},"9":{"start":{"line":17,"column":17},"end":{"line":17,"column":25}},"10":{"start":{"line":18,"column":49},"end":{"line":23,"column":1}},"11":{"start":{"line":19,"column":18},"end":{"line":19,"column":37}},"12":{"start":{"line":20,"column":2},"end":{"line":20,"column":23}},"13":{"start":{"line":20,"column":16},"end":{"line":20,"column":23}},"14":{"start":{"line":21,"column":16},"end":{"line":21,"column":26}},"15":{"start":{"line":22,"column":2},"end":{"line":22,"column":73}},"16":{"start":{"line":25,"column":17},"end":{"line":25,"column":91}},"17":{"start":{"line":26,"column":21},"end":{"line":26,"column":87}},"18":{"start":{"line":27,"column":18},"end":{"line":27,"column":87}},"19":{"start":{"line":28,"column":22},"end":{"line":28,"column":42}},"20":{"start":{"line":29,"column":57},"end":{"line":61,"column":1}},"21":{"start":{"line":30,"column":20},"end":{"line":30,"column":43}},"22":{"start":{"line":31,"column":2},"end":{"line":31,"column":25}},"23":{"start":{"line":31,"column":18},"end":{"line":31,"column":25}},"24":{"start":{"line":32,"column":40},"end":{"line":32,"column":49}},"25":{"start":{"line":33,"column":22},"end":{"line":33,"column":34}},"26":{"start":{"line":34,"column":18},"end":{"line":34,"column":74}},"27":{"start":{"line":35,"column":45},"end":{"line":35,"column":47}},"28":{"start":{"line":36,"column":2},"end":{"line":39,"column":3}},"29":{"start":{"line":37,"column":18},"end":{"line":37,"column":41}},"30":{"start":{"line":38,"column":4},"end":{"line":38,"column":64}},"31":{"start":{"line":38,"column":40},"end":{"line":38,"column":64}},"32":{"start":{"line":40,"column":31},"end":{"line":46,"column":4}},"33":{"start":{"line":47,"column":2},"end":{"line":59,"column":3}},"34":{"start":{"line":48,"column":19},"end":{"line":48,"column":41}},"35":{"start":{"line":49,"column":21},"end":{"line":49,"column":42}},"36":{"start":{"line":50,"column":24},"end":{"line":50,"column":36}},"37":{"start":{"line":51,"column":4},"end":{"line":57,"column":5}},"38":{"start":{"line":52,"column":6},"end":{"line":52,"column":32}},"39":{"start":{"line":54,"column":25},"end":{"line":54,"column":71}},"40":{"start":{"line":55,"column":6},"end":{"line":55,"column":36}},"41":{"start":{"line":55,"column":23},"end":{"line":55,"column":36}},"42":{"start":{"line":56,"column":6},"end":{"line":56,"column":64}},"43":{"start":{"line":58,"column":4},"end":{"line":58,"column":46}},"44":{"start":{"line":60,"column":2},"end":{"line":60,"column":15}},"45":{"start":{"line":29,"column":13},"end":{"line":29,"column":57}},"46":{"start":{"line":63,"column":13},"end":{"line":67,"column":2}}},"fnMap":{"0":{"name":"(anonymous_0)","decl":{"start":{"line":8,"column":55},"end":{"line":8,"column":56}},"loc":{"start":{"line":8,"column":66},"end":{"line":15,"column":1}}},"1":{"name":"(anonymous_1)","decl":{"start":{"line":18,"column":49},"end":{"line":18,"column":50}},"loc":{"start":{"line":18,"column":60},"end":{"line":23,"column":1}}},"2":{"name":"(anonymous_2)","decl":{"start":{"line":29,"column":57},"end":{"line":29,"column":58}},"loc":{"start":{"line":29,"column":73},"end":{"line":61,"column":1}}}},"branchMap":{"0":{"loc":{"start":{"line":10,"column":2},"end":{"line":14,"column":3}},"type":"if","locations":[{"start":{"line":10,"column":2},"end":{"line":14,"column":3}}]},"1":{"loc":{"start":{"line":20,"column":2},"end":{"line":20,"column":23}},"type":"if","locations":[{"start":{"line":20,"column":2},"end":{"line":20,"column":23}}]},"2":{"loc":{"start":{"line":31,"column":2},"end":{"line":31,"column":25}},"type":"if","locations":[{"start":{"line":31,"column":2},"end":{"line":31,"column":25}}]},"3":{"loc":{"start":{"line":36,"column":2},"end":{"line":39,"column":3}},"type":"if","locations":[{"start":{"line":36,"column":2},"end":{"line":39,"column":3}}]},"4":{"loc":{"start":{"line":47,"column":2},"end":{"line":59,"column":3}},"type":"if","locations":[{"start":{"line":47,"column":2},"end":{"line":59,"column":3}}]},"5":{"loc":{"start":{"line":51,"column":4},"end":{"line":57,"column":5}},"type":"if","locations":[{"start":{"line":51,"column":4},"end":{"line":57,"column":5}},{"start":{"line":53,"column":11},"end":{"line":57,"column":5}}]},"6":{"loc":{"start":{"line":55,"column":6},"end":{"line":55,"column":36}},"type":"if","locations":[{"start":{"line":55,"column":6},"end":{"line":55,"column":36}}]},"7":{"loc":{"start":{"line":56,"column":35},"end":{"line":56,"column":62}},"type":"binary-expr","locations":[{"start":{"line":56,"column":35},"end":{"line":56,"column":57}},{"start":{"line":56,"column":61},"end":{"line":56,"column":62}}]}},"s":{"0":20,"1":20,"2":20,"3":20,"4":4561,"5":4561,"6":382,"7":382,"8":382,"9":20,"10":20,"11":7754,"12":7754,"13":4561,"14":3193,"15":3193,"16":20,"17":20,"18":20,"19":20,"20":20,"21":4540,"22":4540,"23":2963,"24":1577,"25":1577,"26":1577,"27":1577,"28":1577,"29":454,"30":454,"31":221,"32":1577,"33":1577,"34":843,"35":843,"36":843,"37":843,"38":0,"39":843,"40":843,"41":653,"42":190,"43":190,"44":924,"45":20,"46":20},"f":{"0":4561,"1":7754,"2":4540},"b":{"0":[382],"1":[4561],"2":[2963],"3":[454],"4":[843],"5":[0,843],"6":[653],"7":[190,0]}}
,"/home/runner/work/very-small-parser/very-small-parser/src/html/toText.ts": {"path":"/home/runner/work/very-small-parser/very-small-parser/src/html/toText.ts","statementMap":{"0":{"start":{"line":3,"column":19},"end":{"line":3,"column":118}},"1":{"start":{"line":3,"column":44},"end":{"line":3,"column":118}},"2":{"start":{"line":3,"column":89},"end":{"line":3,"column":117}},"3":{"start":{"line":5,"column":19},"end":{"line":5,"column":116}},"4":{"start":{"line":5,"column":44},"end":{"line":5,"column":116}},"5":{"start":{"line":7,"column":14},"end":{"line":7,"column":16}},"6":{"start":{"line":17,"column":22},"end":{"line":70,"column":1}},"7":{"start":{"line":18,"column":2},"end":{"line":21,"column":3}},"8":{"start":{"line":19,"column":24},"end":{"line":19,"column":62}},"9":{"start":{"line":20,"column":4},"end":{"line":20,"column":36}},"10":{"start":{"line":22,"column":2},"end":{"line":22,"column":64}},"11":{"start":{"line":22,"column":32},"end":{"line":22,"column":64}},"12":{"start":{"line":23,"column":17},"end":{"line":23,"column":21}},"13":{"start":{"line":24,"column":2},"end":{"line":68,"column":3}},"14":{"start":{"line":26,"column":6},"end":{"line":26,"column":50}},"15":{"start":{"line":28,"column":22},"end":{"line":28,"column":26}},"16":{"start":{"line":29,"column":6},"end":{"line":29,"column":69}},"17":{"start":{"line":34,"column":23},"end":{"line":34,"column":36}},"18":{"start":{"line":35,"column":41},"end":{"line":35,"column":43}},"19":{"start":{"line":36,"column":47},"end":{"line":36,"column":52}},"20":{"start":{"line":37,"column":6},"end":{"line":40,"column":7}},"21":{"start":{"line":38,"column":8},"end":{"line":38,"column":31}},"22":{"start":{"line":39,"column":8},"end":{"line":39,"column":37}},"23":{"start":{"line":41,"column":29},"end":{"line":41,"column":44}},"24":{"start":{"line":42,"column":25},"end":{"line":42,"column":33}},"25":{"start":{"line":43,"column":28},"end":{"line":43,"column":59}},"26":{"start":{"line":44,"column":22},"end":{"line":44,"column":27}},"27":{"start":{"line":45,"column":24},"end":{"line":45,"column":26}},"28":{"start":{"line":46,"column":29},"end":{"line":46,"column":33}},"29":{"start":{"line":47,"column":6},"end":{"line":51,"column":9}},"30":{"start":{"line":47,"column":19},"end":{"line":47,"column":20}},"31":{"start":{"line":48,"column":8},"end":{"line":51,"column":9}},"32":{"start":{"line":49,"column":10},"end":{"line":49,"column":35}},"33":{"start":{"line":50,"column":10},"end":{"line":50,"column":16}},"34":{"start":{"line":52,"column":6},"end":{"line":55,"column":115}},"35":{"start":{"line":52,"column":28},"end":{"line":52,"column":120}},"36":{"start":{"line":52,"column":41},"end":{"line":52,"column":42}},"37":{"start":{"line":52,"column":69},"end":{"line":52,"column":120}},"38":{"start":{"line":54,"column":8},"end":{"line":55,"column":115}},"39":{"start":{"line":54,"column":21},"end":{"line":54,"column":22}},"40":{"start":{"line":55,"column":10},"end":{"line":55,"column":115}},"41":{"start":{"line":56,"column":6},"end":{"line":56,"column":41}},"42":{"start":{"line":56,"column":22},"end":{"line":56,"column":41}},"43":{"start":{"line":57,"column":20},"end":{"line":57,"column":22}},"44":{"start":{"line":58,"column":6},"end":{"line":59,"column":107}},"45":{"start":{"line":59,"column":8},"end":{"line":59,"column":107}},"46":{"start":{"line":59,"column":38},"end":{"line":59,"column":107}},"47":{"start":{"line":60,"column":23},"end":{"line":60,"column":46}},"48":{"start":{"line":61,"column":6},"end":{"line":66,"column":8}},"49":{"start":{"line":69,"column":2},"end":{"line":69,"column":12}},"50":{"start":{"line":17,"column":13},"end":{"line":17,"column":22}}},"fnMap":{"0":{"name":"(anonymous_0)","decl":{"start":{"line":3,"column":19},"end":{"line":3,"column":20}},"loc":{"start":{"line":3,"column":44},"end":{"line":3,"column":118}}},"1":{"name":"(anonymous_1)","decl":{"start":{"line":3,"column":82},"end":{"line":3,"column":83}},"loc":{"start":{"line":3,"column":89},"end":{"line":3,"column":117}}},"2":{"name":"(anonymous_2)","decl":{"start":{"line":5,"column":19},"end":{"line":5,"column":20}},"loc":{"start":{"line":5,"column":44},"end":{"line":5,"column":116}}},"3":{"name":"(anonymous_3)","decl":{"start":{"line":17,"column":22},"end":{"line":17,"column":23}},"loc":{"start":{"line":17,"column":104},"end":{"line":70,"column":1}}}},"branchMap":{"0":{"loc":{"start":{"line":17,"column":56},"end":{"line":17,"column":72}},"type":"default-arg","locations":[{"start":{"line":17,"column":70},"end":{"line":17,"column":72}}]},"1":{"loc":{"start":{"line":17,"column":74},"end":{"line":17,"column":92}},"type":"default-arg","locations":[{"start":{"line":17,"column":90},"end":{"line":17,"column":92}}]},"2":{"loc":{"start":{"line":18,"column":2},"end":{"line":21,"column":3}},"type":"if","locations":[{"start":{"line":18,"column":2},"end":{"line":21,"column":3}}]},"3":{"loc":{"start":{"line":22,"column":2},"end":{"line":22,"column":64}},"type":"if","locations":[{"start":{"line":22,"column":2},"end":{"line":22,"column":64}}]},"4":{"loc":{"start":{"line":24,"column":2},"end":{"line":68,"column":3}},"type":"switch","locations":[{"start":{"line":25,"column":4},"end":{"line":26,"column":50}},{"start":{"line":27,"column":4},"end":{"line":30,"column":5}},{"start":{"line":32,"column":4},"end":{"line":32,"column":16}},{"start":{"line":33,"column":4},"end":{"line":67,"column":5}}]},"5":{"loc":{"start":{"line":26,"column":32},"end":{"line":26,"column":48}},"type":"binary-expr","locations":[{"start":{"line":26,"column":32},"end":{"line":26,"column":42}},{"start":{"line":26,"column":46},"end":{"line":26,"column":48}}]},"6":{"loc":{"start":{"line":29,"column":13},"end":{"line":29,"column":68}},"type":"cond-expr","locations":[{"start":{"line":29,"column":21},"end":{"line":29,"column":63}},{"start":{"line":29,"column":66},"end":{"line":29,"column":68}}]},"7":{"loc":{"start":{"line":37,"column":6},"end":{"line":40,"column":7}},"type":"if","locations":[{"start":{"line":37,"column":6},"end":{"line":40,"column":7}}]},"8":{"loc":{"start":{"line":43,"column":37},"end":{"line":43,"column":58}},"type":"cond-expr","locations":[{"start":{"line":43,"column":50},"end":{"line":43,"column":52}},{"start":{"line":43,"column":55},"end":{"line":43,"column":58}}]},"9":{"loc":{"start":{"line":48,"column":8},"end":{"line":51,"column":9}},"type":"if","locations":[{"start":{"line":48,"column":8},"end":{"line":51,"column":9}}]},"10":{"loc":{"start":{"line":52,"column":6},"end":{"line":55,"column":115}},"type":"if","locations":[{"start":{"line":52,"column":6},"end":{"line":55,"column":115}},{"start":{"line":54,"column":8},"end":{"line":55,"column":115}}]},"11":{"loc":{"start":{"line":52,"column":95},"end":{"line":52,"column":118}},"type":"binary-expr","locations":[{"start":{"line":52,"column":95},"end":{"line":52,"column":112}},{"start":{"line":52,"column":116},"end":{"line":52,"column":118}}]},"12":{"loc":{"start":{"line":55,"column":26},"end":{"line":55,"column":71}},"type":"cond-expr","locations":[{"start":{"line":55,"column":37},"end":{"line":55,"column":65}},{"start":{"line":55,"column":69},"end":{"line":55,"column":71}}]},"13":{"loc":{"start":{"line":55,"column":37},"end":{"line":55,"column":65}},"type":"cond-expr","locations":[{"start":{"line":55,"column":56},"end":{"line":55,"column":60}},{"start":{"line":55,"column":63},"end":{"line":55,"column":65}}]},"14":{"loc":{"start":{"line":55,"column":37},"end":{"line":55,"column":53}},"type":"binary-expr","locations":[{"start":{"line":55,"column":37},"end":{"line":55,"column":48}},{"start":{"line":55,"column":52},"end":{"line":55,"column":53}}]},"15":{"loc":{"start":{"line":56,"column":6},"end":{"line":56,"column":41}},"type":"if","locations":[{"start":{"line":56,"column":6},"end":{"line":56,"column":41}}]},"16":{"loc":{"start":{"line":58,"column":6},"end":{"line":59,"column":107}},"type":"if","locations":[{"start":{"line":58,"column":6},"end":{"line":59,"column":107}}]},"17":{"loc":{"start":{"line":63,"column":9},"end":{"line":65,"column":28}},"type":"cond-expr","locations":[{"start":{"line":64,"column":12},"end":{"line":64,"column":116}},{"start":{"line":65,"column":12},"end":{"line":65,"column":28}}]},"18":{"loc":{"start":{"line":64,"column":44},"end":{"line":64,"column":92}},"type":"cond-expr","locations":[{"start":{"line":64,"column":75},"end":{"line":64,"column":87}},{"start":{"line":64,"column":90},"end":{"line":64,"column":92}}]},"19":{"loc":{"start":{"line":64,"column":44},"end":{"line":64,"column":72}},"type":"binary-expr","locations":[{"start":{"line":64,"column":44},"end":{"line":64,"column":51}},{"start":{"line":64,"column":55},"end":{"line":64,"column":72}}]}},"s":{"0":2,"1":37,"2":6,"3":2,"4":9,"5":2,"6":2,"7":94,"8":20,"9":20,"10":74,"11":0,"12":74,"13":74,"14":11,"15":0,"16":0,"17":63,"18":63,"19":63,"20":63,"21":42,"22":42,"23":63,"24":63,"25":63,"26":63,"27":63,"28":63,"29":63,"30":63,"31":60,"32":30,"33":30,"34":63,"35":33,"36":33,"37":26,"38":30,"39":30,"40":50,"41":63,"42":21,"43":42,"44":42,"45":42,"46":9,"47":42,"48":42,"49":0,"50":2},"f":{"0":37,"1":6,"2":9,"3":94},"b":{"0":[17],"1":[24],"2":[20],"3":[0],"4":[11,0,21,63],"5":[11,0],"6":[0,0],"7":[42],"8":[21,42],"9":[30],"10":[33,30],"11":[26,0],"12":[12,38],"13":[8,4],"14":[12,6],"15":[21],"16":[42],"17":[35,7],"18":[3,32],"19":[35,11]}}
,"/home/runner/work/very-small-parser/very-small-parser/src/html/__tests__/setup.ts": {"path":"/home/runner/work/very-small-parser/very-small-parser/src/html/__tests__/setup.ts","statementMap":{"0":{"start":{"line":1,"column":0},"end":{"line":1,"column":24}},"1":{"start":{"line":4,"column":21},"end":{"line":8,"column":1}},"2":{"start":{"line":5,"column":14},"end":{"line":5,"column":30}},"3":{"start":{"line":7,"column":2},"end":{"line":7,"column":13}},"4":{"start":{"line":4,"column":13},"end":{"line":4,"column":21}}},"fnMap":{"0":{"name":"(anonymous_0)","decl":{"start":{"line":4,"column":21},"end":{"line":4,"column":22}},"loc":{"start":{"line":4,"column":52},"end":{"line":8,"column":1}}}},"branchMap":{},"s":{"0":4,"1":4,"2":1043,"3":1043,"4":4},"f":{"0":1043},"b":{}}
,"/home/runner/work/very-small-parser/very-small-parser/src/markdown/index.ts": {"path":"/home/runner/work/very-small-parser/very-small-parser/src/markdown/index.ts","statementMap":{"0":{"start":{"line":3,"column":0},"end":{"line":3,"column":8}},"1":{"start":{"line":3,"column":8},"end":{"line":3,"column":32}},"2":{"start":{"line":4,"column":0},"end":{"line":4,"column":8}},"3":{"start":{"line":4,"column":8},"end":{"line":4,"column":30}}},"fnMap":{"0":{"name":"(anonymous_0)","decl":{"start":{"line":3,"column":8},"end":{"line":3,"column":14}},"loc":{"start":{"line":3,"column":8},"end":{"line":3,"column":32}}},"1":{"name":"(anonymous_1)","decl":{"start":{"line":4,"column":8},"end":{"line":4,"column":13}},"loc":{"start":{"line":4,"column":8},"end":{"line":4,"column":30}}}},"branchMap":{},"s":{"0":6,"1":6,"2":6,"3":123},"f":{"0":0,"1":117},"b":{}}
,"/home/runner/work/very-small-parser/very-small-parser/src/markdown/is.ts": {"path":"/home/runner/work/very-small-parser/very-small-parser/src/markdown/is.ts","statementMap":{"0":{"start":{"line":2,"column":11},"end":{"line":2,"column":68}},"1":{"start":{"line":5,"column":13},"end":{"line":5,"column":74}},"2":{"start":{"line":8,"column":13},"end":{"line":8,"column":55}},"3":{"start":{"line":11,"column":13},"end":{"line":11,"column":57}},"4":{"start":{"line":14,"column":11},"end":{"line":14,"column":55}},"5":{"start":{"line":17,"column":11},"end":{"line":17,"column":61}},"6":{"start":{"line":20,"column":11},"end":{"line":20,"column":37}},"7":{"start":{"line":23,"column":15},"end":{"line":23,"column":113}},"8":{"start":{"line":26,"column":14},"end":{"line":26,"column":80}},"9":{"start":{"line":29,"column":19},"end":{"line":29,"column":80}},"10":{"start":{"line":36,"column":18},"end":{"line":46,"column":22}},"11":{"start":{"line":37,"column":2},"end":{"line":46,"column":22}},"12":{"start":{"line":36,"column":13},"end":{"line":36,"column":18}}},"fnMap":{"0":{"name":"(anonymous_0)","decl":{"start":{"line":36,"column":18},"end":{"line":36,"column":19}},"loc":{"start":{"line":37,"column":2},"end":{"line":46,"column":22}}}},"branchMap":{"0":{"loc":{"start":{"line":37,"column":2},"end":{"line":46,"column":22}},"type":"binary-expr","locations":[{"start":{"line":37,"column":2},"end":{"line":37,"column":14}},{"start":{"line":38,"column":2},"end":{"line":38,"column":16}},{"start":{"line":39,"column":2},"end":{"line":39,"column":16}},{"start":{"line":40,"column":2},"end":{"line":40,"column":16}},{"start":{"line":41,"column":2},"end":{"line":41,"column":14}},{"start":{"line":42,"column":2},"end":{"line":42,"column":14}},{"start":{"line":43,"column":2},"end":{"line":43,"column":14}},{"start":{"line":44,"column":2},"end":{"line":44,"column":18}},{"start":{"line":45,"column":2},"end":{"line":45,"column":17}},{"start":{"line":46,"column":2},"end":{"line":46,"column":22}}]}},"s":{"0":1,"1":1,"2":1,"3":1,"4":1,"5":1,"6":1,"7":1,"8":1,"9":1,"10":1,"11":34,"12":1},"f":{"0":34},"b":{"0":[34,30,26,24,22,20,17,14,9,8]}}
,"/home/runner/work/very-small-parser/very-small-parser/src/markdown/regex.ts": {"path":"/home/runner/work/very-small-parser/very-small-parser/src/markdown/regex.ts","statementMap":{"0":{"start":{"line":1,"column":0},"end":{"line":1,"column":28}},"1":{"start":{"line":3,"column":23},"end":{"line":7,"column":1}},"2":{"start":{"line":4,"column":15},"end":{"line":4,"column":25}},"3":{"start":{"line":5,"column":2},"end":{"line":5,"column":85}},"4":{"start":{"line":5,"column":25},"end":{"line":5,"column":85}},"5":{"start":{"line":6,"column":2},"end":{"line":6,"column":39}},"6":{"start":{"line":3,"column":13},"end":{"line":3,"column":23}},"7":{"start":{"line":9,"column":13},"end":{"line":9,"column":70}},"8":{"start":{"line":10,"column":13},"end":{"line":10,"column":83}},"9":{"start":{"line":11,"column":13},"end":{"line":12,"column":106}},"10":{"start":{"line":13,"column":13},"end":{"line":13,"column":75}},"11":{"start":{"line":14,"column":13},"end":{"line":14,"column":38}},"12":{"start":{"line":15,"column":13},"end":{"line":18,"column":3}}},"fnMap":{"0":{"name":"(anonymous_0)","decl":{"start":{"line":3,"column":23},"end":{"line":3,"column":24}},"loc":{"start":{"line":3,"column":67},"end":{"line":7,"column":1}}}},"branchMap":{},"s":{"0":21,"1":21,"2":99,"3":99,"4":167,"5":99,"6":21,"7":21,"8":21,"9":21,"10":21,"11":21,"12":21},"f":{"0":99},"b":{}}
,"/home/runner/work/very-small-parser/very-small-parser/src/markdown/__tests__/setup.ts": {"path":"/home/runner/work/very-small-parser/very-small-parser/src/markdown/__tests__/setup.ts","statementMap":{"0":{"start":{"line":1,"column":0},"end":{"line":1,"column":37}},"1":{"start":{"line":4,"column":21},"end":{"line":8,"column":1}},"2":{"start":{"line":5,"column":14},"end":{"line":5,"column":31}},"3":{"start":{"line":7,"column":2},"end":{"line":7,"column":13}},"4":{"start":{"line":4,"column":13},"end":{"line":4,"column":21}},"5":{"start":{"line":10,"column":27},"end":{"line":14,"column":1}},"6":{"start":{"line":11,"column":14},"end":{"line":11,"column":37}},"7":{"start":{"line":13,"column":2},"end":{"line":13,"column":13}},"8":{"start":{"line":10,"column":13},"end":{"line":10,"column":27}}},"fnMap":{"0":{"name":"(anonymous_0)","decl":{"start":{"line":4,"column":21},"end":{"line":4,"column":22}},"loc":{"start":{"line":4,"column":44},"end":{"line":8,"column":1}}},"1":{"name":"(anonymous_1)","decl":{"start":{"line":10,"column":27},"end":{"line":10,"column":28}},"loc":{"start":{"line":10,"column":53},"end":{"line":14,"column":1}}}},"branchMap":{},"s":{"0":6,"1":6,"2":62,"3":62,"4":6,"5":6,"6":55,"7":55,"8":6},"f":{"0":62,"1":55},"b":{}}
,"/home/runner/work/very-small-parser/very-small-parser/src/markdown/block/MdBlockParser.ts": {"path":"/home/runner/work/very-small-parser/very-small-parser/src/markdown/block/MdBlockParser.ts","statementMap":{"0":{"start":{"line":1,"column":0},"end":{"line":1,"column":53}},"1":{"start":{"line":16,"column":4},"end":{"line":16,"column":23}},"2":{"start":{"line":17,"column":4},"end":{"line":17,"column":30}},"3":{"start":{"line":21,"column":25},"end":{"line":25,"column":6}},"4":{"start":{"line":26,"column":4},"end":{"line":26,"column":17}},"5":{"start":{"line":30,"column":4},"end":{"line":30,"column":34}},"6":{"start":{"line":12,"column":0},"end":{"line":12,"column":13}}},"fnMap":{"0":{"name":"(anonymous_0)","decl":{"start":{"line":15,"column":2},"end":{"line":15,"column":14}},"loc":{"start":{"line":15,"column":40},"end":{"line":18,"column":3}}},"1":{"name":"(anonymous_1)","decl":{"start":{"line":20,"column":9},"end":{"line":20,"column":15}},"loc":{"start":{"line":20,"column":27},"end":{"line":27,"column":3}}},"2":{"name":"(anonymous_2)","decl":{"start":{"line":29,"column":9},"end":{"line":29,"column":15}},"loc":{"start":{"line":29,"column":27},"end":{"line":31,"column":3}}}},"branchMap":{},"s":{"0":8,"1":8,"2":8,"3":62,"4":62,"5":99,"6":8},"f":{"0":8,"1":62,"2":99},"b":{}}
,"/home/runner/work/very-small-parser/very-small-parser/src/markdown/block/index.ts": {"path":"/home/runner/work/very-small-parser/very-small-parser/src/markdown/block/index.ts","statementMap":{"0":{"start":{"line":1,"column":0},"end":{"line":1,"column":33}},"1":{"start":{"line":2,"column":0},"end":{"line":2,"column":46}},"2":{"start":{"line":3,"column":0},"end":{"line":3,"column":34}},"3":{"start":{"line":5,"column":13},"end":{"line":5,"column":58}}},"fnMap":{},"branchMap":{},"s":{"0":8,"1":8,"2":8,"3":8},"f":{},"b":{}}
,"/home/runner/work/very-small-parser/very-small-parser/src/markdown/block/parsers.ts": {"path":"/home/runner/work/very-small-parser/very-small-parser/src/markdown/block/parsers.ts","statementMap":{"0":{"start":{"line":1,"column":0},"end":{"line":1,"column":38}},"1":{"start":{"line":2,"column":0},"end":{"line":2,"column":32}},"2":{"start":{"line":3,"column":0},"end":{"line":3,"column":46}},"3":{"start":{"line":9,"column":20},"end":{"line":9,"column":30}},"4":{"start":{"line":10,"column":43},"end":{"line":13,"column":1}},"5":{"start":{"line":11,"column":18},"end":{"line":11,"column":40}},"6":{"start":{"line":12,"column":2},"end":{"line":12,"column":59}},"7":{"start":{"line":12,"column":15},"end":{"line":12,"column":59}},"8":{"start":{"line":15,"column":17},"end":{"line":15,"column":34}},"9":{"start":{"line":16,"column":37},"end":{"line":25,"column":1}},"10":{"start":{"line":17,"column":18},"end":{"line":17,"column":37}},"11":{"start":{"line":18,"column":2},"end":{"line":18,"column":23}},"12":{"start":{"line":18,"column":16},"end":{"line":18,"column":23}},"13":{"start":{"line":19,"column":19},"end":{"line":19,"column":29}},"14":{"start":{"line":20,"column":20},"end":{"line":23,"column":4}},"15":{"start":{"line":24,"column":2},"end":{"line":24,"column":81}},"16":{"start":{"line":27,"column":19},"end":{"line":27,"column":83}},"17":{"start":{"line":28,"column":39},"end":{"line":38,"column":1}},"18":{"start":{"line":29,"column":18},"end":{"line":29,"column":39}},"19":{"start":{"line":30,"column":2},"end":{"line":30,"column":23}},"20":{"start":{"line":30,"column":16},"end":{"line":30,"column":23}},"21":{"start":{"line":31,"column":19},"end":{"line":31,"column":29}},"22":{"start":{"line":32,"column":20},"end":{"line":36,"column":4}},"23":{"start":{"line":37,"column":2},"end":{"line":37,"column":64}},"24":{"start":{"line":40,"column":17},"end":{"line":40,"column":70}},"25":{"start":{"line":41,"column":37},"end":{"line":44,"column":1}},"26":{"start":{"line":42,"column":18},"end":{"line":42,"column":37}},"27":{"start":{"line":43,"column":2},"end":{"line":43,"column":89}},"28":{"start":{"line":43,"column":15},"end":{"line":43,"column":89}},"29":{"start":{"line":46,"column":55},"end":{"line":49,"column":1}},"30":{"start":{"line":47,"column":18},"end":{"line":47,"column":35}},"31":{"start":{"line":48,"column":2},"end":{"line":48,"column":107}},"32":{"start":{"line":48,"column":15},"end":{"line":48,"column":107}},"33":{"start":{"line":51,"column":21},"end":{"line":51,"column":65}},"34":{"start":{"line":52,"column":21},"end":{"line":52,"column":56}},"35":{"start":{"line":53,"column":76},"end":{"line":66,"column":1}},"36":{"start":{"line":54,"column":16},"end":{"line":54,"column":39}},"37":{"start":{"line":55,"column":2},"end":{"line":58,"column":3}},"38":{"start":{"line":56,"column":21},"end":{"line":56,"column":31}},"39":{"start":{"line":57,"column":4},"end":{"line":57,"column":108}},"40":{"start":{"line":59,"column":2},"end":{"line":59,"column":36}},"41":{"start":{"line":60,"column":2},"end":{"line":65,"column":3}},"42":{"start":{"line":61,"column":21},"end":{"line":61,"column":31}},"43":{"start":{"line":62,"column":4},"end":{"line":64,"column":7}},"44":{"start":{"line":68,"column":23},"end":{"line":68,"column":118}},"45":{"start":{"line":69,"column":82},"end":{"line":76,"column":1}},"46":{"start":{"line":70,"column":18},"end":{"line":70,"column":43}},"47":{"start":{"line":71,"column":2},"end":{"line":71,"column":23}},"48":{"start":{"line":71,"column":16},"end":{"line":71,"column":23}},"49":{"start":{"line":72,"column":19},"end":{"line":72,"column":29}},"50":{"start":{"line":73,"column":21},"end":{"line":73,"column":50}},"51":{"start":{"line":74,"column":19},"end":{"line":74,"column":43}},"52":{"start":{"line":75,"column":2},"end":{"line":75,"column":67}},"53":{"start":{"line":78,"column":19},"end":{"line":78,"column":51}},"54":{"start":{"line":79,"column":18},"end":{"line":79,"column":32}},"55":{"start":{"line":80,"column":17},"end":{"line":80,"column":94}},"56":{"start":{"line":81,"column":17},"end":{"line":85,"column":2}},"57":{"start":{"line":86,"column":17},"end":{"line":86,"column":80}},"58":{"start":{"line":86,"column":56},"end":{"line":86,"column":80}},"59":{"start":{"line":87,"column":70},"end":{"line":133,"column":1}},"60":{"start":{"line":88,"column":18},"end":{"line":88,"column":39}},"61":{"start":{"line":89,"column":2},"end":{"line":89,"column":23}},"62":{"start":{"line":89,"column":16},"end":{"line":89,"column":23}},"63":{"start":{"line":90,"column":19},"end":{"line":90,"column":29}},"64":{"start":{"line":91,"column":16},"end":{"line":91,"column":34}},"65":{"start":{"line":92,"column":2},"end":{"line":92,"column":21}},"66":{"start":{"line":92,"column":14},"end":{"line":92,"column":21}},"67":{"start":{"line":93,"column":17},"end":{"line":93,"column":29}},"68":{"start":{"line":94,"column":26},"end":{"line":94,"column":28}},"69":{"start":{"line":95,"column":16},"end":{"line":95,"column":21}},"70":{"start":{"line":96,"column":14},"end":{"line":96,"column":18}},"71":{"start":{"line":97,"column":14},"end":{"line":97,"column":19}},"72":{"start":{"line":98,"column":2},"end":{"line":131,"column":3}},"73":{"start":{"line":98,"column":15},"end":{"line":98,"column":16}},"74":{"start":{"line":99,"column":17},"end":{"line":99,"column":25}},"75":{"start":{"line":100,"column":24},"end":{"line":100,"column":46}},"76":{"start":{"line":101,"column":4},"end":{"line":101,"column":29}},"77":{"start":{"line":101,"column":22},"end":{"line":101,"column":29}},"78":{"start":{"line":102,"column":23},"end":{"line":102,"column":56}},"79":{"start":{"line":103,"column":25},"end":{"line":103,"column":39}},"80":{"start":{"line":104,"column":4},"end":{"line":107,"column":5}},"81":{"start":{"line":105,"column":6},"end":{"line":105,"column":21}},"82":{"start":{"line":106,"column":6},"end":{"line":106,"column":48}},"83":{"start":{"line":108,"column":20},"end":{"line":108,"column":52}},"84":{"start":{"line":109,"column":34},"end":{"line":109,"column":38}},"85":{"start":{"line":110,"column":4},"end":{"line":122,"column":5}},"86":{"start":{"line":111,"column":6},"end":{"line":121,"column":7}},"87":{"start":{"line":114,"column":10},"end":{"line":114,"column":42}},"88":{"start":{"line":115,"column":10},"end":{"line":115,"column":25}},"89":{"start":{"line":116,"column":10},"end":{"line":116,"column":16}},"90":{"start":{"line":118,"column":10},"end":{"line":118,"column":42}},"91":{"start":{"line":119,"column":10},"end":{"line":119,"column":26}},"92":{"start":{"line":120,"column":10},"end":{"line":120,"column":16}},"93":{"start":{"line":123,"column":22},"end":{"line":123,"column":48}},"94":{"start":{"line":124,"column":4},"end":{"line":124,"column":32}},"95":{"start":{"line":124,"column":19},"end":{"line":124,"column":32}},"96":{"start":{"line":125,"column":4},"end":{"line":130,"column":7}},"97":{"start":{"line":132,"column":2},"end":{"line":132,"column":80}},"98":{"start":{"line":135,"column":18},"end":{"line":135,"column":89}},"99":{"start":{"line":136,"column":19},"end":{"line":144,"column":1}},"100":{"start":{"line":137,"column":16},"end":{"line":137,"column":67}},"101":{"start":{"line":138,"column":2},"end":{"line":141,"column":3}},"102":{"start":{"line":139,"column":4},"end":{"line":140,"column":53}},"103":{"start":{"line":139,"column":30},"end":{"line":139,"column":50}},"104":{"start":{"line":140,"column":9},"end":{"line":140,"column":53}},"105":{"start":{"line":140,"column":38},"end":{"line":140,"column":53}},"106":{"start":{"line":142,"column":2},"end":{"line":142,"column":80}},"107":{"start":{"line":142,"column":15},"end":{"line":142,"column":16}},"108":{"start":{"line":142,"column":41},"end":{"line":142,"column":80}},"109":{"start":{"line":143,"column":2},"end":{"line":143,"column":15}},"110":{"start":{"line":145,"column":72},"end":{"line":186,"column":1}},"111":{"start":{"line":146,"column":18},"end":{"line":146,"column":40}},"112":{"start":{"line":147,"column":2},"end":{"line":147,"column":23}},"113":{"start":{"line":147,"column":16},"end":{"line":147,"column":23}},"114":{"start":{"line":148,"column":19},"end":{"line":148,"column":29}},"115":{"start":{"line":149,"column":17},"end":{"line":149,"column":27}},"116":{"start":{"line":150,"column":16},"end":{"line":161,"column":6}},"117":{"start":{"line":153,"column":6},"end":{"line":153,"column":25}},"118":{"start":{"line":154,"column":6},"end":{"line":160,"column":17}},"119":{"start":{"line":162,"column":15},"end":{"line":162,"column":82}},"120":{"start":{"line":163,"column":37},"end":{"line":163,"column":39}},"121":{"start":{"line":164,"column":18},"end":{"line":167,"column":5}},"122":{"start":{"line":164,"column":83},"end":{"line":167,"column":4}},"123":{"start":{"line":168,"column":2},"end":{"line":171,"column":23}},"124":{"start":{"line":172,"column":2},"end":{"line":184,"column":3}},"125":{"start":{"line":173,"column":4},"end":{"line":183,"column":5}},"126":{"start":{"line":173,"column":17},"end":{"line":173,"column":18}},"127":{"start":{"line":174,"column":18},"end":{"line":174,"column":25}},"128":{"start":{"line":175,"column":20},"end":{"line":175,"column":80}},"129":{"start":{"line":176,"column":6},"end":{"line":182,"column":27}},"130":{"start":{"line":178,"column":47},"end":{"line":181,"column":10}},"131":{"start":{"line":185,"column":2},"end":{"line":185,"column":66}},"132":{"start":{"line":188,"column":25},"end":{"line":188,"column":97}},"133":{"start":{"line":189,"column":98},"end":{"line":197,"column":1}},"134":{"start":{"line":190,"column":18},"end":{"line":190,"column":47}},"135":{"start":{"line":191,"column":2},"end":{"line":191,"column":23}},"136":{"start":{"line":191,"column":16},"end":{"line":191,"column":23}},"137":{"start":{"line":192,"column":19},"end":{"line":192,"column":29}},"138":{"start":{"line":193,"column":21},"end":{"line":193,"column":31}},"139":{"start":{"line":194,"column":20},"end":{"line":194,"column":52}},"140":{"start":{"line":195,"column":19},"end":{"line":195,"column":42}},"141":{"start":{"line":196,"column":2},"end":{"line":196,"column":97}},"142":{"start":{"line":199,"column":49},"end":{"line":208,"column":1}},"143":{"start":{"line":200,"column":18},"end":{"line":200,"column":38}},"144":{"start":{"line":201,"column":2},"end":{"line":201,"column":23}},"145":{"start":{"line":201,"column":16},"end":{"line":201,"column":23}},"146":{"start":{"line":202,"column":19},"end":{"line":202,"column":29}},"147":{"start":{"line":203,"column":2},"end":{"line":207,"column":5}},"148":{"start":{"line":210,"column":35},"end":{"line":210,"column":65}},"149":{"start":{"line":210,"column":47},"end":{"line":210,"column":65}},"150":{"start":{"line":212,"column":22},"end":{"line":212,"column":92}},"151":{"start":{"line":213,"column":80},"end":{"line":216,"column":1}},"152":{"start":{"line":214,"column":18},"end":{"line":214,"column":44}},"153":{"start":{"line":215,"column":2},"end":{"line":215,"column":104}},"154":{"start":{"line":215,"column":15},"end":{"line":215,"column":104}},"155":{"start":{"line":218,"column":13},"end":{"line":232,"column":2}}},"fnMap":{"0":{"name":"(anonymous_0)","decl":{"start":{"line":10,"column":43},"end":{"line":10,"column":44}},"loc":{"start":{"line":10,"column":54},"end":{"line":13,"column":1}}},"1":{"name":"(anonymous_1)","decl":{"start":{"line":16,"column":37},"end":{"line":16,"column":38}},"loc":{"start":{"line":16,"column":48},"end":{"line":25,"column":1}}},"2":{"name":"(anonymous_2)","decl":{"start":{"line":28,"column":39},"end":{"line":28,"column":40}},"loc":{"start":{"line":28,"column":50},"end":{"line":38,"column":1}}},"3":{"name":"(anonymous_3)","decl":{"start":{"line":41,"column":37},"end":{"line":41,"column":38}},"loc":{"start":{"line":41,"column":48},"end":{"line":44,"column":1}}},"4":{"name":"(anonymous_4)","decl":{"start":{"line":46,"column":55},"end":{"line":46,"column":56}},"loc":{"start":{"line":46,"column":66},"end":{"line":49,"column":1}}},"5":{"name":"(anonymous_5)","decl":{"start":{"line":53,"column":76},"end":{"line":53,"column":77}},"loc":{"start":{"line":53,"column":92},"end":{"line":66,"column":1}}},"6":{"name":"(anonymous_6)","decl":{"start":{"line":69,"column":82},"end":{"line":69,"column":83}},"loc":{"start":{"line":69,"column":98},"end":{"line":76,"column":1}}},"7":{"name":"(anonymous_7)","decl":{"start":{"line":86,"column":17},"end":{"line":86,"column":18}},"loc":{"start":{"line":86,"column":56},"end":{"line":86,"column":80}}},"8":{"name":"(anonymous_8)","decl":{"start":{"line":87,"column":70},"end":{"line":87,"column":71}},"loc":{"start":{"line":87,"column":88},"end":{"line":133,"column":1}}},"9":{"name":"(anonymous_9)","decl":{"start":{"line":136,"column":19},"end":{"line":136,"column":20}},"loc":{"start":{"line":136,"column":56},"end":{"line":144,"column":1}}},"10":{"name":"(anonymous_10)","decl":{"start":{"line":145,"column":72},"end":{"line":145,"column":73}},"loc":{"start":{"line":145,"column":90},"end":{"line":186,"column":1}}},"11":{"name":"(anonymous_11)","decl":{"start":{"line":152,"column":9},"end":{"line":152,"column":10}},"loc":{"start":{"line":152,"column":18},"end":{"line":161,"column":5}}},"12":{"name":"(anonymous_12)","decl":{"start":{"line":164,"column":66},"end":{"line":164,"column":67}},"loc":{"start":{"line":164,"column":83},"end":{"line":167,"column":4}}},"13":{"name":"(anonymous_13)","decl":{"start":{"line":178,"column":28},"end":{"line":178,"column":29}},"loc":{"start":{"line":178,"column":47},"end":{"line":181,"column":10}}},"14":{"name":"(anonymous_14)","decl":{"start":{"line":189,"column":98},"end":{"line":189,"column":99}},"loc":{"start":{"line":189,"column":116},"end":{"line":197,"column":1}}},"15":{"name":"(anonymous_15)","decl":{"start":{"line":199,"column":49},"end":{"line":199,"column":50}},"loc":{"start":{"line":199,"column":62},"end":{"line":208,"column":1}}},"16":{"name":"(anonymous_16)","decl":{"start":{"line":210,"column":35},"end":{"line":210,"column":36}},"loc":{"start":{"line":210,"column":47},"end":{"line":210,"column":65}}},"17":{"name":"(anonymous_17)","decl":{"start":{"line":213,"column":80},"end":{"line":213,"column":81}},"loc":{"start":{"line":213,"column":98},"end":{"line":216,"column":1}}}},"branchMap":{"0":{"loc":{"start":{"line":12,"column":2},"end":{"line":12,"column":59}},"type":"if","locations":[{"start":{"line":12,"column":2},"end":{"line":12,"column":59}}]},"1":{"loc":{"start":{"line":18,"column":2},"end":{"line":18,"column":23}},"type":"if","locations":[{"start":{"line":18,"column":2},"end":{"line":18,"column":23}}]},"2":{"loc":{"start":{"line":30,"column":2},"end":{"line":30,"column":23}},"type":"if","locations":[{"start":{"line":30,"column":2},"end":{"line":30,"column":23}}]},"3":{"loc":{"start":{"line":33,"column":11},"end":{"line":33,"column":35}},"type":"binary-expr","locations":[{"start":{"line":33,"column":11},"end":{"line":33,"column":21}},{"start":{"line":33,"column":25},"end":{"line":33,"column":35}}]},"4":{"loc":{"start":{"line":34,"column":10},"end":{"line":34,"column":26}},"type":"binary-expr","locations":[{"start":{"line":34,"column":10},"end":{"line":34,"column":20}},{"start":{"line":34,"column":24},"end":{"line":34,"column":26}}]},"5":{"loc":{"start":{"line":35,"column":10},"end":{"line":35,"column":48}},"type":"cond-expr","locations":[{"start":{"line":35,"column":31},"end":{"line":35,"column":41}},{"start":{"line":35,"column":44},"end":{"line":35,"column":48}}]},"6":{"loc":{"start":{"line":43,"column":2},"end":{"line":43,"column":89}},"type":"if","locations":[{"start":{"line":43,"column":2},"end":{"line":43,"column":89}}]},"7":{"loc":{"start":{"line":48,"column":2},"end":{"line":48,"column":107}},"type":"if","locations":[{"start":{"line":48,"column":2},"end":{"line":48,"column":107}}]},"8":{"loc":{"start":{"line":55,"column":2},"end":{"line":58,"column":3}},"type":"if","locations":[{"start":{"line":55,"column":2},"end":{"line":58,"column":3}}]},"9":{"loc":{"start":{"line":60,"column":2},"end":{"line":65,"column":3}},"type":"if","locations":[{"start":{"line":60,"column":2},"end":{"line":65,"column":3}}]},"10":{"loc":{"start":{"line":63,"column":13},"end":{"line":63,"column":39}},"type":"cond-expr","locations":[{"start":{"line":63,"column":34},"end":{"line":63,"column":35}},{"start":{"line":63,"column":38},"end":{"line":63,"column":39}}]},"11":{"loc":{"start":{"line":71,"column":2},"end":{"line":71,"column":23}},"type":"if","locations":[{"start":{"line":71,"column":2},"end":{"line":71,"column":23}}]},"12":{"loc":{"start":{"line":89,"column":2},"end":{"line":89,"column":23}},"type":"if","locations":[{"start":{"line":89,"column":2},"end":{"line":89,"column":23}}]},"13":{"loc":{"start":{"line":92,"column":2},"end":{"line":92,"column":21}},"type":"if","locations":[{"start":{"line":92,"column":2},"end":{"line":92,"column":21}}]},"14":{"loc":{"start":{"line":101,"column":4},"end":{"line":101,"column":29}},"type":"if","locations":[{"start":{"line":101,"column":4},"end":{"line":101,"column":29}}]},"15":{"loc":{"start":{"line":104,"column":4},"end":{"line":107,"column":5}},"type":"if","locations":[{"start":{"line":104,"column":4},"end":{"line":107,"column":5}}]},"16":{"loc":{"start":{"line":104,"column":8},"end":{"line":104,"column":42}},"type":"binary-expr","locations":[{"start":{"line":104,"column":8},"end":{"line":104,"column":15}},{"start":{"line":104,"column":19},"end":{"line":104,"column":42}}]},"17":{"loc":{"start":{"line":110,"column":4},"end":{"line":122,"column":5}},"type":"if","locations":[{"start":{"line":110,"column":4},"end":{"line":122,"column":5}}]},"18":{"loc":{"start":{"line":110,"column":8},"end":{"line":110,"column":52}},"type":"binary-expr","locations":[{"start":{"line":110,"column":8},"end":{"line":110,"column":28}},{"start":{"line":110,"column":32},"end":{"line":110,"column":52}}]},"19":{"loc":{"start":{"line":111,"column":6},"end":{"line":121,"column":7}},"type":"switch","locations":[{"start":{"line":112,"column":8},"end":{"line":112,"column":17}},{"start":{"line":113,"column":8},"end":{"line":116,"column":16}},{"start":{"line":117,"column":8},"end":{"line":120,"column":16}}]},"20":{"loc":{"start":{"line":124,"column":4},"end":{"line":124,"column":32}},"type":"if","locations":[{"start":{"line":124,"column":4},"end":{"line":124,"column":32}}]},"21":{"loc":{"start":{"line":138,"column":2},"end":{"line":141,"column":3}},"type":"if","locations":[{"start":{"line":138,"column":2},"end":{"line":141,"column":3}}]},"22":{"loc":{"start":{"line":139,"column":4},"end":{"line":140,"column":53}},"type":"if","locations":[{"start":{"line":139,"column":4},"end":{"line":140,"column":53}},{"start":{"line":140,"column":9},"end":{"line":140,"column":53}}]},"23":{"loc":{"start":{"line":147,"column":2},"end":{"line":147,"column":23}},"type":"if","locations":[{"start":{"line":147,"column":2},"end":{"line":147,"column":23}}]},"24":{"loc":{"start":{"line":154,"column":13},"end":{"line":160,"column":16}},"type":"cond-expr","locations":[{"start":{"line":155,"column":10},"end":{"line":157,"column":18}},{"start":{"line":158,"column":10},"end":{"line":160,"column":16}}]},"25":{"loc":{"start":{"line":155,"column":10},"end":{"line":157,"column":18}},"type":"cond-expr","locations":[{"start":{"line":156,"column":12},"end":{"line":156,"column":20}},{"start":{"line":157,"column":12},"end":{"line":157,"column":18}}]},"26":{"loc":{"start":{"line":158,"column":10},"end":{"line":160,"column":16}},"type":"cond-expr","locations":[{"start":{"line":159,"column":12},"end":{"line":159,"column":19}},{"start":{"line":160,"column":12},"end":{"line":160,"column":16}}]},"27":{"loc":{"start":{"line":162,"column":15},"end":{"line":162,"column":82}},"type":"cond-expr","locations":[{"start":{"line":162,"column":28},"end":{"line":162,"column":77}},{"start":{"line":162,"column":80},"end":{"line":162,"column":82}}]},"28":{"loc":{"start":{"line":172,"column":2},"end":{"line":184,"column":3}},"type":"if","locations":[{"start":{"line":172,"column":2},"end":{"line":184,"column":3}}]},"29":{"loc":{"start":{"line":172,"column":6},"end":{"line":172,"column":25}},"type":"binary-expr","locations":[{"start":{"line":172,"column":6},"end":{"line":172,"column":10}},{"start":{"line":172,"column":14},"end":{"line":172,"column":25}}]},"30":{"loc":{"start":{"line":191,"column":2},"end":{"line":191,"column":23}},"type":"if","locations":[{"start":{"line":191,"column":2},"end":{"line":191,"column":23}}]},"31":{"loc":{"start":{"line":201,"column":2},"end":{"line":201,"column":23}},"type":"if","locations":[{"start":{"line":201,"column":2},"end":{"line":201,"column":23}}]},"32":{"loc":{"start":{"line":205,"column":11},"end":{"line":205,"column":29}},"type":"binary-expr","locations":[{"start":{"line":205,"column":11},"end":{"line":205,"column":21}},{"start":{"line":205,"column":25},"end":{"line":205,"column":29}}]},"33":{"loc":{"start":{"line":215,"column":2},"end":{"line":215,"column":104}},"type":"if","locations":[{"start":{"line":215,"column":2},"end":{"line":215,"column":104}}]}},"s":{"0":8,"1":8,"2":8,"3":8,"4":8,"5":154,"6":154,"7":6,"8":8,"9":8,"10":148,"11":148,"12":144,"13":4,"14":4,"15":4,"16":8,"17":8,"18":144,"19":144,"20":134,"21":10,"22":10,"23":10,"24":8,"25":8,"26":134,"27":134,"28":2,"29":8,"30":132,"31":132,"32":3,"33":8,"34":8,"35":8,"36":129,"37":129,"38":12,"39":12,"40":117,"41":117,"42":2,"43":2,"44":8,"45":8,"46":115,"47":115,"48":110,"49":5,"50":5,"51":5,"52":5,"53":8,"54":8,"55":8,"56":8,"57":8,"58":25,"59":8,"60":110,"61":110,"62":85,"63":25,"64":25,"65":25,"66":0,"67":25,"68":25,"69":25,"70":25,"71":25,"72":25,"73":25,"74":44,"75":44,"76":44,"77":0,"78":44,"79":44,"80":44,"81":6,"82":6,"83":44,"84":44,"85":44,"86":2,"87":1,"88":1,"89":1,"90":1,"91":1,"92":1,"93":44,"94":44,"95":2,"96":44,"97":25,"98":8,"99":8,"100":5,"101":5,"102":3,"103":0,"104":3,"105":0,"106":5,"107":5,"108":11,"109":5,"110":8,"111":85,"112":85,"113":83,"114":2,"115":2,"116":2,"117":4,"118":4,"119":2,"120":2,"121":2,"122":4,"123":2,"124":2,"125":2,"126":2,"127":3,"128":3,"129":3,"130":7,"131":2,"132":8,"133":8,"134":83,"135":83,"136":79,"137":4,"138":4,"139":4,"140":4,"141":4,"142":8,"143":79,"144":79,"145":77,"146":2,"147":2,"148":8,"149":77,"150":8,"151":8,"152":74,"153":74,"154":74,"155":8},"f":{"0":154,"1":148,"2":144,"3":134,"4":132,"5":129,"6":115,"7":25,"8":110,"9":5,"10":85,"11":4,"12":4,"13":7,"14":83,"15":79,"16":77,"17":74},"b":{"0":[6],"1":[144],"2":[134],"3":[10,0],"4":[10,2],"5":[10,0],"6":[2],"7":[3],"8":[12],"9":[2],"10":[1,1],"11":[110],"12":[85],"13":[0],"14":[0],"15":[6],"16":[44,25],"17":[2],"18":[44,2],"19":[1,1,1],"20":[2],"21":[3],"22":[0,3],"23":[83],"24":[1,3],"25":[1,0],"26":[1,2],"27":[2,0],"28":[2],"29":[2,2],"30":[79],"31":[77],"32":[2,2],"33":[74]}}
,"/home/runner/work/very-small-parser/very-small-parser/src/markdown/block/__tests__/setup.ts": {"path":"/home/runner/work/very-small-parser/very-small-parser/src/markdown/block/__tests__/setup.ts","statementMap":{"0":{"start":{"line":1,"column":0},"end":{"line":1,"column":25}},"1":{"start":{"line":4,"column":21},"end":{"line":8,"column":1}},"2":{"start":{"line":5,"column":14},"end":{"line":5,"column":31}},"3":{"start":{"line":7,"column":2},"end":{"line":7,"column":13}},"4":{"start":{"line":4,"column":13},"end":{"line":4,"column":21}}},"fnMap":{"0":{"name":"(anonymous_0)","decl":{"start":{"line":4,"column":21},"end":{"line":4,"column":22}},"loc":{"start":{"line":4,"column":48},"end":{"line":8,"column":1}}}},"branchMap":{},"s":{"0":2,"1":2,"2":3,"3":3,"4":2},"f":{"0":3},"b":{}}
,"/home/runner/work/very-small-parser/very-small-parser/src/markdown/inline/MdInlineParser.ts": {"path":"/home/runner/work/very-small-parser/very-small-parser/src/markdown/inline/MdInlineParser.ts","statementMap":{"0":{"start":{"line":1,"column":0},"end":{"line":1,"column":36}},"1":{"start":{"line":12,"column":4},"end":{"line":12,"column":16}},"2":{"start":{"line":16,"column":19},"end":{"line":16,"column":35}},"3":{"start":{"line":18,"column":24},"end":{"line":18,"column":26}},"4":{"start":{"line":19,"column":19},"end":{"line":19,"column":32}},"5":{"start":{"line":21,"column":4},"end":{"line":32,"column":5}},"6":{"start":{"line":21,"column":17},"end":{"line":21,"column":18}},"7":{"start":{"line":22,"column":18},"end":{"line":22,"column":27}},"8":{"start":{"line":23,"column":6},"end":{"line":31,"column":7}},"9":{"start":{"line":24,"column":8},"end":{"line":27,"column":44}},"10":{"start":{"line":25,"column":10},"end":{"line":25,"column":34}},"11":{"start":{"line":26,"column":10},"end":{"line":26,"column":30}},"12":{"start":{"line":27,"column":15},"end":{"line":27,"column":44}},"13":{"start":{"line":29,"column":8},"end":{"line":29,"column":25}},"14":{"start":{"line":30,"column":8},"end":{"line":30,"column":22}},"15":{"start":{"line":33,"column":4},"end":{"line":33,"column":18}},"16":{"start":{"line":9,"column":0},"end":{"line":9,"column":13}}},"fnMap":{"0":{"name":"(anonymous_0)","decl":{"start":{"line":11,"column":2},"end":{"line":11,"column":14}},"loc":{"start":{"line":11,"column":41},"end":{"line":13,"column":3}}},"1":{"name":"(anonymous_1)","decl":{"start":{"line":15,"column":9},"end":{"line":15,"column":14}},"loc":{"start":{"line":15,"column":26},"end":{"line":34,"column":3}}}},"branchMap":{"0":{"loc":{"start":{"line":23,"column":6},"end":{"line":31,"column":7}},"type":"if","locations":[{"start":{"line":23,"column":6},"end":{"line":31,"column":7}},{"start":{"line":28,"column":13},"end":{"line":31,"column":7}}]},"1":{"loc":{"start":{"line":24,"column":8},"end":{"line":27,"column":44}},"type":"if","locations":[{"start":{"line":24,"column":8},"end":{"line":27,"column":44}},{"start":{"line":27,"column":15},"end":{"line":27,"column":44}}]}},"s":{"0":15,"1":15,"2":303,"3":303,"4":303,"5":303,"6":303,"7":428,"8":428,"9":275,"10":10,"11":10,"12":265,"13":153,"14":153,"15":303,"16":15},"f":{"0":15,"1":303},"b":{"0":[275,153],"1":[10,265]}}
,"/home/runner/work/very-small-parser/very-small-parser/src/markdown/inline/index.ts": {"path":"/home/runner/work/very-small-parser/very-small-parser/src/markdown/inline/index.ts","statementMap":{"0":{"start":{"line":1,"column":0},"end":{"line":1,"column":48}},"1":{"start":{"line":2,"column":0},"end":{"line":2,"column":34}},"2":{"start":{"line":4,"column":13},"end":{"line":4,"column":52}}},"fnMap":{},"branchMap":{},"s":{"0":15,"1":15,"2":15},"f":{},"b":{}}
,"/home/runner/work/very-small-parser/very-small-parser/src/markdown/inline/parsers.ts": {"path":"/home/runner/work/very-small-parser/very-small-parser/src/markdown/inline/parsers.ts","statementMap":{"0":{"start":{"line":1,"column":0},"end":{"line":1,"column":59}},"1":{"start":{"line":2,"column":0},"end":{"line":2,"column":58}},"2":{"start":{"line":3,"column":0},"end":{"line":3,"column":46}},"3":{"start":{"line":8,"column":24},"end":{"line":8,"column":58}},"4":{"start":{"line":9,"column":50},"end":{"line":16,"column":1}},"5":{"start":{"line":10,"column":18},"end":{"line":10,"column":46}},"6":{"start":{"line":11,"column":2},"end":{"line":11,"column":23}},"7":{"start":{"line":11,"column":16},"end":{"line":11,"column":23}},"8":{"start":{"line":12,"column":2},"end":{"line":15,"column":5}},"9":{"start":{"line":19,"column":2},"end":{"line":19,"column":111}},"10":{"start":{"line":20,"column":42},"end":{"line":25,"column":1}},"11":{"start":{"line":21,"column":18},"end":{"line":21,"column":41}},"12":{"start":{"line":22,"column":2},"end":{"line":22,"column":23}},"13":{"start":{"line":22,"column":16},"end":{"line":22,"column":23}},"14":{"start":{"line":23,"column":19},"end":{"line":23,"column":71}},"15":{"start":{"line":24,"column":2},"end":{"line":24,"column":76}},"16":{"start":{"line":28,"column":2},"end":{"line":28,"column":166}},"17":{"start":{"line":29,"column":46},"end":{"line":34,"column":1}},"18":{"start":{"line":30,"column":18},"end":{"line":30,"column":43}},"19":{"start":{"line":31,"column":2},"end":{"line":31,"column":23}},"20":{"start":{"line":31,"column":16},"end":{"line":31,"column":23}},"21":{"start":{"line":32,"column":19},"end":{"line":32,"column":99}},"22":{"start":{"line":33,"column":2},"end":{"line":33,"column":80}},"23":{"start":{"line":36,"column":19},"end":{"line":36,"column":44}},"24":{"start":{"line":37,"column":47},"end":{"line":40,"column":1}},"25":{"start":{"line":38,"column":18},"end":{"line":38,"column":41}},"26":{"start":{"line":39,"column":2},"end":{"line":39,"column":91}},"27":{"start":{"line":39,"column":15},"end":{"line":39,"column":91}},"28":{"start":{"line":42,"column":20},"end":{"line":42,"column":38}},"29":{"start":{"line":43,"column":44},"end":{"line":46,"column":1}},"30":{"start":{"line":44,"column":18},"end":{"line":44,"column":42}},"31":{"start":{"line":45,"column":2},"end":{"line":45,"column":93}},"32":{"start":{"line":45,"column":15},"end":{"line":45,"column":93}},"33":{"start":{"line":48,"column":24},"end":{"line":48,"column":59}},"34":{"start":{"line":49,"column":50},"end":{"line":52,"column":1}},"35":{"start":{"line":50,"column":18},"end":{"line":50,"column":46}},"36":{"start":{"line":51,"column":2},"end":{"line":51,"column":102}},"37":{"start":{"line":51,"column":15},"end":{"line":51,"column":102}},"38":{"start":{"line":54,"column":31},"end":{"line":54,"column":62}},"39":{"start":{"line":55,"column":64},"end":{"line":58,"column":1}},"40":{"start":{"line":56,"column":18},"end":{"line":56,"column":53}},"41":{"start":{"line":57,"column":2},"end":{"line":57,"column":116}},"42":{"start":{"line":57,"column":15},"end":{"line":57,"column":116}},"43":{"start":{"line":60,"column":22},"end":{"line":60,"column":74}},"44":{"start":{"line":61,"column":76},"end":{"line":78,"column":1}},"45":{"start":{"line":62,"column":18},"end":{"line":62,"column":44}},"46":{"start":{"line":63,"column":2},"end":{"line":63,"column":23}},"47":{"start":{"line":63,"column":16},"end":{"line":63,"column":23}},"48":{"start":{"line":64,"column":19},"end":{"line":64,"column":29}},"49":{"start":{"line":65,"column":18},"end":{"line":65,"column":37}},"50":{"start":{"line":66,"column":15},"end":{"line":66,"column":59}},"51":{"start":{"line":67,"column":19},"end":{"line":67,"column":29}},"52":{"start":{"line":68,"column":57},"end":{"line":68,"column":63}},"53":{"start":{"line":69,"column":51},"end":{"line":69,"column":57}},"54":{"start":{"line":70,"column":2},"end":{"line":73,"column":3}},"55":{"start":{"line":71,"column":4},"end":{"line":71,"column":28}},"56":{"start":{"line":72,"column":4},"end":{"line":72,"column":58}},"57":{"start":{"line":74,"column":75},"end":{"line":74,"column":102}},"58":{"start":{"line":75,"column":2},"end":{"line":76,"column":43}},"59":{"start":{"line":75,"column":16},"end":{"line":75,"column":77}},"60":{"start":{"line":76,"column":7},"end":{"line":76,"column":43}},"61":{"start":{"line":77,"column":2},"end":{"line":77,"column":98}},"62":{"start":{"line":80,"column":24},"end":{"line":80,"column":58}},"63":{"start":{"line":81,"column":50},"end":{"line":86,"column":1}},"64":{"start":{"line":82,"column":18},"end":{"line":82,"column":46}},"65":{"start":{"line":83,"column":2},"end":{"line":83,"column":23}},"66":{"start":{"line":83,"column":16},"end":{"line":83,"column":23}},"67":{"start":{"line":84,"column":19},"end":{"line":84,"column":29}},"68":{"start":{"line":85,"column":2},"end":{"line":85,"column":85}},"69":{"start":{"line":88,"column":16},"end":{"line":88,"column":41}},"70":{"start":{"line":89,"column":36},"end":{"line":89,"column":66}},"71":{"start":{"line":91,"column":16},"end":{"line":91,"column":39}},"72":{"start":{"line":92,"column":36},"end":{"line":92,"column":66}},"73":{"start":{"line":94,"column":17},"end":{"line":94,"column":42}},"74":{"start":{"line":95,"column":38},"end":{"line":95,"column":70}},"75":{"start":{"line":97,"column":19},"end":{"line":97,"column":82}},"76":{"start":{"line":98,"column":42},"end":{"line":103,"column":1}},"77":{"start":{"line":99,"column":18},"end":{"line":99,"column":41}},"78":{"start":{"line":100,"column":2},"end":{"line":100,"column":23}},"79":{"start":{"line":100,"column":16},"end":{"line":100,"column":23}},"80":{"start":{"line":101,"column":19},"end":{"line":101,"column":43}},"81":{"start":{"line":102,"column":2},"end":{"line":102,"column":104}},"82":{"start":{"line":105,"column":22},"end":{"line":105,"column":51}},"83":{"start":{"line":106,"column":48},"end":{"line":106,"column":90}},"84":{"start":{"line":108,"column":20},"end":{"line":108,"column":39}},"85":{"start":{"line":109,"column":19},"end":{"line":109,"column":27}},"86":{"start":{"line":110,"column":46},"end":{"line":113,"column":1}},"87":{"start":{"line":111,"column":18},"end":{"line":111,"column":69}},"88":{"start":{"line":112,"column":2},"end":{"line":112,"column":63}},"89":{"start":{"line":112,"column":15},"end":{"line":112,"column":63}},"90":{"start":{"line":115,"column":13},"end":{"line":122,"column":1}},"91":{"start":{"line":116,"column":20},"end":{"line":116,"column":66}},"92":{"start":{"line":117,"column":20},"end":{"line":117,"column":64}},"93":{"start":{"line":118,"column":2},"end":{"line":121,"column":4}},"94":{"start":{"line":119,"column":20},"end":{"line":119,"column":68}},"95":{"start":{"line":120,"column":4},"end":{"line":120,"column":92}},"96":{"start":{"line":120,"column":17},"end":{"line":120,"column":92}},"97":{"start":{"line":125,"column":16},"end":{"line":125,"column":104}},"98":{"start":{"line":126,"column":17},"end":{"line":126,"column":96}},"99":{"start":{"line":127,"column":53},"end":{"line":143,"column":1}},"100":{"start":{"line":128,"column":18},"end":{"line":128,"column":39}},"101":{"start":{"line":129,"column":2},"end":{"line":129,"column":23}},"102":{"start":{"line":129,"column":16},"end":{"line":129,"column":23}},"103":{"start":{"line":130,"column":18},"end":{"line":130,"column":39}},"104":{"start":{"line":131,"column":18},"end":{"line":131,"column":28}},"105":{"start":{"line":132,"column":2},"end":{"line":132,"column":52}},"106":{"start":{"line":132,"column":17},"end":{"line":132,"column":52}},"107":{"start":{"line":133,"column":2},"end":{"line":138,"column":7}},"108":{"start":{"line":134,"column":4},"end":{"line":138,"column":7}},"109":{"start":{"line":139,"column":2},"end":{"line":142,"column":5}},"110":{"start":{"line":145,"column":18},"end":{"line":159,"column":18}},"111":{"start":{"line":147,"column":2},"end":{"line":159,"column":18}},"112":{"start":{"line":161,"column":17},"end":{"line":162,"column":null}},"113":{"start":{"line":164,"column":38},"end":{"line":170,"column":1}},"114":{"start":{"line":165,"column":18},"end":{"line":165,"column":37}},"115":{"start":{"line":166,"column":2},"end":{"line":166,"column":23}},"116":{"start":{"line":166,"column":16},"end":{"line":166,"column":23}},"117":{"start":{"line":167,"column":16},"end":{"line":167,"column":26}},"118":{"start":{"line":168,"column":16},"end":{"line":168,"column":32}},"119":{"start":{"line":169,"column":2},"end":{"line":169,"column":74}},"120":{"start":{"line":172,"column":19},"end":{"line":172,"column":64}},"121":{"start":{"line":173,"column":46},"end":{"line":176,"column":1}},"122":{"start":{"line":174,"column":18},"end":{"line":174,"column":41}},"123":{"start":{"line":175,"column":2},"end":{"line":175,"column":90}},"124":{"start":{"line":175,"column":15},"end":{"line":175,"column":90}},"125":{"start":{"line":178,"column":35},"end":{"line":178,"column":65}},"126":{"start":{"line":178,"column":47},"end":{"line":178,"column":65}},"127":{"start":{"line":180,"column":13},"end":{"line":201,"column":2}}},"fnMap":{"0":{"name":"(anonymous_0)","decl":{"start":{"line":9,"column":50},"end":{"line":9,"column":51}},"loc":{"start":{"line":9,"column":63},"end":{"line":16,"column":1}}},"1":{"name":"(anonymous_1)","decl":{"start":{"line":20,"column":42},"end":{"line":20,"column":43}},"loc":{"start":{"line":20,"column":60},"end":{"line":25,"column":1}}},"2":{"name":"(anonymous_2)","decl":{"start":{"line":29,"column":46},"end":{"line":29,"column":47}},"loc":{"start":{"line":29,"column":64},"end":{"line":34,"column":1}}},"3":{"name":"(anonymous_3)","decl":{"start":{"line":37,"column":47},"end":{"line":37,"column":48}},"loc":{"start":{"line":37,"column":65},"end":{"line":40,"column":1}}},"4":{"name":"(anonymous_4)","decl":{"start":{"line":43,"column":44},"end":{"line":43,"column":45}},"loc":{"start":{"line":43,"column":62},"end":{"line":46,"column":1}}},"5":{"name":"(anonymous_5)","decl":{"start":{"line":49,"column":50},"end":{"line":49,"column":51}},"loc":{"start":{"line":49,"column":68},"end":{"line":52,"column":1}}},"6":{"name":"(anonymous_6)","decl":{"start":{"line":55,"column":64},"end":{"line":55,"column":65}},"loc":{"start":{"line":55,"column":82},"end":{"line":58,"column":1}}},"7":{"name":"(anonymous_7)","decl":{"start":{"line":61,"column":76},"end":{"line":61,"column":77}},"loc":{"start":{"line":61,"column":94},"end":{"line":78,"column":1}}},"8":{"name":"(anonymous_8)","decl":{"start":{"line":81,"column":50},"end":{"line":81,"column":51}},"loc":{"start":{"line":81,"column":63},"end":{"line":86,"column":1}}},"9":{"name":"(anonymous_9)","decl":{"start":{"line":98,"column":42},"end":{"line":98,"column":43}},"loc":{"start":{"line":98,"column":55},"end":{"line":103,"column":1}}},"10":{"name":"(anonymous_10)","decl":{"start":{"line":110,"column":46},"end":{"line":110,"column":47}},"loc":{"start":{"line":110,"column":59},"end":{"line":113,"column":1}}},"11":{"name":"(anonymous_11)","decl":{"start":{"line":115,"column":13},"end":{"line":115,"column":14}},"loc":{"start":{"line":115,"column":65},"end":{"line":122,"column":1}}},"12":{"name":"(anonymous_12)","decl":{"start":{"line":118,"column":9},"end":{"line":118,"column":10}},"loc":{"start":{"line":118,"column":30},"end":{"line":121,"column":3}}},"13":{"name":"(anonymous_13)","decl":{"start":{"line":127,"column":53},"end":{"line":127,"column":54}},"loc":{"start":{"line":127,"column":79},"end":{"line":143,"column":1}}},"14":{"name":"(anonymous_14)","decl":{"start":{"line":145,"column":18},"end":{"line":145,"column":19}},"loc":{"start":{"line":147,"column":2},"end":{"line":159,"column":18}}},"15":{"name":"(anonymous_15)","decl":{"start":{"line":164,"column":38},"end":{"line":164,"column":39}},"loc":{"start":{"line":164,"column":51},"end":{"line":170,"column":1}}},"16":{"name":"(anonymous_16)","decl":{"start":{"line":173,"column":46},"end":{"line":173,"column":47}},"loc":{"start":{"line":173,"column":59},"end":{"line":176,"column":1}}},"17":{"name":"(anonymous_17)","decl":{"start":{"line":178,"column":35},"end":{"line":178,"column":36}},"loc":{"start":{"line":178,"column":47},"end":{"line":178,"column":65}}}},"branchMap":{"0":{"loc":{"start":{"line":11,"column":2},"end":{"line":11,"column":23}},"type":"if","locations":[{"start":{"line":11,"column":2},"end":{"line":11,"column":23}}]},"1":{"loc":{"start":{"line":22,"column":2},"end":{"line":22,"column":23}},"type":"if","locations":[{"start":{"line":22,"column":2},"end":{"line":22,"column":23}}]},"2":{"loc":{"start":{"line":23,"column":19},"end":{"line":23,"column":71}},"type":"binary-expr","locations":[{"start":{"line":23,"column":19},"end":{"line":23,"column":29}},{"start":{"line":23,"column":33},"end":{"line":23,"column":43}},{"start":{"line":23,"column":47},"end":{"line":23,"column":57}},{"start":{"line":23,"column":61},"end":{"line":23,"column":71}}]},"3":{"loc":{"start":{"line":31,"column":2},"end":{"line":31,"column":23}},"type":"if","locations":[{"start":{"line":31,"column":2},"end":{"line":31,"column":23}}]},"4":{"loc":{"start":{"line":32,"column":19},"end":{"line":32,"column":99}},"type":"binary-expr","locations":[{"start":{"line":32,"column":19},"end":{"line":32,"column":29}},{"start":{"line":32,"column":33},"end":{"line":32,"column":43}},{"start":{"line":32,"column":47},"end":{"line":32,"column":57}},{"start":{"line":32,"column":61},"end":{"line":32,"column":71}},{"start":{"line":32,"column":75},"end":{"line":32,"column":85}},{"start":{"line":32,"column":89},"end":{"line":32,"column":99}}]},"5":{"loc":{"start":{"line":39,"column":2},"end":{"line":39,"column":91}},"type":"if","locations":[{"start":{"line":39,"column":2},"end":{"line":39,"column":91}}]},"6":{"loc":{"start":{"line":45,"column":2},"end":{"line":45,"column":93}},"type":"if","locations":[{"start":{"line":45,"column":2},"end":{"line":45,"column":93}}]},"7":{"loc":{"start":{"line":51,"column":2},"end":{"line":51,"column":102}},"type":"if","locations":[{"start":{"line":51,"column":2},"end":{"line":51,"column":102}}]},"8":{"loc":{"start":{"line":57,"column":2},"end":{"line":57,"column":116}},"type":"if","locations":[{"start":{"line":57,"column":2},"end":{"line":57,"column":116}}]},"9":{"loc":{"start":{"line":63,"column":2},"end":{"line":63,"column":23}},"type":"if","locations":[{"start":{"line":63,"column":2},"end":{"line":63,"column":23}}]},"10":{"loc":{"start":{"line":66,"column":15},"end":{"line":66,"column":59}},"type":"cond-expr","locations":[{"start":{"line":66,"column":25},"end":{"line":66,"column":41}},{"start":{"line":66,"column":44},"end":{"line":66,"column":59}}]},"11":{"loc":{"start":{"line":70,"column":2},"end":{"line":73,"column":3}},"type":"if","locations":[{"start":{"line":70,"column":2},"end":{"line":73,"column":3}}]},"12":{"loc":{"start":{"line":72,"column":20},"end":{"line":72,"column":57}},"type":"cond-expr","locations":[{"start":{"line":72,"column":33},"end":{"line":72,"column":44}},{"start":{"line":72,"column":47},"end":{"line":72,"column":57}}]},"13":{"loc":{"start":{"line":75,"column":2},"end":{"line":76,"column":43}},"type":"if","locations":[{"start":{"line":75,"column":2},"end":{"line":76,"column":43}},{"start":{"line":76,"column":7},"end":{"line":76,"column":43}}]},"14":{"loc":{"start":{"line":75,"column":58},"end":{"line":75,"column":76}},"type":"binary-expr","locations":[{"start":{"line":75,"column":58},"end":{"line":75,"column":68}},{"start":{"line":75,"column":72},"end":{"line":75,"column":76}}]},"15":{"loc":{"start":{"line":83,"column":2},"end":{"line":83,"column":23}},"type":"if","locations":[{"start":{"line":83,"column":2},"end":{"line":83,"column":23}}]},"16":{"loc":{"start":{"line":100,"column":2},"end":{"line":100,"column":23}},"type":"if","locations":[{"start":{"line":100,"column":2},"end":{"line":100,"column":23}}]},"17":{"loc":{"start":{"line":101,"column":19},"end":{"line":101,"column":43}},"type":"binary-expr","locations":[{"start":{"line":101,"column":19},"end":{"line":101,"column":29}},{"start":{"line":101,"column":33},"end":{"line":101,"column":43}}]},"18":{"loc":{"start":{"line":111,"column":18},"end":{"line":111,"column":69}},"type":"binary-expr","locations":[{"start":{"line":111,"column":18},"end":{"line":111,"column":42}},{"start":{"line":111,"column":46},"end":{"line":111,"column":69}}]},"19":{"loc":{"start":{"line":112,"column":2},"end":{"line":112,"column":63}},"type":"if","locations":[{"start":{"line":112,"column":2},"end":{"line":112,"column":63}}]},"20":{"loc":{"start":{"line":115,"column":14},"end":{"line":115,"column":36}},"type":"default-arg","locations":[{"start":{"line":115,"column":34},"end":{"line":115,"column":36}}]},"21":{"loc":{"start":{"line":119,"column":20},"end":{"line":119,"column":68}},"type":"binary-expr","locations":[{"start":{"line":119,"column":20},"end":{"line":119,"column":42}},{"start":{"line":119,"column":46},"end":{"line":119,"column":68}}]},"22":{"loc":{"start":{"line":120,"column":4},"end":{"line":120,"column":92}},"type":"if","locations":[{"start":{"line":120,"column":4},"end":{"line":120,"column":92}}]},"23":{"loc":{"start":{"line":129,"column":2},"end":{"line":129,"column":23}},"type":"if","locations":[{"start":{"line":129,"column":2},"end":{"line":129,"column":23}}]},"24":{"loc":{"start":{"line":132,"column":2},"end":{"line":132,"column":52}},"type":"if","locations":[{"start":{"line":132,"column":2},"end":{"line":132,"column":52}}]},"25":{"loc":{"start":{"line":133,"column":2},"end":{"line":138,"column":7}},"type":"if","locations":[{"start":{"line":133,"column":2},"end":{"line":138,"column":7}}]},"26":{"loc":{"start":{"line":166,"column":2},"end":{"line":166,"column":23}},"type":"if","locations":[{"start":{"line":166,"column":2},"end":{"line":166,"column":23}}]},"27":{"loc":{"start":{"line":175,"column":2},"end":{"line":175,"column":90}},"type":"if","locations":[{"start":{"line":175,"column":2},"end":{"line":175,"column":90}}]}},"s":{"0":15,"1":15,"2":15,"3":15,"4":15,"5":425,"6":425,"7":422,"8":3,"9":15,"10":15,"11":422,"12":422,"13":410,"14":12,"15":12,"16":15,"17":15,"18":410,"19":410,"20":391,"21":19,"22":19,"23":15,"24":15,"25":388,"26":388,"27":5,"28":15,"29":15,"30":391,"31":391,"32":3,"33":15,"34":15,"35":383,"36":383,"37":7,"38":15,"39":15,"40":376,"41":376,"42":6,"43":15,"44":15,"45":352,"46":352,"47":332,"48":20,"49":20,"50":20,"51":20,"52":20,"53":20,"54":20,"55":11,"56":11,"57":20,"58":20,"59":8,"60":12,"61":20,"62":15,"63":15,"64":332,"65":332,"66":329,"67":3,"68":3,"69":15,"70":15,"71":15,"72":15,"73":15,"74":15,"75":15,"76":15,"77":314,"78":314,"79":298,"80":16,"81":16,"82":15,"83":15,"84":15,"85":15,"86":15,"87":293,"88":293,"89":2,"90":15,"91":15,"92":15,"93":15,"94":291,"95":291,"96":11,"97":15,"98":15,"99":15,"100":370,"101":370,"102":352,"103":18,"104":18,"105":18,"106":6,"107":18,"108":8,"109":10,"110":15,"111":272,"112":15,"113":15,"114":272,"115":272,"116":0,"117":272,"118":272,"119":272,"120":15,"121":15,"122":428,"123":428,"124":3,"125":15,"126":280,"127":15},"f":{"0":425,"1":422,"2":410,"3":388,"4":391,"5":383,"6":376,"7":352,"8":332,"9":314,"10":293,"11":15,"12":291,"13":370,"14":272,"15":272,"16":428,"17":280},"b":{"0":[422],"1":[410],"2":[12,12,12,4],"3":[391],"4":[19,18,18,18,6,6],"5":[5],"6":[3],"7":[7],"8":[6],"9":[332],"10":[8,12],"11":[11],"12":[7,4],"13":[8,12],"14":[8,0],"15":[329],"16":[298],"17":[16,10],"18":[293,292],"19":[2],"20":[15],"21":[291,285],"22":[11],"23":[352],"24":[6],"25":[8],"26":[0],"27":[3]}}
,"/home/runner/work/very-small-parser/very-small-parser/src/markdown/inline/toText.ts": {"path":"/home/runner/work/very-small-parser/very-small-parser/src/markdown/inline/toText.ts","statementMap":{"0":{"start":{"line":1,"column":0},"end":{"line":1,"column":55}},"1":{"start":{"line":5,"column":23},"end":{"line":11,"column":1}},"2":{"start":{"line":6,"column":2},"end":{"line":6,"column":27}},"3":{"start":{"line":6,"column":17},"end":{"line":6,"column":27}},"4":{"start":{"line":7,"column":12},"end":{"line":7,"column":14}},"5":{"start":{"line":8,"column":17},"end":{"line":8,"column":32}},"6":{"start":{"line":9,"column":2},"end":{"line":9,"column":62}},"7":{"start":{"line":9,"column":15},"end":{"line":9,"column":16}},"8":{"start":{"line":9,"column":35},"end":{"line":9,"column":62}},"9":{"start":{"line":10,"column":2},"end":{"line":10,"column":13}},"10":{"start":{"line":13,"column":22},"end":{"line":75,"column":1}},"11":{"start":{"line":14,"column":2},"end":{"line":14,"column":55}},"12":{"start":{"line":14,"column":27},"end":{"line":14,"column":55}},"13":{"start":{"line":15,"column":17},"end":{"line":15,"column":37}},"14":{"start":{"line":16,"column":15},"end":{"line":16,"column":26}},"15":{"start":{"line":17,"column":2},"end":{"line":73,"column":3}},"16":{"start":{"line":19,"column":6},"end":{"line":19,"column":26}},"17":{"start":{"line":21,"column":6},"end":{"line":21,"column":36}},"18":{"start":{"line":23,"column":6},"end":{"line":23,"column":59}},"19":{"start":{"line":25,"column":6},"end":{"line":25,"column":57}},"20":{"start":{"line":27,"column":6},"end":{"line":27,"column":59}},"21":{"start":{"line":29,"column":6},"end":{"line":29,"column":59}},"22":{"start":{"line":31,"column":6},"end":{"line":31,"column":38}},"23":{"start":{"line":33,"column":6},"end":{"line":33,"column":39}},"24":{"start":{"line":36,"column":42},"end":{"line":36,"column":48}},"25":{"start":{"line":37,"column":20},"end":{"line":37,"column":58}},"26":{"start":{"line":38,"column":6},"end":{"line":45,"column":7}},"27":{"start":{"line":40,"column":10},"end":{"line":40,"column":126}},"28":{"start":{"line":42,"column":10},"end":{"line":42,"column":44}},"29":{"start":{"line":44,"column":10},"end":{"line":44,"column":42}},"30":{"start":{"line":49,"column":27},"end":{"line":49,"column":33}},"31":{"start":{"line":50,"column":20},"end":{"line":50,"column":96}},"32":{"start":{"line":51,"column":6},"end":{"line":51,"column":74}},"33":{"start":{"line":54,"column":6},"end":{"line":54,"column":26}},"34":{"start":{"line":56,"column":6},"end":{"line":56,"column":57}},"35":{"start":{"line":58,"column":6},"end":{"line":58,"column":57}},"36":{"start":{"line":60,"column":6},"end":{"line":60,"column":59}},"37":{"start":{"line":62,"column":6},"end":{"line":62,"column":42}},"38":{"start":{"line":64,"column":6},"end":{"line":64,"column":59}},"39":{"start":{"line":66,"column":6},"end":{"line":66,"column":18}},"40":{"start":{"line":68,"column":6},"end":{"line":68,"column":38}},"41":{"start":{"line":70,"column":6},"end":{"line":70,"column":38}},"42":{"start":{"line":72,"column":6},"end":{"line":72,"column":39}},"43":{"start":{"line":74,"column":2},"end":{"line":74,"column":50}},"44":{"start":{"line":13,"column":13},"end":{"line":13,"column":22}}},"fnMap":{"0":{"name":"(anonymous_0)","decl":{"start":{"line":5,"column":23},"end":{"line":5,"column":24}},"loc":{"start":{"line":5,"column":55},"end":{"line":11,"column":1}}},"1":{"name":"(anonymous_1)","decl":{"start":{"line":13,"column":22},"end":{"line":13,"column":23}},"loc":{"start":{"line":13,"column":58},"end":{"line":75,"column":1}}}},"branchMap":{"0":{"loc":{"start":{"line":6,"column":2},"end":{"line":6,"column":27}},"type":"if","locations":[{"start":{"line":6,"column":2},"end":{"line":6,"column":27}}]},"1":{"loc":{"start":{"line":14,"column":2},"end":{"line":14,"column":55}},"type":"if","locations":[{"start":{"line":14,"column":2},"end":{"line":14,"column":55}}]},"2":{"loc":{"start":{"line":17,"column":2},"end":{"line":73,"column":3}},"type":"switch","locations":[{"start":{"line":18,"column":4},"end":{"line":19,"column":26}},{"start":{"line":20,"column":4},"end":{"line":21,"column":36}},{"start":{"line":22,"column":4},"end":{"line":23,"column":59}},{"start":{"line":24,"column":4},"end":{"line":25,"column":57}},{"start":{"line":26,"column":4},"end":{"line":27,"column":59}},{"start":{"line":28,"column":4},"end":{"line":29,"column":59}},{"start":{"line":30,"column":4},"end":{"line":31,"column":38}},{"start":{"line":32,"column":4},"end":{"line":33,"column":39}},{"start":{"line":34,"column":4},"end":{"line":34,"column":25}},{"start":{"line":35,"column":4},"end":{"line":46,"column":5}},{"start":{"line":47,"column":4},"end":{"line":47,"column":16}},{"start":{"line":48,"column":4},"end":{"line":52,"column":5}},{"start":{"line":53,"column":4},"end":{"line":54,"column":26}},{"start":{"line":55,"column":4},"end":{"line":56,"column":57}},{"start":{"line":57,"column":4},"end":{"line":58,"column":57}},{"start":{"line":59,"column":4},"end":{"line":60,"column":59}},{"start":{"line":61,"column":4},"end":{"line":62,"column":42}},{"start":{"line":63,"column":4},"end":{"line":64,"column":59}},{"start":{"line":65,"column":4},"end":{"line":66,"column":18}},{"start":{"line":67,"column":4},"end":{"line":68,"column":38}},{"start":{"line":69,"column":4},"end":{"line":70,"column":38}},{"start":{"line":71,"column":4},"end":{"line":72,"column":39}}]},"3":{"loc":{"start":{"line":37,"column":20},"end":{"line":37,"column":58}},"type":"cond-expr","locations":[{"start":{"line":37,"column":48},"end":{"line":37,"column":52}},{"start":{"line":37,"column":55},"end":{"line":37,"column":58}}]},"4":{"loc":{"start":{"line":38,"column":6},"end":{"line":45,"column":7}},"type":"switch","locations":[{"start":{"line":39,"column":8},"end":{"line":40,"column":126}},{"start":{"line":41,"column":8},"end":{"line":42,"column":44}},{"start":{"line":43,"column":8},"end":{"line":44,"column":42}}]},"5":{"loc":{"start":{"line":40,"column":26},"end":{"line":40,"column":98}},"type":"cond-expr","locations":[{"start":{"line":40,"column":54},"end":{"line":40,"column":64}},{"start":{"line":40,"column":67},"end":{"line":40,"column":98}}]},"6":{"loc":{"start":{"line":50,"column":20},"end":{"line":50,"column":96}},"type":"cond-expr","locations":[{"start":{"line":50,"column":39},"end":{"line":50,"column":56}},{"start":{"line":50,"column":59},"end":{"line":50,"column":96}}]},"7":{"loc":{"start":{"line":51,"column":35},"end":{"line":51,"column":66}},"type":"cond-expr","locations":[{"start":{"line":51,"column":43},"end":{"line":51,"column":61}},{"start":{"line":51,"column":64},"end":{"line":51,"column":66}}]}},"s":{"0":1,"1":1,"2":56,"3":0,"4":56,"5":56,"6":56,"7":56,"8":57,"9":56,"10":1,"11":100,"12":43,"13":57,"14":57,"15":57,"16":19,"17":1,"18":2,"19":2,"20":1,"21":0,"22":2,"23":2,"24":8,"25":8,"26":8,"27":4,"28":2,"29":2,"30":7,"31":7,"32":7,"33":1,"34":1,"35":1,"36":1,"37":3,"38":1,"39":0,"40":2,"41":3,"42":0,"43":0,"44":1},"f":{"0":56,"1":100},"b":{"0":[0],"1":[43],"2":[19,1,2,2,1,0,2,2,4,8,2,7,1,1,1,1,3,1,0,2,3,0],"3":[4,4],"4":[4,2,2],"5":[2,2],"6":[5,2],"7":[3,4]}}
,"/home/runner/work/very-small-parser/very-small-parser/src/markdown/inline/__tests__/setup.ts": {"path":"/home/runner/work/very-small-parser/very-small-parser/src/markdown/inline/__tests__/setup.ts","statementMap":{"0":{"start":{"line":1,"column":0},"end":{"line":1,"column":26}},"1":{"start":{"line":4,"column":21},"end":{"line":8,"column":1}},"2":{"start":{"line":5,"column":14},"end":{"line":5,"column":32}},"3":{"start":{"line":7,"column":2},"end":{"line":7,"column":13}},"4":{"start":{"line":4,"column":13},"end":{"line":4,"column":21}}},"fnMap":{"0":{"name":"(anonymous_0)","decl":{"start":{"line":4,"column":21},"end":{"line":4,"column":22}},"loc":{"start":{"line":4,"column":48},"end":{"line":8,"column":1}}}},"branchMap":{},"s":{"0":7,"1":7,"2":68,"3":68,"4":7},"f":{"0":68},"b":{}}
}
