{"/home/runner/work/very-small-parser/very-small-parser/src/Parser.ts": {"path":"/home/runner/work/very-small-parser/very-small-parser/src/Parser.ts","statementMap":{"0":{"start":{"line":2,"column":0},"end":{"line":2,"column":35}},"1":{"start":{"line":12,"column":4},"end":{"line":12,"column":32}},"2":{"start":{"line":16,"column":4},"end":{"line":16,"column":73}},"3":{"start":{"line":8,"column":0},"end":{"line":8,"column":13}}},"fnMap":{"0":{"name":"(anonymous_0)","decl":{"start":{"line":11,"column":2},"end":{"line":11,"column":14}},"loc":{"start":{"line":11,"column":44},"end":{"line":13,"column":3}}},"1":{"name":"(anonymous_1)","decl":{"start":{"line":15,"column":9},"end":{"line":15,"column":14}},"loc":{"start":{"line":15,"column":26},"end":{"line":17,"column":3}}}},"branchMap":{},"s":{"0":31,"1":71,"2":1165,"3":31},"f":{"0":71,"1":1165},"b":{}}
,"/home/runner/work/very-small-parser/very-small-parser/src/toPlainText.ts": {"path":"/home/runner/work/very-small-parser/very-small-parser/src/toPlainText.ts","statementMap":{"0":{"start":{"line":3,"column":27},"end":{"line":11,"column":1}},"1":{"start":{"line":4,"column":2},"end":{"line":4,"column":52}},"2":{"start":{"line":4,"column":28},"end":{"line":4,"column":52}},"3":{"start":{"line":5,"column":12},"end":{"line":5,"column":14}},"4":{"start":{"line":6,"column":19},"end":{"line":6,"column":32}},"5":{"start":{"line":7,"column":2},"end":{"line":7,"column":28}},"6":{"start":{"line":7,"column":17},"end":{"line":7,"column":28}},"7":{"start":{"line":8,"column":17},"end":{"line":8,"column":32}},"8":{"start":{"line":9,"column":2},"end":{"line":9,"column":67}},"9":{"start":{"line":9,"column":15},"end":{"line":9,"column":16}},"10":{"start":{"line":9,"column":35},"end":{"line":9,"column":67}},"11":{"start":{"line":10,"column":2},"end":{"line":10,"column":13}},"12":{"start":{"line":3,"column":13},"end":{"line":3,"column":27}}},"fnMap":{"0":{"name":"(anonymous_0)","decl":{"start":{"line":3,"column":27},"end":{"line":3,"column":28}},"loc":{"start":{"line":3,"column":52},"end":{"line":11,"column":1}}}},"branchMap":{"0":{"loc":{"start":{"line":4,"column":2},"end":{"line":4,"column":52}},"type":"if","locations":[{"start":{"line":4,"column":2},"end":{"line":4,"column":52}}]},"1":{"loc":{"start":{"line":4,"column":35},"end":{"line":4,"column":51}},"type":"binary-expr","locations":[{"start":{"line":4,"column":35},"end":{"line":4,"column":45}},{"start":{"line":4,"column":49},"end":{"line":4,"column":51}}]},"2":{"loc":{"start":{"line":7,"column":2},"end":{"line":7,"column":28}},"type":"if","locations":[{"start":{"line":7,"column":2},"end":{"line":7,"column":28}}]}},"s":{"0":2,"1":115,"2":45,"3":70,"4":70,"5":70,"6":0,"7":70,"8":70,"9":70,"10":81,"11":70,"12":2},"f":{"0":115},"b":{"0":[45],"1":[45,0],"2":[0]}}
,"/home/runner/work/very-small-parser/very-small-parser/src/util.ts": {"path":"/home/runner/work/very-small-parser/very-small-parser/src/util.ts","statementMap":{"0":{"start":{"line":3,"column":15},"end":{"line":3,"column":52}},"1":{"start":{"line":5,"column":21},"end":{"line":17,"column":1}},"2":{"start":{"line":12,"column":14},"end":{"line":12,"column":30}},"3":{"start":{"line":13,"column":2},"end":{"line":13,"column":30}},"4":{"start":{"line":13,"column":14},"end":{"line":13,"column":30}},"5":{"start":{"line":14,"column":2},"end":{"line":14,"column":40}},"6":{"start":{"line":14,"column":16},"end":{"line":14,"column":40}},"7":{"start":{"line":15,"column":2},"end":{"line":15,"column":47}},"8":{"start":{"line":15,"column":17},"end":{"line":15,"column":47}},"9":{"start":{"line":16,"column":2},"end":{"line":16,"column":13}},"10":{"start":{"line":5,"column":13},"end":{"line":5,"column":21}},"11":{"start":{"line":19,"column":21},"end":{"line":36,"column":1}},"12":{"start":{"line":24,"column":19},"end":{"line":24,"column":21}},"13":{"start":{"line":25,"column":14},"end":{"line":25,"column":24}},"14":{"start":{"line":26,"column":18},"end":{"line":26,"column":21}},"15":{"start":{"line":27,"column":15},"end":{"line":27,"column":16}},"16":{"start":{"line":28,"column":2},"end":{"line":34,"column":3}},"17":{"start":{"line":29,"column":16},"end":{"line":29,"column":44}},"18":{"start":{"line":30,"column":4},"end":{"line":30,"column":20}},"19":{"start":{"line":30,"column":14},"end":{"line":30,"column":20}},"20":{"start":{"line":31,"column":4},"end":{"line":31,"column":37}},"21":{"start":{"line":31,"column":18},"end":{"line":31,"column":37}},"22":{"start":{"line":32,"column":4},"end":{"line":32,"column":27}},"23":{"start":{"line":33,"column":4},"end":{"line":33,"column":41}},"24":{"start":{"line":35,"column":2},"end":{"line":35,"column":28}},"25":{"start":{"line":19,"column":13},"end":{"line":19,"column":21}},"26":{"start":{"line":38,"column":20},"end":{"line":42,"column":42}},"27":{"start":{"line":42,"column":10},"end":{"line":42,"column":42}},"28":{"start":{"line":38,"column":13},"end":{"line":38,"column":20}},"29":{"start":{"line":44,"column":21},"end":{"line":54,"column":1}},"30":{"start":{"line":45,"column":17},"end":{"line":45,"column":34}},"31":{"start":{"line":46,"column":2},"end":{"line":53,"column":4}},"32":{"start":{"line":47,"column":4},"end":{"line":51,"column":5}},"33":{"start":{"line":47,"column":17},"end":{"line":47,"column":18}},"34":{"start":{"line":48,"column":24},"end":{"line":48,"column":37}},"35":{"start":{"line":49,"column":18},"end":{"line":49,"column":40}},"36":{"start":{"line":50,"column":6},"end":{"line":50,"column":26}},"37":{"start":{"line":50,"column":15},"end":{"line":50,"column":26}},"38":{"start":{"line":52,"column":4},"end":{"line":52,"column":11}},"39":{"start":{"line":44,"column":13},"end":{"line":44,"column":21}},"40":{"start":{"line":57,"column":2},"end":{"line":61,"column":3}},"41":{"start":{"line":58,"column":2},"end":{"line":61,"column":3}},"42":{"start":{"line":59,"column":20},"end":{"line":59,"column":36}},"43":{"start":{"line":60,"column":4},"end":{"line":60,"column":100}},"44":{"start":{"line":56,"column":13},"end":{"line":56,"column":null}},"45":{"start":{"line":63,"column":19},"end":{"line":63,"column":114}},"46":{"start":{"line":63,"column":86},"end":{"line":63,"column":114}},"47":{"start":{"line":63,"column":13},"end":{"line":63,"column":19}},"48":{"start":{"line":64,"column":22},"end":{"line":64,"column":111}},"49":{"start":{"line":64,"column":80},"end":{"line":64,"column":111}},"50":{"start":{"line":64,"column":13},"end":{"line":64,"column":22}},"51":{"start":{"line":66,"column":17},"end":{"line":66,"column":91}},"52":{"start":{"line":69,"column":19},"end":{"line":69,"column":110}},"53":{"start":{"line":69,"column":46},"end":{"line":69,"column":109}},"54":{"start":{"line":69,"column":13},"end":{"line":69,"column":19}}},"fnMap":{"0":{"name":"(anonymous_0)","decl":{"start":{"line":5,"column":21},"end":{"line":5,"column":null}},"loc":{"start":{"line":11,"column":7},"end":{"line":17,"column":1}}},"1":{"name":"(anonymous_1)","decl":{"start":{"line":19,"column":21},"end":{"line":19,"column":null}},"loc":{"start":{"line":23,"column":35},"end":{"line":36,"column":1}}},"2":{"name":"(anonymous_2)","decl":{"start":{"line":38,"column":20},"end":{"line":38,"column":null}},"loc":{"start":{"line":42,"column":10},"end":{"line":42,"column":42}}},"3":{"name":"(anonymous_3)","decl":{"start":{"line":44,"column":21},"end":{"line":44,"column":62}},"loc":{"start":{"line":44,"column":114},"end":{"line":54,"column":1}}},"4":{"name":"(anonymous_4)","decl":{"start":{"line":46,"column":9},"end":{"line":46,"column":10}},"loc":{"start":{"line":46,"column":33},"end":{"line":53,"column":3}}},"5":{"name":"(anonymous_5)","decl":{"start":{"line":57,"column":2},"end":{"line":57,"column":21}},"loc":{"start":{"line":58,"column":2},"end":{"line":61,"column":3}}},"6":{"name":"(anonymous_6)","decl":{"start":{"line":58,"column":2},"end":{"line":58,"column":3}},"loc":{"start":{"line":58,"column":20},"end":{"line":61,"column":3}}},"7":{"name":"(anonymous_7)","decl":{"start":{"line":63,"column":19},"end":{"line":63,"column":20}},"loc":{"start":{"line":63,"column":86},"end":{"line":63,"column":114}}},"8":{"name":"(anonymous_8)","decl":{"start":{"line":64,"column":22},"end":{"line":64,"column":23}},"loc":{"start":{"line":64,"column":80},"end":{"line":64,"column":111}}},"9":{"name":"(anonymous_9)","decl":{"start":{"line":69,"column":19},"end":{"line":69,"column":20}},"loc":{"start":{"line":69,"column":46},"end":{"line":69,"column":109}}}},"branchMap":{"0":{"loc":{"start":{"line":10,"column":2},"end":{"line":10,"column":28}},"type":"default-arg","locations":[{"start":{"line":10,"column":16},"end":{"line":10,"column":28}}]},"1":{"loc":{"start":{"line":13,"column":2},"end":{"line":13,"column":30}},"type":"if","locations":[{"start":{"line":13,"column":2},"end":{"line":13,"column":30}}]},"2":{"loc":{"start":{"line":14,"column":2},"end":{"line":14,"column":40}},"type":"if","locations":[{"start":{"line":14,"column":2},"end":{"line":14,"column":40}}]},"3":{"loc":{"start":{"line":15,"column":2},"end":{"line":15,"column":47}},"type":"if","locations":[{"start":{"line":15,"column":2},"end":{"line":15,"column":47}}]},"4":{"loc":{"start":{"line":30,"column":4},"end":{"line":30,"column":20}},"type":"if","locations":[{"start":{"line":30,"column":4},"end":{"line":30,"column":20}}]},"5":{"loc":{"start":{"line":31,"column":4},"end":{"line":31,"column":37}},"type":"if","locations":[{"start":{"line":31,"column":4},"end":{"line":31,"column":37}}]},"6":{"loc":{"start":{"line":32,"column":14},"end":{"line":32,"column":26}},"type":"binary-expr","locations":[{"start":{"line":32,"column":14},"end":{"line":32,"column":21}},{"start":{"line":32,"column":25},"end":{"line":32,"column":26}}]},"7":{"loc":{"start":{"line":50,"column":6},"end":{"line":50,"column":26}},"type":"if","locations":[{"start":{"line":50,"column":6},"end":{"line":50,"column":26}}]},"8":{"loc":{"start":{"line":60,"column":11},"end":{"line":60,"column":99}},"type":"cond-expr","locations":[{"start":{"line":60,"column":21},"end":{"line":60,"column":90}},{"start":{"line":60,"column":93},"end":{"line":60,"column":99}}]},"9":{"loc":{"start":{"line":66,"column":17},"end":{"line":66,"column":91}},"type":"cond-expr","locations":[{"start":{"line":66,"column":48},"end":{"line":66,"column":82}},{"start":{"line":66,"column":85},"end":{"line":66,"column":91}}]},"10":{"loc":{"start":{"line":69,"column":46},"end":{"line":69,"column":109}},"type":"cond-expr","locations":[{"start":{"line":69,"column":58},"end":{"line":69,"column":101}},{"start":{"line":69,"column":105},"end":{"line":69,"column":109}}]}},"s":{"0":33,"1":33,"2":5357,"3":5357,"4":5357,"5":5357,"6":636,"7":5357,"8":4861,"9":5357,"10":33,"11":33,"12":2320,"13":2320,"14":2320,"15":2320,"16":2320,"17":3590,"18":3590,"19":781,"20":2809,"21":2776,"22":2809,"23":2809,"24":2320,"25":33,"26":33,"27":1165,"28":33,"29":33,"30":1197,"31":1197,"32":9998,"33":9998,"34":40970,"35":40970,"36":40970,"37":7094,"38":2904,"39":33,"40":33,"41":96,"42":3167,"43":3167,"44":33,"45":33,"46":4048,"47":33,"48":33,"49":4949,"50":33,"51":33,"52":33,"53":4076,"54":33},"f":{"0":5357,"1":2320,"2":1165,"3":1197,"4":9998,"5":96,"6":3167,"7":4048,"8":4949,"9":4076},"b":{"0":[1277],"1":[5357],"2":[636],"3":[4861],"4":[781],"5":[2776],"6":[2809,0],"7":[7094],"8":[37,3130],"9":[0,33],"10":[0,4076]}}
,"/home/runner/work/very-small-parser/very-small-parser/src/css/index.ts": {"path":"/home/runner/work/very-small-parser/very-small-parser/src/css/index.ts","statementMap":{"0":{"start":{"line":1,"column":26},"end":{"line":14,"column":1}},"1":{"start":{"line":2,"column":47},"end":{"line":2,"column":49}},"2":{"start":{"line":3,"column":16},"end":{"line":3,"column":30}},"3":{"start":{"line":4,"column":17},"end":{"line":4,"column":29}},"4":{"start":{"line":5,"column":2},"end":{"line":12,"column":3}},"5":{"start":{"line":5,"column":15},"end":{"line":5,"column":16}},"6":{"start":{"line":6,"column":17},"end":{"line":6,"column":25}},"7":{"start":{"line":7,"column":18},"end":{"line":7,"column":35}},"8":{"start":{"line":8,"column":4},"end":{"line":8,"column":31}},"9":{"start":{"line":8,"column":22},"end":{"line":8,"column":31}},"10":{"start":{"line":9,"column":16},"end":{"line":9,"column":43}},"11":{"start":{"line":10,"column":18},"end":{"line":10,"column":46}},"12":{"start":{"line":11,"column":4},"end":{"line":11,"column":48}},"13":{"start":{"line":11,"column":22},"end":{"line":11,"column":48}},"14":{"start":{"line":13,"column":2},"end":{"line":13,"column":22}},"15":{"start":{"line":1,"column":13},"end":{"line":1,"column":26}}},"fnMap":{"0":{"name":"(anonymous_0)","decl":{"start":{"line":1,"column":26},"end":{"line":1,"column":27}},"loc":{"start":{"line":1,"column":66},"end":{"line":14,"column":1}}}},"branchMap":{"0":{"loc":{"start":{"line":8,"column":4},"end":{"line":8,"column":31}},"type":"if","locations":[{"start":{"line":8,"column":4},"end":{"line":8,"column":31}}]},"1":{"loc":{"start":{"line":11,"column":4},"end":{"line":11,"column":48}},"type":"if","locations":[{"start":{"line":11,"column":4},"end":{"line":11,"column":48}}]},"2":{"loc":{"start":{"line":11,"column":8},"end":{"line":11,"column":20}},"type":"binary-expr","locations":[{"start":{"line":11,"column":8},"end":{"line":11,"column":11}},{"start":{"line":11,"column":15},"end":{"line":11,"column":20}}]}},"s":{"0":1,"1":1,"2":1,"3":1,"4":1,"5":1,"6":12,"7":12,"8":12,"9":1,"10":11,"11":11,"12":11,"13":11,"14":1,"15":1},"f":{"0":1},"b":{"0":[1],"1":[11],"2":[11,11]}}
,"/home/runner/work/very-small-parser/very-small-parser/src/html/HtmlParser.ts": {"path":"/home/runner/work/very-small-parser/very-small-parser/src/html/HtmlParser.ts","statementMap":{"0":{"start":{"line":1,"column":0},"end":{"line":1,"column":50}},"1":{"start":{"line":2,"column":0},"end":{"line":2,"column":37}},"2":{"start":{"line":3,"column":0},"end":{"line":3,"column":29}},"3":{"start":{"line":15,"column":4},"end":{"line":15,"column":62}},"4":{"start":{"line":16,"column":4},"end":{"line":16,"column":93}},"5":{"start":{"line":20,"column":21},"end":{"line":20,"column":23}},"6":{"start":{"line":21,"column":16},"end":{"line":21,"column":26}},"7":{"start":{"line":22,"column":20},"end":{"line":22,"column":23}},"8":{"start":{"line":23,"column":17},"end":{"line":23,"column":18}},"9":{"start":{"line":24,"column":4},"end":{"line":40,"column":5}},"10":{"start":{"line":25,"column":18},"end":{"line":25,"column":45}},"11":{"start":{"line":26,"column":6},"end":{"line":36,"column":7}},"12":{"start":{"line":27,"column":33},"end":{"line":31,"column":10}},"13":{"start":{"line":32,"column":8},"end":{"line":32,"column":33}},"14":{"start":{"line":33,"column":8},"end":{"line":33,"column":20}},"15":{"start":{"line":34,"column":8},"end":{"line":34,"column":39}},"16":{"start":{"line":35,"column":8},"end":{"line":35,"column":17}},"17":{"start":{"line":37,"column":6},"end":{"line":37,"column":25}},"18":{"start":{"line":38,"column":6},"end":{"line":38,"column":29}},"19":{"start":{"line":39,"column":6},"end":{"line":39,"column":43}},"20":{"start":{"line":41,"column":4},"end":{"line":41,"column":20}},"21":{"start":{"line":45,"column":28},"end":{"line":45,"column":56}},"22":{"start":{"line":46,"column":24},"end":{"line":46,"column":53}},"23":{"start":{"line":47,"column":4},"end":{"line":47,"column":16}},"24":{"start":{"line":51,"column":4},"end":{"line":51,"column":25}},"25":{"start":{"line":11,"column":0},"end":{"line":11,"column":13}}},"fnMap":{"0":{"name":"(anonymous_0)","decl":{"start":{"line":14,"column":2},"end":{"line":14,"column":14}},"loc":{"start":{"line":14,"column":34},"end":{"line":17,"column":3}}},"1":{"name":"(anonymous_1)","decl":{"start":{"line":19,"column":9},"end":{"line":19,"column":14}},"loc":{"start":{"line":19,"column":26},"end":{"line":42,"column":3}}},"2":{"name":"(anonymous_2)","decl":{"start":{"line":44,"column":9},"end":{"line":44,"column":15}},"loc":{"start":{"line":44,"column":27},"end":{"line":48,"column":3}}},"3":{"name":"(anonymous_3)","decl":{"start":{"line":50,"column":9},"end":{"line":50,"column":11}},"loc":{"start":{"line":50,"column":23},"end":{"line":52,"column":3}}}},"branchMap":{"0":{"loc":{"start":{"line":26,"column":6},"end":{"line":36,"column":7}},"type":"if","locations":[{"start":{"line":26,"column":6},"end":{"line":36,"column":7}}]},"1":{"loc":{"start":{"line":38,"column":16},"end":{"line":38,"column":28}},"type":"binary-expr","locations":[{"start":{"line":38,"column":16},"end":{"line":38,"column":23}},{"start":{"line":38,"column":27},"end":{"line":38,"column":28}}]}},"s":{"0":31,"1":31,"2":31,"3":31,"4":31,"5":1044,"6":1044,"7":1044,"8":1044,"9":1044,"10":6407,"11":6407,"12":2123,"13":2123,"14":2123,"15":2123,"16":2123,"17":4284,"18":4284,"19":4284,"20":1044,"21":1155,"22":1155,"23":1155,"24":1042,"25":31},"f":{"0":31,"1":1044,"2":1155,"3":1042},"b":{"0":[2123],"1":[4284,0]}}
,"/home/runner/work/very-small-parser/very-small-parser/src/html/index.ts": {"path":"/home/runner/work/very-small-parser/very-small-parser/src/html/index.ts","statementMap":{"0":{"start":{"line":1,"column":0},"end":{"line":1,"column":28}},"1":{"start":{"line":2,"column":0},"end":{"line":2,"column":40}},"2":{"start":{"line":3,"column":0},"end":{"line":3,"column":34}},"3":{"start":{"line":5,"column":13},"end":{"line":5,"column":60}}},"fnMap":{},"branchMap":{},"s":{"0":31,"1":31,"2":31,"3":31},"f":{},"b":{}}
,"/home/runner/work/very-small-parser/very-small-parser/src/html/parsers.ts": {"path":"/home/runner/work/very-small-parser/very-small-parser/src/html/parsers.ts","statementMap":{"0":{"start":{"line":1,"column":0},"end":{"line":1,"column":30}},"1":{"start":{"line":2,"column":0},"end":{"line":2,"column":41}},"2":{"start":{"line":7,"column":20},"end":{"line":7,"column":45}},"3":{"start":{"line":8,"column":55},"end":{"line":15,"column":1}},"4":{"start":{"line":9,"column":18},"end":{"line":9,"column":40}},"5":{"start":{"line":10,"column":2},"end":{"line":14,"column":3}},"6":{"start":{"line":11,"column":18},"end":{"line":11,"column":28}},"7":{"start":{"line":12,"column":18},"end":{"line":12,"column":36}},"8":{"start":{"line":13,"column":4},"end":{"line":13,"column":67}},"9":{"start":{"line":17,"column":17},"end":{"line":17,"column":25}},"10":{"start":{"line":19,"column":2},"end":{"line":26,"column":3}},"11":{"start":{"line":20,"column":2},"end":{"line":26,"column":3}},"12":{"start":{"line":21,"column":20},"end":{"line":21,"column":39}},"13":{"start":{"line":22,"column":4},"end":{"line":22,"column":25}},"14":{"start":{"line":22,"column":18},"end":{"line":22,"column":25}},"15":{"start":{"line":23,"column":16},"end":{"line":23,"column":26}},"16":{"start":{"line":24,"column":4},"end":{"line":24,"column":32}},"17":{"start":{"line":24,"column":13},"end":{"line":24,"column":32}},"18":{"start":{"line":25,"column":4},"end":{"line":25,"column":75}},"19":{"start":{"line":28,"column":17},"end":{"line":28,"column":91}},"20":{"start":{"line":29,"column":21},"end":{"line":29,"column":87}},"21":{"start":{"line":30,"column":18},"end":{"line":30,"column":87}},"22":{"start":{"line":31,"column":22},"end":{"line":31,"column":42}},"23":{"start":{"line":32,"column":57},"end":{"line":64,"column":1}},"24":{"start":{"line":33,"column":20},"end":{"line":33,"column":43}},"25":{"start":{"line":34,"column":2},"end":{"line":34,"column":25}},"26":{"start":{"line":34,"column":18},"end":{"line":34,"column":25}},"27":{"start":{"line":35,"column":40},"end":{"line":35,"column":49}},"28":{"start":{"line":36,"column":22},"end":{"line":36,"column":34}},"29":{"start":{"line":37,"column":18},"end":{"line":37,"column":74}},"30":{"start":{"line":38,"column":45},"end":{"line":38,"column":47}},"31":{"start":{"line":39,"column":2},"end":{"line":42,"column":3}},"32":{"start":{"line":40,"column":18},"end":{"line":40,"column":45}},"33":{"start":{"line":41,"column":4},"end":{"line":41,"column":64}},"34":{"start":{"line":41,"column":40},"end":{"line":41,"column":64}},"35":{"start":{"line":43,"column":31},"end":{"line":49,"column":4}},"36":{"start":{"line":50,"column":2},"end":{"line":62,"column":3}},"37":{"start":{"line":51,"column":19},"end":{"line":51,"column":41}},"38":{"start":{"line":52,"column":21},"end":{"line":52,"column":42}},"39":{"start":{"line":53,"column":24},"end":{"line":53,"column":36}},"40":{"start":{"line":54,"column":4},"end":{"line":60,"column":5}},"41":{"start":{"line":55,"column":6},"end":{"line":55,"column":34}},"42":{"start":{"line":57,"column":25},"end":{"line":57,"column":71}},"43":{"start":{"line":58,"column":6},"end":{"line":58,"column":36}},"44":{"start":{"line":58,"column":23},"end":{"line":58,"column":36}},"45":{"start":{"line":59,"column":6},"end":{"line":59,"column":66}},"46":{"start":{"line":61,"column":4},"end":{"line":61,"column":46}},"47":{"start":{"line":63,"column":2},"end":{"line":63,"column":15}},"48":{"start":{"line":32,"column":13},"end":{"line":32,"column":57}},"49":{"start":{"line":66,"column":23},"end":{"line":70,"column":2}},"50":{"start":{"line":66,"column":101},"end":{"line":70,"column":2}},"51":{"start":{"line":66,"column":13},"end":{"line":66,"column":23}}},"fnMap":{"0":{"name":"(anonymous_0)","decl":{"start":{"line":8,"column":55},"end":{"line":8,"column":56}},"loc":{"start":{"line":8,"column":66},"end":{"line":15,"column":1}}},"1":{"name":"(anonymous_1)","decl":{"start":{"line":19,"column":2},"end":{"line":19,"column":3}},"loc":{"start":{"line":20,"column":2},"end":{"line":26,"column":3}}},"2":{"name":"(anonymous_2)","decl":{"start":{"line":20,"column":2},"end":{"line":20,"column":3}},"loc":{"start":{"line":20,"column":13},"end":{"line":26,"column":3}}},"3":{"name":"(anonymous_3)","decl":{"start":{"line":32,"column":57},"end":{"line":32,"column":58}},"loc":{"start":{"line":32,"column":73},"end":{"line":64,"column":1}}},"4":{"name":"(anonymous_4)","decl":{"start":{"line":66,"column":23},"end":{"line":66,"column":24}},"loc":{"start":{"line":66,"column":101},"end":{"line":70,"column":2}}}},"branchMap":{"0":{"loc":{"start":{"line":10,"column":2},"end":{"line":14,"column":3}},"type":"if","locations":[{"start":{"line":10,"column":2},"end":{"line":14,"column":3}}]},"1":{"loc":{"start":{"line":22,"column":4},"end":{"line":22,"column":25}},"type":"if","locations":[{"start":{"line":22,"column":4},"end":{"line":22,"column":25}}]},"2":{"loc":{"start":{"line":24,"column":4},"end":{"line":24,"column":32}},"type":"if","locations":[{"start":{"line":24,"column":4},"end":{"line":24,"column":32}}]},"3":{"loc":{"start":{"line":34,"column":2},"end":{"line":34,"column":25}},"type":"if","locations":[{"start":{"line":34,"column":2},"end":{"line":34,"column":25}}]},"4":{"loc":{"start":{"line":39,"column":2},"end":{"line":42,"column":3}},"type":"if","locations":[{"start":{"line":39,"column":2},"end":{"line":42,"column":3}}]},"5":{"loc":{"start":{"line":50,"column":2},"end":{"line":62,"column":3}},"type":"if","locations":[{"start":{"line":50,"column":2},"end":{"line":62,"column":3}}]},"6":{"loc":{"start":{"line":54,"column":4},"end":{"line":60,"column":5}},"type":"if","locations":[{"start":{"line":54,"column":4},"end":{"line":60,"column":5}},{"start":{"line":56,"column":11},"end":{"line":60,"column":5}}]},"7":{"loc":{"start":{"line":58,"column":6},"end":{"line":58,"column":36}},"type":"if","locations":[{"start":{"line":58,"column":6},"end":{"line":58,"column":36}}]},"8":{"loc":{"start":{"line":59,"column":37},"end":{"line":59,"column":64}},"type":"binary-expr","locations":[{"start":{"line":59,"column":37},"end":{"line":59,"column":59}},{"start":{"line":59,"column":63},"end":{"line":59,"column":64}}]}},"s":{"0":31,"1":31,"2":31,"3":31,"4":5035,"5":5035,"6":413,"7":413,"8":413,"9":31,"10":31,"11":31,"12":8404,"13":8404,"14":5035,"15":3369,"16":3369,"17":3369,"18":3369,"19":31,"20":31,"21":31,"22":31,"23":31,"24":5664,"25":5664,"26":3924,"27":1740,"28":1740,"29":1740,"30":1740,"31":1740,"32":416,"33":416,"34":131,"35":1740,"36":1740,"37":1046,"38":1046,"39":1046,"40":1046,"41":0,"42":1046,"43":1046,"44":597,"45":449,"46":449,"47":1143,"48":31,"49":31,"50":31,"51":31},"f":{"0":5035,"1":31,"2":8404,"3":5664,"4":31},"b":{"0":[413],"1":[5035],"2":[3369],"3":[3924],"4":[416],"5":[1046],"6":[0,1046],"7":[597],"8":[449,0]}}
,"/home/runner/work/very-small-parser/very-small-parser/src/html/toMdast.ts": {"path":"/home/runner/work/very-small-parser/very-small-parser/src/html/toMdast.ts","statementMap":{"0":{"start":{"line":1,"column":0},"end":{"line":1,"column":43}},"1":{"start":{"line":7,"column":30},"end":{"line":15,"column":1}},"2":{"start":{"line":8,"column":34},"end":{"line":8,"column":36}},"3":{"start":{"line":9,"column":17},"end":{"line":9,"column":32}},"4":{"start":{"line":10,"column":2},"end":{"line":13,"column":3}},"5":{"start":{"line":10,"column":15},"end":{"line":10,"column":16}},"6":{"start":{"line":11,"column":17},"end":{"line":11,"column":43}},"7":{"start":{"line":12,"column":4},"end":{"line":12,"column":29}},"8":{"start":{"line":12,"column":14},"end":{"line":12,"column":29}},"9":{"start":{"line":14,"column":2},"end":{"line":14,"column":13}},"10":{"start":{"line":17,"column":31},"end":{"line":26,"column":9}},"11":{"start":{"line":23,"column":3},"end":{"line":26,"column":9}},"12":{"start":{"line":28,"column":25},"end":{"line":28,"column":84}},"13":{"start":{"line":30,"column":22},"end":{"line":194,"column":1}},"14":{"start":{"line":31,"column":17},"end":{"line":31,"column":21}},"15":{"start":{"line":32,"column":2},"end":{"line":193,"column":3}},"16":{"start":{"line":34,"column":24},"end":{"line":34,"column":28}},"17":{"start":{"line":35,"column":6},"end":{"line":185,"column":7}},"18":{"start":{"line":38,"column":23},"end":{"line":38,"column":38}},"19":{"start":{"line":39,"column":25},"end":{"line":39,"column":88}},"20":{"start":{"line":40,"column":10},"end":{"line":45,"column":11}},"21":{"start":{"line":41,"column":12},"end":{"line":44,"column":14}},"22":{"start":{"line":46,"column":10},"end":{"line":50,"column":12}},"23":{"start":{"line":54,"column":10},"end":{"line":54,"column":56}},"24":{"start":{"line":57,"column":10},"end":{"line":57,"column":58}},"25":{"start":{"line":59,"column":10},"end":{"line":59,"column":56}},"26":{"start":{"line":61,"column":10},"end":{"line":61,"column":57}},"27":{"start":{"line":63,"column":23},"end":{"line":63,"column":38}},"28":{"start":{"line":64,"column":38},"end":{"line":64,"column":72}},"29":{"start":{"line":65,"column":10},"end":{"line":80,"column":11}},"30":{"start":{"line":66,"column":27},"end":{"line":66,"column":45}},"31":{"start":{"line":67,"column":12},"end":{"line":79,"column":13}},"32":{"start":{"line":68,"column":33},"end":{"line":68,"column":50}},"33":{"start":{"line":69,"column":27},"end":{"line":69,"column":49}},"34":{"start":{"line":70,"column":14},"end":{"line":78,"column":15}},"35":{"start":{"line":71,"column":35},"end":{"line":71,"column":48}},"36":{"start":{"line":72,"column":30},"end":{"line":72,"column":49}},"37":{"start":{"line":73,"column":16},"end":{"line":77,"column":44}},"38":{"start":{"line":81,"column":10},"end":{"line":81,"column":53}},"39":{"start":{"line":84,"column":10},"end":{"line":84,"column":53}},"40":{"start":{"line":86,"column":10},"end":{"line":86,"column":54}},"41":{"start":{"line":88,"column":10},"end":{"line":88,"column":59}},"42":{"start":{"line":90,"column":23},"end":{"line":90,"column":38}},"43":{"start":{"line":91,"column":24},"end":{"line":91,"column":43}},"44":{"start":{"line":92,"column":10},"end":{"line":97,"column":11}},"45":{"start":{"line":93,"column":12},"end":{"line":96,"column":27}},"46":{"start":{"line":98,"column":10},"end":{"line":98,"column":16}},"47":{"start":{"line":101,"column":23},"end":{"line":101,"column":44}},"48":{"start":{"line":102,"column":23},"end":{"line":102,"column":32}},"49":{"start":{"line":103,"column":10},"end":{"line":147,"column":11}},"50":{"start":{"line":104,"column":29},"end":{"line":104,"column":44}},"51":{"start":{"line":105,"column":12},"end":{"line":146,"column":13}},"52":{"start":{"line":106,"column":36},"end":{"line":106,"column":62}},"53":{"start":{"line":107,"column":33},"end":{"line":107,"column":46}},"54":{"start":{"line":108,"column":14},"end":{"line":124,"column":15}},"55":{"start":{"line":109,"column":28},"end":{"line":109,"column":53}},"56":{"start":{"line":110,"column":16},"end":{"line":115,"column":41}},"57":{"start":{"line":117,"column":29},"end":{"line":117,"column":53}},"58":{"start":{"line":118,"column":16},"end":{"line":123,"column":40}},"59":{"start":{"line":126,"column":28},"end":{"line":126,"column":38}},"60":{"start":{"line":127,"column":14},"end":{"line":145,"column":15}},"61":{"start":{"line":134,"column":16},"end":{"line":137,"column":37}},"62":{"start":{"line":139,"column":16},"end":{"line":144,"column":31}},"63":{"start":{"line":148,"column":10},"end":{"line":148,"column":17}},"64":{"start":{"line":151,"column":23},"end":{"line":151,"column":44}},"65":{"start":{"line":152,"column":22},"end":{"line":152,"column":30}},"66":{"start":{"line":153,"column":10},"end":{"line":162,"column":11}},"67":{"start":{"line":154,"column":26},"end":{"line":154,"column":42}},"68":{"start":{"line":155,"column":24},"end":{"line":155,"column":38}},"69":{"start":{"line":156,"column":12},"end":{"line":161,"column":28}},"70":{"start":{"line":163,"column":10},"end":{"line":163,"column":16}},"71":{"start":{"line":166,"column":27},"end":{"line":166,"column":40}},"72":{"start":{"line":167,"column":10},"end":{"line":177,"column":11}},"73":{"start":{"line":168,"column":25},"end":{"line":168,"column":48}},"74":{"start":{"line":169,"column":27},"end":{"line":169,"column":34}},"75":{"start":{"line":170,"column":12},"end":{"line":176,"column":13}},"76":{"start":{"line":171,"column":14},"end":{"line":175,"column":31}},"77":{"start":{"line":178,"column":10},"end":{"line":178,"column":16}},"78":{"start":{"line":181,"column":10},"end":{"line":183,"column":26}},"79":{"start":{"line":186,"column":6},"end":{"line":188,"column":7}},"80":{"start":{"line":187,"column":8},"end":{"line":187,"column":50}},"81":{"start":{"line":189,"column":6},"end":{"line":189,"column":35}},"82":{"start":{"line":192,"column":6},"end":{"line":192,"column":31}},"83":{"start":{"line":196,"column":24},"end":{"line":204,"column":1}},"84":{"start":{"line":197,"column":24},"end":{"line":197,"column":26}},"85":{"start":{"line":198,"column":17},"end":{"line":198,"column":32}},"86":{"start":{"line":199,"column":2},"end":{"line":202,"column":3}},"87":{"start":{"line":199,"column":15},"end":{"line":199,"column":16}},"88":{"start":{"line":200,"column":17},"end":{"line":200,"column":38}},"89":{"start":{"line":201,"column":4},"end":{"line":201,"column":29}},"90":{"start":{"line":201,"column":14},"end":{"line":201,"column":29}},"91":{"start":{"line":203,"column":2},"end":{"line":203,"column":13}},"92":{"start":{"line":206,"column":56},"end":{"line":206,"column":92}},"93":{"start":{"line":208,"column":24},"end":{"line":409,"column":1}},"94":{"start":{"line":209,"column":2},"end":{"line":209,"column":75}},"95":{"start":{"line":209,"column":27},"end":{"line":209,"column":75}},"96":{"start":{"line":210,"column":2},"end":{"line":407,"column":3}},"97":{"start":{"line":212,"column":36},"end":{"line":212,"column":40}},"98":{"start":{"line":213,"column":6},"end":{"line":399,"column":7}},"99":{"start":{"line":215,"column":10},"end":{"line":218,"column":12}},"100":{"start":{"line":221,"column":45},"end":{"line":224,"column":12}},"101":{"start":{"line":225,"column":10},"end":{"line":225,"column":81}},"102":{"start":{"line":225,"column":55},"end":{"line":225,"column":81}},"103":{"start":{"line":226,"column":10},"end":{"line":226,"column":28}},"104":{"start":{"line":230,"column":23},"end":{"line":230,"column":39}},"105":{"start":{"line":231,"column":27},"end":{"line":231,"column":46}},"106":{"start":{"line":232,"column":10},"end":{"line":237,"column":11}},"107":{"start":{"line":233,"column":31},"end":{"line":233,"column":49}},"108":{"start":{"line":234,"column":12},"end":{"line":236,"column":13}},"109":{"start":{"line":235,"column":14},"end":{"line":235,"column":57}},"110":{"start":{"line":239,"column":25},"end":{"line":239,"column":53}},"111":{"start":{"line":240,"column":10},"end":{"line":246,"column":11}},"112":{"start":{"line":241,"column":40},"end":{"line":244,"column":14}},"113":{"start":{"line":245,"column":12},"end":{"line":245,"column":29}},"114":{"start":{"line":247,"column":23},"end":{"line":247,"column":46}},"115":{"start":{"line":248,"column":23},"end":{"line":248,"column":46}},"116":{"start":{"line":249,"column":38},"end":{"line":253,"column":12}},"117":{"start":{"line":254,"column":10},"end":{"line":254,"column":42}},"118":{"start":{"line":254,"column":20},"end":{"line":254,"column":42}},"119":{"start":{"line":255,"column":10},"end":{"line":255,"column":27}},"120":{"start":{"line":263,"column":24},"end":{"line":263,"column":51}},"121":{"start":{"line":264,"column":43},"end":{"line":268,"column":12}},"122":{"start":{"line":269,"column":10},"end":{"line":269,"column":29}},"123":{"start":{"line":273,"column":27},"end":{"line":273,"column":46}},"124":{"start":{"line":274,"column":25},"end":{"line":274,"column":40}},"125":{"start":{"line":275,"column":26},"end":{"line":275,"column":42}},"126":{"start":{"line":276,"column":33},"end":{"line":280,"column":12}},"127":{"start":{"line":281,"column":10},"end":{"line":281,"column":78}},"128":{"start":{"line":281,"column":23},"end":{"line":281,"column":78}},"129":{"start":{"line":282,"column":10},"end":{"line":293,"column":11}},"130":{"start":{"line":282,"column":23},"end":{"line":282,"column":24}},"131":{"start":{"line":283,"column":26},"end":{"line":283,"column":37}},"132":{"start":{"line":284,"column":12},"end":{"line":284,"column":77}},"133":{"start":{"line":284,"column":68},"end":{"line":284,"column":77}},"134":{"start":{"line":285,"column":32},"end":{"line":285,"column":66}},"135":{"start":{"line":286,"column":28},"end":{"line":286,"column":71}},"136":{"start":{"line":287,"column":39},"end":{"line":291,"column":14}},"137":{"start":{"line":292,"column":12},"end":{"line":292,"column":37}},"138":{"start":{"line":294,"column":10},"end":{"line":294,"column":22}},"139":{"start":{"line":297,"column":10},"end":{"line":297,"column":62}},"140":{"start":{"line":299,"column":35},"end":{"line":303,"column":12}},"141":{"start":{"line":304,"column":25},"end":{"line":304,"column":29}},"142":{"start":{"line":305,"column":29},"end":{"line":329,"column":11}},"143":{"start":{"line":306,"column":38},"end":{"line":309,"column":14}},"144":{"start":{"line":310,"column":29},"end":{"line":310,"column":51}},"145":{"start":{"line":311,"column":27},"end":{"line":311,"column":42}},"146":{"start":{"line":312,"column":12},"end":{"line":326,"column":13}},"147":{"start":{"line":312,"column":25},"end":{"line":312,"column":26}},"148":{"start":{"line":313,"column":28},"end":{"line":313,"column":39}},"149":{"start":{"line":314,"column":14},"end":{"line":314,"column":53}},"150":{"start":{"line":314,"column":44},"end":{"line":314,"column":53}},"151":{"start":{"line":315,"column":14},"end":{"line":320,"column":15}},"152":{"start":{"line":316,"column":56},"end":{"line":316,"column":60}},"153":{"start":{"line":317,"column":34},"end":{"line":317,"column":57}},"154":{"start":{"line":318,"column":16},"end":{"line":318,"column":106}},"155":{"start":{"line":318,"column":58},"end":{"line":318,"column":106}},"156":{"start":{"line":319,"column":16},"end":{"line":319,"column":40}},"157":{"start":{"line":321,"column":42},"end":{"line":324,"column":16}},"158":{"start":{"line":325,"column":14},"end":{"line":325,"column":38}},"159":{"start":{"line":327,"column":12},"end":{"line":327,"column":37}},"160":{"start":{"line":328,"column":12},"end":{"line":328,"column":29}},"161":{"start":{"line":330,"column":30},"end":{"line":333,"column":11}},"162":{"start":{"line":331,"column":12},"end":{"line":332,"column":88}},"163":{"start":{"line":332,"column":14},"end":{"line":332,"column":88}},"164":{"start":{"line":332,"column":70},"end":{"line":332,"column":88}},"165":{"start":{"line":334,"column":10},"end":{"line":350,"column":11}},"166":{"start":{"line":335,"column":12},"end":{"line":335,"column":56}},"167":{"start":{"line":335,"column":47},"end":{"line":335,"column":56}},"168":{"start":{"line":336,"column":12},"end":{"line":349,"column":13}},"169":{"start":{"line":338,"column":16},"end":{"line":338,"column":40}},"170":{"start":{"line":339,"column":16},"end":{"line":339,"column":22}},"171":{"start":{"line":342,"column":16},"end":{"line":342,"column":40}},"172":{"start":{"line":343,"column":16},"end":{"line":343,"column":22}},"173":{"start":{"line":346,"column":16},"end":{"line":346,"column":39}},"174":{"start":{"line":347,"column":16},"end":{"line":347,"column":22}},"175":{"start":{"line":351,"column":10},"end":{"line":351,"column":23}},"176":{"start":{"line":354,"column":23},"end":{"line":354,"column":44}},"177":{"start":{"line":355,"column":27},"end":{"line":355,"column":44}},"178":{"start":{"line":356,"column":10},"end":{"line":384,"column":11}},"179":{"start":{"line":358,"column":28},"end":{"line":358,"column":46}},"180":{"start":{"line":359,"column":33},"end":{"line":359,"column":48}},"181":{"start":{"line":360,"column":26},"end":{"line":360,"column":42}},"182":{"start":{"line":361,"column":14},"end":{"line":361,"column":55}},"183":{"start":{"line":361,"column":49},"end":{"line":361,"column":55}},"184":{"start":{"line":362,"column":53},"end":{"line":367,"column":16}},"185":{"start":{"line":368,"column":28},"end":{"line":368,"column":46}},"186":{"start":{"line":369,"column":14},"end":{"line":369,"column":54}},"187":{"start":{"line":369,"column":25},"end":{"line":369,"column":54}},"188":{"start":{"line":370,"column":14},"end":{"line":370,"column":36}},"189":{"start":{"line":373,"column":28},"end":{"line":373,"column":46}},"190":{"start":{"line":374,"column":33},"end":{"line":374,"column":48}},"191":{"start":{"line":375,"column":31},"end":{"line":375,"column":72}},"192":{"start":{"line":376,"column":69},"end":{"line":381,"column":16}},"193":{"start":{"line":382,"column":14},"end":{"line":382,"column":44}},"194":{"start":{"line":385,"column":10},"end":{"line":388,"column":12}},"195":{"start":{"line":391,"column":10},"end":{"line":394,"column":12}},"196":{"start":{"line":397,"column":10},"end":{"line":397,"column":57}},"197":{"start":{"line":402,"column":6},"end":{"line":405,"column":8}},"198":{"start":{"line":408,"column":2},"end":{"line":408,"column":14}},"199":{"start":{"line":208,"column":13},"end":{"line":208,"column":24}},"200":{"start":{"line":411,"column":16},"end":{"line":426,"column":1}},"201":{"start":{"line":412,"column":2},"end":{"line":424,"column":3}},"202":{"start":{"line":423,"column":6},"end":{"line":423,"column":18}},"203":{"start":{"line":425,"column":2},"end":{"line":425,"column":15}},"204":{"start":{"line":428,"column":30},"end":{"line":442,"column":1}},"205":{"start":{"line":429,"column":35},"end":{"line":429,"column":37}},"206":{"start":{"line":430,"column":19},"end":{"line":430,"column":38}},"207":{"start":{"line":431,"column":17},"end":{"line":431,"column":32}},"208":{"start":{"line":432,"column":2},"end":{"line":440,"column":3}},"209":{"start":{"line":432,"column":15},"end":{"line":432,"column":16}},"210":{"start":{"line":433,"column":18},"end":{"line":433,"column":29}},"211":{"start":{"line":434,"column":4},"end":{"line":439,"column":5}},"212":{"start":{"line":435,"column":24},"end":{"line":435,"column":52}},"213":{"start":{"line":436,"column":6},"end":{"line":436,"column":40}},"214":{"start":{"line":438,"column":6},"end":{"line":438,"column":45}},"215":{"start":{"line":441,"column":2},"end":{"line":441,"column":16}},"216":{"start":{"line":444,"column":36},"end":{"line":500,"column":1}},"217":{"start":{"line":447,"column":17},"end":{"line":447,"column":36}},"218":{"start":{"line":448,"column":40},"end":{"line":448,"column":42}},"219":{"start":{"line":450,"column":2},"end":{"line":497,"column":3}},"220":{"start":{"line":450,"column":15},"end":{"line":450,"column":16}},"221":{"start":{"line":451,"column":18},"end":{"line":451,"column":29}},"222":{"start":{"line":452,"column":4},"end":{"line":459,"column":5}},"223":{"start":{"line":453,"column":19},"end":{"line":453,"column":39}},"224":{"start":{"line":454,"column":19},"end":{"line":454,"column":40}},"225":{"start":{"line":455,"column":18},"end":{"line":455,"column":38}},"226":{"start":{"line":456,"column":6},"end":{"line":456,"column":47}},"227":{"start":{"line":457,"column":6},"end":{"line":457,"column":10}},"228":{"start":{"line":458,"column":6},"end":{"line":458,"column":15}},"229":{"start":{"line":460,"column":4},"end":{"line":473,"column":5}},"230":{"start":{"line":461,"column":6},"end":{"line":461,"column":28}},"231":{"start":{"line":462,"column":6},"end":{"line":462,"column":30}},"232":{"start":{"line":464,"column":6},"end":{"line":470,"column":7}},"233":{"start":{"line":465,"column":8},"end":{"line":468,"column":10}},"234":{"start":{"line":469,"column":8},"end":{"line":469,"column":40}},"235":{"start":{"line":471,"column":6},"end":{"line":471,"column":63}},"236":{"start":{"line":471,"column":35},"end":{"line":471,"column":63}},"237":{"start":{"line":472,"column":6},"end":{"line":472,"column":61}},"238":{"start":{"line":475,"column":4},"end":{"line":496,"column":5}},"239":{"start":{"line":477,"column":8},"end":{"line":477,"column":43}},"240":{"start":{"line":478,"column":8},"end":{"line":478,"column":14}},"241":{"start":{"line":480,"column":27},"end":{"line":480,"column":32}},"242":{"start":{"line":481,"column":8},"end":{"line":484,"column":9}},"243":{"start":{"line":482,"column":25},"end":{"line":482,"column":40}},"244":{"start":{"line":483,"column":10},"end":{"line":483,"column":84}},"245":{"start":{"line":483,"column":23},"end":{"line":483,"column":24}},"246":{"start":{"line":483,"column":43},"end":{"line":483,"column":84}},"247":{"start":{"line":485,"column":8},"end":{"line":485,"column":14}},"248":{"start":{"line":488,"column":8},"end":{"line":488,"column":43}},"249":{"start":{"line":489,"column":8},"end":{"line":489,"column":14}},"250":{"start":{"line":491,"column":8},"end":{"line":491,"column":54}},"251":{"start":{"line":492,"column":8},"end":{"line":492,"column":14}},"252":{"start":{"line":494,"column":8},"end":{"line":494,"column":54}},"253":{"start":{"line":495,"column":8},"end":{"line":495,"column":14}},"254":{"start":{"line":499,"column":2},"end":{"line":499,"column":30}},"255":{"start":{"line":502,"column":26},"end":{"line":514,"column":1}},"256":{"start":{"line":504,"column":2},"end":{"line":509,"column":3}},"257":{"start":{"line":505,"column":4},"end":{"line":508,"column":6}},"258":{"start":{"line":511,"column":2},"end":{"line":511,"column":36}},"259":{"start":{"line":513,"column":2},"end":{"line":513,"column":14}},"260":{"start":{"line":502,"column":13},"end":{"line":502,"column":26}},"261":{"start":{"line":516,"column":23},"end":{"line":516,"column":84}},"262":{"start":{"line":516,"column":58},"end":{"line":516,"column":84}},"263":{"start":{"line":516,"column":13},"end":{"line":516,"column":23}}},"fnMap":{"0":{"name":"(anonymous_0)","decl":{"start":{"line":7,"column":30},"end":{"line":7,"column":31}},"loc":{"start":{"line":7,"column":96},"end":{"line":15,"column":1}}},"1":{"name":"(anonymous_1)","decl":{"start":{"line":17,"column":31},"end":{"line":17,"column":null}},"loc":{"start":{"line":23,"column":3},"end":{"line":26,"column":9}}},"2":{"name":"(anonymous_2)","decl":{"start":{"line":30,"column":22},"end":{"line":30,"column":23}},"loc":{"start":{"line":30,"column":78},"end":{"line":194,"column":1}}},"3":{"name":"(anonymous_3)","decl":{"start":{"line":196,"column":24},"end":{"line":196,"column":25}},"loc":{"start":{"line":196,"column":80},"end":{"line":204,"column":1}}},"4":{"name":"(anonymous_4)","decl":{"start":{"line":208,"column":24},"end":{"line":208,"column":25}},"loc":{"start":{"line":208,"column":58},"end":{"line":409,"column":1}}},"5":{"name":"(anonymous_5)","decl":{"start":{"line":305,"column":29},"end":{"line":305,"column":30}},"loc":{"start":{"line":305,"column":56},"end":{"line":329,"column":11}}},"6":{"name":"(anonymous_6)","decl":{"start":{"line":330,"column":30},"end":{"line":330,"column":31}},"loc":{"start":{"line":330,"column":57},"end":{"line":333,"column":11}}},"7":{"name":"(anonymous_7)","decl":{"start":{"line":411,"column":16},"end":{"line":411,"column":17}},"loc":{"start":{"line":411,"column":57},"end":{"line":426,"column":1}}},"8":{"name":"(anonymous_8)","decl":{"start":{"line":428,"column":30},"end":{"line":428,"column":31}},"loc":{"start":{"line":428,"column":67},"end":{"line":442,"column":1}}},"9":{"name":"(anonymous_9)","decl":{"start":{"line":444,"column":36},"end":{"line":444,"column":37}},"loc":{"start":{"line":444,"column":59},"end":{"line":500,"column":1}}},"10":{"name":"(anonymous_10)","decl":{"start":{"line":502,"column":26},"end":{"line":502,"column":27}},"loc":{"start":{"line":502,"column":51},"end":{"line":514,"column":1}}},"11":{"name":"(anonymous_11)","decl":{"start":{"line":516,"column":23},"end":{"line":516,"column":24}},"loc":{"start":{"line":516,"column":58},"end":{"line":516,"column":84}}}},"branchMap":{"0":{"loc":{"start":{"line":12,"column":4},"end":{"line":12,"column":29}},"type":"if","locations":[{"start":{"line":12,"column":4},"end":{"line":12,"column":29}}]},"1":{"loc":{"start":{"line":32,"column":2},"end":{"line":193,"column":3}},"type":"switch","locations":[{"start":{"line":33,"column":4},"end":{"line":190,"column":5}},{"start":{"line":191,"column":4},"end":{"line":192,"column":31}}]},"2":{"loc":{"start":{"line":35,"column":6},"end":{"line":185,"column":7}},"type":"switch","locations":[{"start":{"line":36,"column":8},"end":{"line":36,"column":20}},{"start":{"line":37,"column":8},"end":{"line":51,"column":9}},{"start":{"line":52,"column":8},"end":{"line":52,"column":17}},{"start":{"line":53,"column":8},"end":{"line":54,"column":56}},{"start":{"line":55,"column":8},"end":{"line":55,"column":17}},{"start":{"line":56,"column":8},"end":{"line":57,"column":58}},{"start":{"line":58,"column":8},"end":{"line":59,"column":56}},{"start":{"line":60,"column":8},"end":{"line":61,"column":57}},{"start":{"line":62,"column":8},"end":{"line":82,"column":9}},{"start":{"line":83,"column":8},"end":{"line":84,"column":53}},{"start":{"line":85,"column":8},"end":{"line":86,"column":54}},{"start":{"line":87,"column":8},"end":{"line":88,"column":59}},{"start":{"line":89,"column":8},"end":{"line":99,"column":9}},{"start":{"line":100,"column":8},"end":{"line":149,"column":9}},{"start":{"line":150,"column":8},"end":{"line":164,"column":9}},{"start":{"line":165,"column":8},"end":{"line":179,"column":9}},{"start":{"line":180,"column":8},"end":{"line":184,"column":9}}]},"3":{"loc":{"start":{"line":39,"column":25},"end":{"line":39,"column":88}},"type":"binary-expr","locations":[{"start":{"line":39,"column":25},"end":{"line":39,"column":54}},{"start":{"line":39,"column":58},"end":{"line":39,"column":88}}]},"4":{"loc":{"start":{"line":40,"column":10},"end":{"line":45,"column":11}},"type":"if","locations":[{"start":{"line":40,"column":10},"end":{"line":45,"column":11}}]},"5":{"loc":{"start":{"line":65,"column":10},"end":{"line":80,"column":11}},"type":"if","locations":[{"start":{"line":65,"column":10},"end":{"line":80,"column":11}}]},"6":{"loc":{"start":{"line":67,"column":12},"end":{"line":79,"column":13}},"type":"if","locations":[{"start":{"line":67,"column":12},"end":{"line":79,"column":13}}]},"7":{"loc":{"start":{"line":67,"column":16},"end":{"line":67,"column":77}},"type":"binary-expr","locations":[{"start":{"line":67,"column":16},"end":{"line":67,"column":22}},{"start":{"line":67,"column":26},"end":{"line":67,"column":51}},{"start":{"line":67,"column":55},"end":{"line":67,"column":77}}]},"8":{"loc":{"start":{"line":69,"column":27},"end":{"line":69,"column":49}},"type":"binary-expr","locations":[{"start":{"line":69,"column":27},"end":{"line":69,"column":43}},{"start":{"line":69,"column":47},"end":{"line":69,"column":49}}]},"9":{"loc":{"start":{"line":70,"column":14},"end":{"line":78,"column":15}},"type":"if","locations":[{"start":{"line":70,"column":14},"end":{"line":78,"column":15}}]},"10":{"loc":{"start":{"line":70,"column":18},"end":{"line":70,"column":52}},"type":"binary-expr","locations":[{"start":{"line":70,"column":18},"end":{"line":70,"column":33}},{"start":{"line":70,"column":37},"end":{"line":70,"column":52}}]},"11":{"loc":{"start":{"line":92,"column":10},"end":{"line":97,"column":11}},"type":"if","locations":[{"start":{"line":92,"column":10},"end":{"line":97,"column":11}}]},"12":{"loc":{"start":{"line":101,"column":23},"end":{"line":101,"column":44}},"type":"binary-expr","locations":[{"start":{"line":101,"column":23},"end":{"line":101,"column":38}},{"start":{"line":101,"column":42},"end":{"line":101,"column":44}}]},"13":{"loc":{"start":{"line":103,"column":10},"end":{"line":147,"column":11}},"type":"if","locations":[{"start":{"line":103,"column":10},"end":{"line":147,"column":11}}]},"14":{"loc":{"start":{"line":105,"column":12},"end":{"line":146,"column":13}},"type":"if","locations":[{"start":{"line":105,"column":12},"end":{"line":146,"column":13}},{"start":{"line":125,"column":19},"end":{"line":146,"column":13}}]},"15":{"loc":{"start":{"line":108,"column":14},"end":{"line":124,"column":15}},"type":"if","locations":[{"start":{"line":108,"column":14},"end":{"line":124,"column":15}},{"start":{"line":116,"column":21},"end":{"line":124,"column":15}}]},"16":{"loc":{"start":{"line":109,"column":28},"end":{"line":109,"column":53}},"type":"binary-expr","locations":[{"start":{"line":109,"column":28},"end":{"line":109,"column":45}},{"start":{"line":109,"column":49},"end":{"line":109,"column":53}}]},"17":{"loc":{"start":{"line":114,"column":33},"end":{"line":114,"column":59}},"type":"cond-expr","locations":[{"start":{"line":114,"column":39},"end":{"line":114,"column":45}},{"start":{"line":114,"column":48},"end":{"line":114,"column":59}}]},"18":{"loc":{"start":{"line":121,"column":33},"end":{"line":121,"column":60}},"type":"cond-expr","locations":[{"start":{"line":121,"column":40},"end":{"line":121,"column":46}},{"start":{"line":121,"column":49},"end":{"line":121,"column":60}}]},"19":{"loc":{"start":{"line":127,"column":14},"end":{"line":145,"column":15}},"type":"if","locations":[{"start":{"line":127,"column":14},"end":{"line":145,"column":15}},{"start":{"line":138,"column":21},"end":{"line":145,"column":15}}]},"20":{"loc":{"start":{"line":128,"column":16},"end":{"line":132,"column":39}},"type":"binary-expr","locations":[{"start":{"line":128,"column":16},"end":{"line":128,"column":22}},{"start":{"line":129,"column":16},"end":{"line":129,"column":43}},{"start":{"line":130,"column":16},"end":{"line":130,"column":48}},{"start":{"line":131,"column":16},"end":{"line":131,"column":47}},{"start":{"line":132,"column":16},"end":{"line":132,"column":39}}]},"21":{"loc":{"start":{"line":151,"column":23},"end":{"line":151,"column":44}},"type":"binary-expr","locations":[{"start":{"line":151,"column":23},"end":{"line":151,"column":38}},{"start":{"line":151,"column":42},"end":{"line":151,"column":44}}]},"22":{"loc":{"start":{"line":153,"column":10},"end":{"line":162,"column":11}},"type":"if","locations":[{"start":{"line":153,"column":10},"end":{"line":162,"column":11}}]},"23":{"loc":{"start":{"line":154,"column":26},"end":{"line":154,"column":42}},"type":"binary-expr","locations":[{"start":{"line":154,"column":26},"end":{"line":154,"column":36}},{"start":{"line":154,"column":40},"end":{"line":154,"column":42}}]},"24":{"loc":{"start":{"line":155,"column":24},"end":{"line":155,"column":38}},"type":"binary-expr","locations":[{"start":{"line":155,"column":24},"end":{"line":155,"column":32}},{"start":{"line":155,"column":36},"end":{"line":155,"column":38}}]},"25":{"loc":{"start":{"line":167,"column":10},"end":{"line":177,"column":11}},"type":"if","locations":[{"start":{"line":167,"column":10},"end":{"line":177,"column":11}}]},"26":{"loc":{"start":{"line":167,"column":14},"end":{"line":167,"column":67}},"type":"binary-expr","locations":[{"start":{"line":167,"column":14},"end":{"line":167,"column":36}},{"start":{"line":167,"column":40},"end":{"line":167,"column":67}}]},"27":{"loc":{"start":{"line":168,"column":25},"end":{"line":168,"column":48}},"type":"binary-expr","locations":[{"start":{"line":168,"column":25},"end":{"line":168,"column":42}},{"start":{"line":168,"column":46},"end":{"line":168,"column":48}}]},"28":{"loc":{"start":{"line":170,"column":12},"end":{"line":176,"column":13}},"type":"if","locations":[{"start":{"line":170,"column":12},"end":{"line":176,"column":13}}]},"29":{"loc":{"start":{"line":170,"column":16},"end":{"line":170,"column":66}},"type":"binary-expr","locations":[{"start":{"line":170,"column":16},"end":{"line":170,"column":30}},{"start":{"line":170,"column":34},"end":{"line":170,"column":48}},{"start":{"line":170,"column":52},"end":{"line":170,"column":66}}]},"30":{"loc":{"start":{"line":186,"column":6},"end":{"line":188,"column":7}},"type":"if","locations":[{"start":{"line":186,"column":6},"end":{"line":188,"column":7}}]},"31":{"loc":{"start":{"line":201,"column":4},"end":{"line":201,"column":29}},"type":"if","locations":[{"start":{"line":201,"column":4},"end":{"line":201,"column":29}}]},"32":{"loc":{"start":{"line":209,"column":2},"end":{"line":209,"column":75}},"type":"if","locations":[{"start":{"line":209,"column":2},"end":{"line":209,"column":75}}]},"33":{"loc":{"start":{"line":210,"column":2},"end":{"line":407,"column":3}},"type":"switch","locations":[{"start":{"line":211,"column":4},"end":{"line":400,"column":5}},{"start":{"line":401,"column":4},"end":{"line":406,"column":5}}]},"34":{"loc":{"start":{"line":213,"column":6},"end":{"line":399,"column":7}},"type":"switch","locations":[{"start":{"line":214,"column":8},"end":{"line":219,"column":9}},{"start":{"line":220,"column":8},"end":{"line":227,"column":9}},{"start":{"line":228,"column":8},"end":{"line":228,"column":20}},{"start":{"line":229,"column":8},"end":{"line":256,"column":9}},{"start":{"line":257,"column":8},"end":{"line":257,"column":18}},{"start":{"line":258,"column":8},"end":{"line":258,"column":18}},{"start":{"line":259,"column":8},"end":{"line":259,"column":18}},{"start":{"line":260,"column":8},"end":{"line":260,"column":18}},{"start":{"line":261,"column":8},"end":{"line":261,"column":18}},{"start":{"line":262,"column":8},"end":{"line":270,"column":9}},{"start":{"line":271,"column":8},"end":{"line":271,"column":18}},{"start":{"line":272,"column":8},"end":{"line":295,"column":9}},{"start":{"line":296,"column":8},"end":{"line":297,"column":62}},{"start":{"line":298,"column":8},"end":{"line":352,"column":9}},{"start":{"line":353,"column":8},"end":{"line":389,"column":9}},{"start":{"line":390,"column":8},"end":{"line":395,"column":9}},{"start":{"line":396,"column":8},"end":{"line":398,"column":9}}]},"35":{"loc":{"start":{"line":225,"column":10},"end":{"line":225,"column":81}},"type":"if","locations":[{"start":{"line":225,"column":10},"end":{"line":225,"column":81}}]},"36":{"loc":{"start":{"line":230,"column":23},"end":{"line":230,"column":39}},"type":"binary-expr","locations":[{"start":{"line":230,"column":23},"end":{"line":230,"column":33}},{"start":{"line":230,"column":37},"end":{"line":230,"column":39}}]},"37":{"loc":{"start":{"line":231,"column":27},"end":{"line":231,"column":46}},"type":"binary-expr","locations":[{"start":{"line":231,"column":27},"end":{"line":231,"column":40}},{"start":{"line":231,"column":44},"end":{"line":231,"column":46}}]},"38":{"loc":{"start":{"line":232,"column":10},"end":{"line":237,"column":11}},"type":"if","locations":[{"start":{"line":232,"column":10},"end":{"line":237,"column":11}}]},"39":{"loc":{"start":{"line":234,"column":12},"end":{"line":236,"column":13}},"type":"if","locations":[{"start":{"line":234,"column":12},"end":{"line":236,"column":13}}]},"40":{"loc":{"start":{"line":234,"column":16},"end":{"line":234,"column":78}},"type":"binary-expr","locations":[{"start":{"line":234,"column":16},"end":{"line":234,"column":45}},{"start":{"line":234,"column":49},"end":{"line":234,"column":78}}]},"41":{"loc":{"start":{"line":240,"column":10},"end":{"line":246,"column":11}},"type":"if","locations":[{"start":{"line":240,"column":10},"end":{"line":246,"column":11}}]},"42":{"loc":{"start":{"line":247,"column":23},"end":{"line":247,"column":46}},"type":"binary-expr","locations":[{"start":{"line":247,"column":23},"end":{"line":247,"column":40}},{"start":{"line":247,"column":44},"end":{"line":247,"column":46}}]},"43":{"loc":{"start":{"line":248,"column":23},"end":{"line":248,"column":46}},"type":"binary-expr","locations":[{"start":{"line":248,"column":23},"end":{"line":248,"column":40}},{"start":{"line":248,"column":44},"end":{"line":248,"column":46}}]},"44":{"loc":{"start":{"line":254,"column":10},"end":{"line":254,"column":42}},"type":"if","locations":[{"start":{"line":254,"column":10},"end":{"line":254,"column":42}}]},"45":{"loc":{"start":{"line":273,"column":27},"end":{"line":273,"column":46}},"type":"binary-expr","locations":[{"start":{"line":273,"column":27},"end":{"line":273,"column":40}},{"start":{"line":273,"column":44},"end":{"line":273,"column":46}}]},"46":{"loc":{"start":{"line":281,"column":10},"end":{"line":281,"column":78}},"type":"if","locations":[{"start":{"line":281,"column":10},"end":{"line":281,"column":78}}]},"47":{"loc":{"start":{"line":281,"column":52},"end":{"line":281,"column":76}},"type":"binary-expr","locations":[{"start":{"line":281,"column":52},"end":{"line":281,"column":69}},{"start":{"line":281,"column":73},"end":{"line":281,"column":76}}]},"48":{"loc":{"start":{"line":284,"column":12},"end":{"line":284,"column":77}},"type":"if","locations":[{"start":{"line":284,"column":12},"end":{"line":284,"column":77}}]},"49":{"loc":{"start":{"line":284,"column":16},"end":{"line":284,"column":66}},"type":"binary-expr","locations":[{"start":{"line":284,"column":16},"end":{"line":284,"column":40}},{"start":{"line":284,"column":44},"end":{"line":284,"column":66}}]},"50":{"loc":{"start":{"line":286,"column":28},"end":{"line":286,"column":71}},"type":"cond-expr","locations":[{"start":{"line":286,"column":42},"end":{"line":286,"column":64}},{"start":{"line":286,"column":67},"end":{"line":286,"column":71}}]},"51":{"loc":{"start":{"line":310,"column":29},"end":{"line":310,"column":51}},"type":"binary-expr","locations":[{"start":{"line":310,"column":29},"end":{"line":310,"column":45}},{"start":{"line":310,"column":49},"end":{"line":310,"column":51}}]},"52":{"loc":{"start":{"line":314,"column":14},"end":{"line":314,"column":53}},"type":"if","locations":[{"start":{"line":314,"column":14},"end":{"line":314,"column":53}}]},"53":{"loc":{"start":{"line":315,"column":14},"end":{"line":320,"column":15}},"type":"if","locations":[{"start":{"line":315,"column":14},"end":{"line":320,"column":15}}]},"54":{"loc":{"start":{"line":318,"column":16},"end":{"line":318,"column":106}},"type":"if","locations":[{"start":{"line":318,"column":16},"end":{"line":318,"column":106}}]},"55":{"loc":{"start":{"line":331,"column":32},"end":{"line":331,"column":54}},"type":"binary-expr","locations":[{"start":{"line":331,"column":32},"end":{"line":331,"column":48}},{"start":{"line":331,"column":52},"end":{"line":331,"column":54}}]},"56":{"loc":{"start":{"line":332,"column":14},"end":{"line":332,"column":88}},"type":"if","locations":[{"start":{"line":332,"column":14},"end":{"line":332,"column":88}}]},"57":{"loc":{"start":{"line":332,"column":18},"end":{"line":332,"column":68}},"type":"binary-expr","locations":[{"start":{"line":332,"column":18},"end":{"line":332,"column":42}},{"start":{"line":332,"column":46},"end":{"line":332,"column":68}}]},"58":{"loc":{"start":{"line":334,"column":35},"end":{"line":334,"column":54}},"type":"binary-expr","locations":[{"start":{"line":334,"column":35},"end":{"line":334,"column":48}},{"start":{"line":334,"column":52},"end":{"line":334,"column":54}}]},"59":{"loc":{"start":{"line":335,"column":12},"end":{"line":335,"column":56}},"type":"if","locations":[{"start":{"line":335,"column":12},"end":{"line":335,"column":56}}]},"60":{"loc":{"start":{"line":336,"column":12},"end":{"line":349,"column":13}},"type":"switch","locations":[{"start":{"line":337,"column":14},"end":{"line":340,"column":15}},{"start":{"line":341,"column":14},"end":{"line":344,"column":15}},{"start":{"line":345,"column":14},"end":{"line":348,"column":15}}]},"61":{"loc":{"start":{"line":354,"column":23},"end":{"line":354,"column":44}},"type":"binary-expr","locations":[{"start":{"line":354,"column":23},"end":{"line":354,"column":38}},{"start":{"line":354,"column":42},"end":{"line":354,"column":44}}]},"62":{"loc":{"start":{"line":356,"column":10},"end":{"line":384,"column":11}},"type":"switch","locations":[{"start":{"line":357,"column":12},"end":{"line":371,"column":13}},{"start":{"line":372,"column":12},"end":{"line":383,"column":13}}]},"63":{"loc":{"start":{"line":361,"column":14},"end":{"line":361,"column":55}},"type":"if","locations":[{"start":{"line":361,"column":14},"end":{"line":361,"column":55}}]},"64":{"loc":{"start":{"line":361,"column":18},"end":{"line":361,"column":47}},"type":"binary-expr","locations":[{"start":{"line":361,"column":18},"end":{"line":361,"column":24}},{"start":{"line":361,"column":28},"end":{"line":361,"column":39}},{"start":{"line":361,"column":43},"end":{"line":361,"column":47}}]},"65":{"loc":{"start":{"line":369,"column":14},"end":{"line":369,"column":54}},"type":"if","locations":[{"start":{"line":369,"column":14},"end":{"line":369,"column":54}}]},"66":{"loc":{"start":{"line":412,"column":2},"end":{"line":424,"column":3}},"type":"switch","locations":[{"start":{"line":413,"column":4},"end":{"line":413,"column":21}},{"start":{"line":414,"column":4},"end":{"line":414,"column":19}},{"start":{"line":415,"column":4},"end":{"line":415,"column":22}},{"start":{"line":416,"column":4},"end":{"line":416,"column":16}},{"start":{"line":417,"column":4},"end":{"line":417,"column":16}},{"start":{"line":418,"column":4},"end":{"line":418,"column":22}},{"start":{"line":419,"column":4},"end":{"line":419,"column":25}},{"start":{"line":420,"column":4},"end":{"line":420,"column":17}},{"start":{"line":421,"column":4},"end":{"line":421,"column":16}},{"start":{"line":422,"column":4},"end":{"line":423,"column":18}}]},"67":{"loc":{"start":{"line":430,"column":19},"end":{"line":430,"column":38}},"type":"binary-expr","locations":[{"start":{"line":430,"column":19},"end":{"line":430,"column":32}},{"start":{"line":430,"column":36},"end":{"line":430,"column":38}}]},"68":{"loc":{"start":{"line":434,"column":4},"end":{"line":439,"column":5}},"type":"if","locations":[{"start":{"line":434,"column":4},"end":{"line":439,"column":5}},{"start":{"line":437,"column":11},"end":{"line":439,"column":5}}]},"69":{"loc":{"start":{"line":447,"column":17},"end":{"line":447,"column":36}},"type":"binary-expr","locations":[{"start":{"line":447,"column":17},"end":{"line":447,"column":30}},{"start":{"line":447,"column":34},"end":{"line":447,"column":36}}]},"70":{"loc":{"start":{"line":452,"column":4},"end":{"line":459,"column":5}},"type":"if","locations":[{"start":{"line":452,"column":4},"end":{"line":459,"column":5}}]},"71":{"loc":{"start":{"line":455,"column":18},"end":{"line":455,"column":38}},"type":"binary-expr","locations":[{"start":{"line":455,"column":18},"end":{"line":455,"column":32}},{"start":{"line":455,"column":36},"end":{"line":455,"column":38}}]},"72":{"loc":{"start":{"line":460,"column":4},"end":{"line":473,"column":5}},"type":"if","locations":[{"start":{"line":460,"column":4},"end":{"line":473,"column":5}},{"start":{"line":463,"column":11},"end":{"line":473,"column":5}}]},"73":{"loc":{"start":{"line":464,"column":6},"end":{"line":470,"column":7}},"type":"if","locations":[{"start":{"line":464,"column":6},"end":{"line":470,"column":7}}]},"74":{"loc":{"start":{"line":464,"column":10},"end":{"line":464,"column":62}},"type":"binary-expr","locations":[{"start":{"line":464,"column":10},"end":{"line":464,"column":24}},{"start":{"line":464,"column":28},"end":{"line":464,"column":62}}]},"75":{"loc":{"start":{"line":471,"column":6},"end":{"line":471,"column":63}},"type":"if","locations":[{"start":{"line":471,"column":6},"end":{"line":471,"column":63}}]},"76":{"loc":{"start":{"line":475,"column":4},"end":{"line":496,"column":5}},"type":"switch","locations":[{"start":{"line":476,"column":6},"end":{"line":478,"column":14}},{"start":{"line":479,"column":6},"end":{"line":486,"column":7}},{"start":{"line":487,"column":6},"end":{"line":489,"column":14}},{"start":{"line":490,"column":6},"end":{"line":492,"column":14}},{"start":{"line":493,"column":6},"end":{"line":495,"column":14}}]},"77":{"loc":{"start":{"line":481,"column":8},"end":{"line":484,"column":9}},"type":"if","locations":[{"start":{"line":481,"column":8},"end":{"line":484,"column":9}}]},"78":{"loc":{"start":{"line":504,"column":2},"end":{"line":509,"column":3}},"type":"if","locations":[{"start":{"line":504,"column":2},"end":{"line":509,"column":3}}]}},"s":{"0":1,"1":1,"2":104,"3":104,"4":104,"5":104,"6":106,"7":106,"8":106,"9":104,"10":1,"11":15,"12":1,"13":1,"14":140,"15":140,"16":59,"17":59,"18":6,"19":6,"20":6,"21":2,"22":4,"23":5,"24":2,"25":2,"26":1,"27":3,"28":3,"29":3,"30":1,"31":1,"32":1,"33":1,"34":1,"35":1,"36":1,"37":1,"38":2,"39":1,"40":1,"41":1,"42":1,"43":1,"44":1,"45":1,"46":0,"47":10,"48":10,"49":10,"50":7,"51":7,"52":4,"53":4,"54":4,"55":2,"56":2,"57":2,"58":2,"59":3,"60":3,"61":1,"62":2,"63":3,"64":3,"65":3,"66":3,"67":3,"68":3,"69":3,"70":0,"71":3,"72":3,"73":3,"74":3,"75":3,"76":3,"77":0,"78":2,"79":18,"80":15,"81":3,"82":81,"83":1,"84":150,"85":150,"86":150,"87":150,"88":163,"89":163,"90":160,"91":150,"92":1,"93":1,"94":272,"95":0,"96":272,"97":149,"98":149,"99":43,"100":7,"101":7,"102":1,"103":7,"104":6,"105":6,"106":6,"107":6,"108":6,"109":5,"110":6,"111":6,"112":2,"113":2,"114":4,"115":4,"116":4,"117":4,"118":2,"119":4,"120":6,"121":6,"122":6,"123":13,"124":13,"125":13,"126":13,"127":13,"128":2,"129":13,"130":13,"131":17,"132":17,"133":0,"134":17,"135":17,"136":17,"137":17,"138":13,"139":1,"140":4,"141":4,"142":4,"143":10,"144":10,"145":10,"146":10,"147":10,"148":76,"149":76,"150":40,"151":36,"152":14,"153":14,"154":14,"155":9,"156":14,"157":36,"158":36,"159":10,"160":10,"161":4,"162":4,"163":10,"164":5,"165":4,"166":19,"167":10,"168":9,"169":2,"170":2,"171":2,"172":2,"173":5,"174":5,"175":4,"176":34,"177":34,"178":34,"179":2,"180":2,"181":2,"182":2,"183":0,"184":2,"185":2,"186":2,"187":1,"188":2,"189":3,"190":3,"191":3,"192":3,"193":3,"194":29,"195":1,"196":34,"197":93,"198":30,"199":1,"200":1,"201":181,"202":84,"203":97,"204":1,"205":49,"206":49,"207":49,"208":49,"209":49,"210":51,"211":51,"212":4,"213":4,"214":47,"215":49,"216":1,"217":120,"218":120,"219":120,"220":120,"221":146,"222":146,"223":16,"224":16,"225":16,"226":16,"227":16,"228":16,"229":130,"230":80,"231":80,"232":50,"233":47,"234":47,"235":50,"236":0,"237":50,"238":130,"239":7,"240":7,"241":12,"242":12,"243":12,"244":12,"245":12,"246":16,"247":12,"248":3,"249":3,"250":39,"251":39,"252":6,"253":6,"254":120,"255":1,"256":94,"257":0,"258":94,"259":94,"260":1,"261":1,"262":94,"263":1},"f":{"0":104,"1":15,"2":140,"3":150,"4":272,"5":10,"6":4,"7":181,"8":49,"9":120,"10":94,"11":94},"b":{"0":[106],"1":[59,81],"2":[4,6,3,5,1,2,2,1,3,1,1,1,1,10,3,3,2],"3":[6,5],"4":[2],"5":[1],"6":[1],"7":[1,1,1],"8":[1,0],"9":[1],"10":[1,1],"11":[1],"12":[10,0],"13":[7],"14":[4,3],"15":[2,2],"16":[2,1],"17":[1,1],"18":[1,1],"19":[1,2],"20":[3,2,2,2,1],"21":[3,0],"22":[3],"23":[3,2],"24":[3,1],"25":[3],"26":[3,3],"27":[3,0],"28":[3],"29":[3,2,1],"30":[15],"31":[160],"32":[0],"33":[149,93],"34":[43,7,0,6,1,2,3,4,5,6,11,13,1,4,34,1,34],"35":[1],"36":[6,0],"37":[6,0],"38":[6],"39":[5],"40":[6,5],"41":[2],"42":[4,2],"43":[4,2],"44":[2],"45":[13,0],"46":[2],"47":[2,1],"48":[0],"49":[17,17],"50":[2,15],"51":[10,0],"52":[40],"53":[14],"54":[9],"55":[4,0],"56":[5],"57":[10,5],"58":[4,0],"59":[10],"60":[2,2,5],"61":[34,0],"62":[2,3],"63":[0],"64":[2,2,2],"65":[1],"66":[42,48,55,68,72,74,75,79,81,84],"67":[49,0],"68":[4,47],"69":[120,0],"70":[16],"71":[16,0],"72":[80,50],"73":[47],"74":[50,3],"75":[0],"76":[7,12,3,39,6],"77":[12],"78":[0]}}
,"/home/runner/work/very-small-parser/very-small-parser/src/html/toText.ts": {"path":"/home/runner/work/very-small-parser/very-small-parser/src/html/toText.ts","statementMap":{"0":{"start":{"line":3,"column":19},"end":{"line":3,"column":118}},"1":{"start":{"line":3,"column":44},"end":{"line":3,"column":118}},"2":{"start":{"line":3,"column":89},"end":{"line":3,"column":117}},"3":{"start":{"line":5,"column":19},"end":{"line":5,"column":116}},"4":{"start":{"line":5,"column":44},"end":{"line":5,"column":116}},"5":{"start":{"line":7,"column":14},"end":{"line":7,"column":16}},"6":{"start":{"line":17,"column":22},"end":{"line":72,"column":1}},"7":{"start":{"line":18,"column":2},"end":{"line":21,"column":3}},"8":{"start":{"line":19,"column":24},"end":{"line":19,"column":62}},"9":{"start":{"line":20,"column":4},"end":{"line":20,"column":36}},"10":{"start":{"line":22,"column":17},"end":{"line":22,"column":21}},"11":{"start":{"line":23,"column":2},"end":{"line":70,"column":3}},"12":{"start":{"line":25,"column":6},"end":{"line":25,"column":50}},"13":{"start":{"line":27,"column":22},"end":{"line":27,"column":26}},"14":{"start":{"line":28,"column":6},"end":{"line":28,"column":69}},"15":{"start":{"line":33,"column":23},"end":{"line":33,"column":36}},"16":{"start":{"line":34,"column":41},"end":{"line":34,"column":43}},"17":{"start":{"line":35,"column":47},"end":{"line":35,"column":52}},"18":{"start":{"line":36,"column":6},"end":{"line":39,"column":7}},"19":{"start":{"line":37,"column":8},"end":{"line":37,"column":31}},"20":{"start":{"line":38,"column":8},"end":{"line":38,"column":37}},"21":{"start":{"line":40,"column":25},"end":{"line":40,"column":33}},"22":{"start":{"line":41,"column":28},"end":{"line":41,"column":59}},"23":{"start":{"line":42,"column":22},"end":{"line":42,"column":27}},"24":{"start":{"line":43,"column":24},"end":{"line":43,"column":26}},"25":{"start":{"line":44,"column":29},"end":{"line":44,"column":33}},"26":{"start":{"line":45,"column":6},"end":{"line":57,"column":7}},"27":{"start":{"line":46,"column":31},"end":{"line":46,"column":46}},"28":{"start":{"line":47,"column":8},"end":{"line":51,"column":11}},"29":{"start":{"line":47,"column":21},"end":{"line":47,"column":22}},"30":{"start":{"line":48,"column":10},"end":{"line":51,"column":11}},"31":{"start":{"line":49,"column":12},"end":{"line":49,"column":37}},"32":{"start":{"line":50,"column":12},"end":{"line":50,"column":18}},"33":{"start":{"line":52,"column":8},"end":{"line":56,"column":117}},"34":{"start":{"line":53,"column":10},"end":{"line":53,"column":102}},"35":{"start":{"line":53,"column":23},"end":{"line":53,"column":24}},"36":{"start":{"line":53,"column":51},"end":{"line":53,"column":102}},"37":{"start":{"line":55,"column":10},"end":{"line":56,"column":117}},"38":{"start":{"line":55,"column":23},"end":{"line":55,"column":24}},"39":{"start":{"line":56,"column":12},"end":{"line":56,"column":117}},"40":{"start":{"line":58,"column":6},"end":{"line":58,"column":41}},"41":{"start":{"line":58,"column":22},"end":{"line":58,"column":41}},"42":{"start":{"line":59,"column":20},"end":{"line":59,"column":22}},"43":{"start":{"line":60,"column":6},"end":{"line":61,"column":107}},"44":{"start":{"line":61,"column":8},"end":{"line":61,"column":107}},"45":{"start":{"line":61,"column":38},"end":{"line":61,"column":107}},"46":{"start":{"line":62,"column":23},"end":{"line":62,"column":46}},"47":{"start":{"line":63,"column":6},"end":{"line":68,"column":8}},"48":{"start":{"line":71,"column":2},"end":{"line":71,"column":12}},"49":{"start":{"line":17,"column":13},"end":{"line":17,"column":22}}},"fnMap":{"0":{"name":"(anonymous_0)","decl":{"start":{"line":3,"column":19},"end":{"line":3,"column":20}},"loc":{"start":{"line":3,"column":44},"end":{"line":3,"column":118}}},"1":{"name":"(anonymous_1)","decl":{"start":{"line":3,"column":82},"end":{"line":3,"column":83}},"loc":{"start":{"line":3,"column":89},"end":{"line":3,"column":117}}},"2":{"name":"(anonymous_2)","decl":{"start":{"line":5,"column":19},"end":{"line":5,"column":20}},"loc":{"start":{"line":5,"column":44},"end":{"line":5,"column":116}}},"3":{"name":"(anonymous_3)","decl":{"start":{"line":17,"column":22},"end":{"line":17,"column":23}},"loc":{"start":{"line":17,"column":104},"end":{"line":72,"column":1}}}},"branchMap":{"0":{"loc":{"start":{"line":17,"column":56},"end":{"line":17,"column":72}},"type":"default-arg","locations":[{"start":{"line":17,"column":70},"end":{"line":17,"column":72}}]},"1":{"loc":{"start":{"line":17,"column":74},"end":{"line":17,"column":92}},"type":"default-arg","locations":[{"start":{"line":17,"column":90},"end":{"line":17,"column":92}}]},"2":{"loc":{"start":{"line":18,"column":2},"end":{"line":21,"column":3}},"type":"if","locations":[{"start":{"line":18,"column":2},"end":{"line":21,"column":3}}]},"3":{"loc":{"start":{"line":23,"column":2},"end":{"line":70,"column":3}},"type":"switch","locations":[{"start":{"line":24,"column":4},"end":{"line":25,"column":50}},{"start":{"line":26,"column":4},"end":{"line":29,"column":5}},{"start":{"line":31,"column":4},"end":{"line":31,"column":16}},{"start":{"line":32,"column":4},"end":{"line":69,"column":5}}]},"4":{"loc":{"start":{"line":25,"column":32},"end":{"line":25,"column":48}},"type":"binary-expr","locations":[{"start":{"line":25,"column":32},"end":{"line":25,"column":42}},{"start":{"line":25,"column":46},"end":{"line":25,"column":48}}]},"5":{"loc":{"start":{"line":28,"column":13},"end":{"line":28,"column":68}},"type":"cond-expr","locations":[{"start":{"line":28,"column":21},"end":{"line":28,"column":63}},{"start":{"line":28,"column":66},"end":{"line":28,"column":68}}]},"6":{"loc":{"start":{"line":36,"column":6},"end":{"line":39,"column":7}},"type":"if","locations":[{"start":{"line":36,"column":6},"end":{"line":39,"column":7}}]},"7":{"loc":{"start":{"line":41,"column":37},"end":{"line":41,"column":58}},"type":"cond-expr","locations":[{"start":{"line":41,"column":50},"end":{"line":41,"column":52}},{"start":{"line":41,"column":55},"end":{"line":41,"column":58}}]},"8":{"loc":{"start":{"line":45,"column":6},"end":{"line":57,"column":7}},"type":"if","locations":[{"start":{"line":45,"column":6},"end":{"line":57,"column":7}}]},"9":{"loc":{"start":{"line":48,"column":10},"end":{"line":51,"column":11}},"type":"if","locations":[{"start":{"line":48,"column":10},"end":{"line":51,"column":11}}]},"10":{"loc":{"start":{"line":52,"column":8},"end":{"line":56,"column":117}},"type":"if","locations":[{"start":{"line":52,"column":8},"end":{"line":56,"column":117}},{"start":{"line":55,"column":10},"end":{"line":56,"column":117}}]},"11":{"loc":{"start":{"line":53,"column":77},"end":{"line":53,"column":100}},"type":"binary-expr","locations":[{"start":{"line":53,"column":77},"end":{"line":53,"column":94}},{"start":{"line":53,"column":98},"end":{"line":53,"column":100}}]},"12":{"loc":{"start":{"line":56,"column":28},"end":{"line":56,"column":73}},"type":"cond-expr","locations":[{"start":{"line":56,"column":39},"end":{"line":56,"column":67}},{"start":{"line":56,"column":71},"end":{"line":56,"column":73}}]},"13":{"loc":{"start":{"line":56,"column":39},"end":{"line":56,"column":67}},"type":"cond-expr","locations":[{"start":{"line":56,"column":58},"end":{"line":56,"column":62}},{"start":{"line":56,"column":65},"end":{"line":56,"column":67}}]},"14":{"loc":{"start":{"line":56,"column":39},"end":{"line":56,"column":55}},"type":"binary-expr","locations":[{"start":{"line":56,"column":39},"end":{"line":56,"column":50}},{"start":{"line":56,"column":54},"end":{"line":56,"column":55}}]},"15":{"loc":{"start":{"line":58,"column":6},"end":{"line":58,"column":41}},"type":"if","locations":[{"start":{"line":58,"column":6},"end":{"line":58,"column":41}}]},"16":{"loc":{"start":{"line":60,"column":6},"end":{"line":61,"column":107}},"type":"if","locations":[{"start":{"line":60,"column":6},"end":{"line":61,"column":107}}]},"17":{"loc":{"start":{"line":65,"column":9},"end":{"line":67,"column":28}},"type":"cond-expr","locations":[{"start":{"line":66,"column":12},"end":{"line":66,"column":116}},{"start":{"line":67,"column":12},"end":{"line":67,"column":28}}]},"18":{"loc":{"start":{"line":66,"column":44},"end":{"line":66,"column":92}},"type":"cond-expr","locations":[{"start":{"line":66,"column":75},"end":{"line":66,"column":87}},{"start":{"line":66,"column":90},"end":{"line":66,"column":92}}]},"19":{"loc":{"start":{"line":66,"column":44},"end":{"line":66,"column":72}},"type":"binary-expr","locations":[{"start":{"line":66,"column":44},"end":{"line":66,"column":51}},{"start":{"line":66,"column":55},"end":{"line":66,"column":72}}]}},"s":{"0":10,"1":202,"2":10,"3":10,"4":122,"5":10,"6":10,"7":451,"8":20,"9":20,"10":431,"11":431,"12":48,"13":0,"14":0,"15":383,"16":383,"17":383,"18":383,"19":268,"20":268,"21":383,"22":383,"23":383,"24":383,"25":383,"26":383,"27":382,"28":382,"29":382,"30":379,"31":205,"32":205,"33":382,"34":177,"35":177,"36":154,"37":205,"38":205,"39":291,"40":383,"41":121,"42":262,"43":262,"44":140,"45":122,"46":262,"47":262,"48":0,"49":10},"f":{"0":202,"1":10,"2":122,"3":451},"b":{"0":[116],"1":[128],"2":[20],"3":[48,0,115,383],"4":[48,0],"5":[0,0],"6":[268],"7":[121,262],"8":[382],"9":[205],"10":[177,205],"11":[154,0],"12":[19,272],"13":[13,6],"14":[19,10],"15":[121],"16":[140],"17":[238,24],"18":[5,233],"19":[238,21]}}
,"/home/runner/work/very-small-parser/very-small-parser/src/html/__tests__/setup.ts": {"path":"/home/runner/work/very-small-parser/very-small-parser/src/html/__tests__/setup.ts","statementMap":{"0":{"start":{"line":1,"column":0},"end":{"line":1,"column":24}},"1":{"start":{"line":4,"column":21},"end":{"line":8,"column":1}},"2":{"start":{"line":5,"column":14},"end":{"line":5,"column":30}},"3":{"start":{"line":7,"column":2},"end":{"line":7,"column":13}},"4":{"start":{"line":4,"column":13},"end":{"line":4,"column":21}},"5":{"start":{"line":10,"column":22},"end":{"line":14,"column":1}},"6":{"start":{"line":11,"column":14},"end":{"line":11,"column":31}},"7":{"start":{"line":13,"column":2},"end":{"line":13,"column":13}},"8":{"start":{"line":10,"column":13},"end":{"line":10,"column":22}}},"fnMap":{"0":{"name":"(anonymous_0)","decl":{"start":{"line":4,"column":21},"end":{"line":4,"column":22}},"loc":{"start":{"line":4,"column":52},"end":{"line":8,"column":1}}},"1":{"name":"(anonymous_1)","decl":{"start":{"line":10,"column":22},"end":{"line":10,"column":23}},"loc":{"start":{"line":10,"column":46},"end":{"line":14,"column":1}}}},"branchMap":{},"s":{"0":6,"1":6,"2":1044,"3":1044,"4":6,"5":6,"6":109,"7":109,"8":6},"f":{"0":1044,"1":109},"b":{}}
,"/home/runner/work/very-small-parser/very-small-parser/src/html/__tests__/toMdast.fixtures.ts": {"path":"/home/runner/work/very-small-parser/very-small-parser/src/html/__tests__/toMdast.fixtures.ts","statementMap":{"0":{"start":{"line":1,"column":13},"end":{"line":205,"column":2}}},"fnMap":{},"branchMap":{},"s":{"0":1},"f":{},"b":{}}
[...]
,"/home/runner/work/very-small-parser/very-small-parser/src/markdown/inline/toHast.ts": {"path":"/home/runner/work/very-small-parser/very-small-parser/src/markdown/inline/toHast.ts","statementMap":{"0":{"start":{"line":5,"column":23},"end":{"line":11,"column":1}},"1":{"start":{"line":6,"column":33},"end":{"line":6,"column":35}},"2":{"start":{"line":7,"column":2},"end":{"line":7,"column":28}},"3":{"start":{"line":7,"column":17},"end":{"line":7,"column":28}},"4":{"start":{"line":8,"column":17},"end":{"line":8,"column":32}},"5":{"start":{"line":9,"column":2},"end":{"line":9,"column":65}},"6":{"start":{"line":9,"column":15},"end":{"line":9,"column":16}},"7":{"start":{"line":9,"column":35},"end":{"line":9,"column":65}},"8":{"start":{"line":10,"column":2},"end":{"line":10,"column":13}},"9":{"start":{"line":13,"column":13},"end":{"line":13,"column":67}},"10":{"start":{"line":13,"column":45},"end":{"line":13,"column":66}},"11":{"start":{"line":15,"column":11},"end":{"line":27,"column":1}},"12":{"start":{"line":20,"column":15},"end":{"line":23,"column":21}},"13":{"start":{"line":24,"column":2},"end":{"line":24,"column":47}},"14":{"start":{"line":24,"column":18},"end":{"line":24,"column":47}},"15":{"start":{"line":25,"column":2},"end":{"line":25,"column":41}},"16":{"start":{"line":25,"column":16},"end":{"line":25,"column":41}},"17":{"start":{"line":26,"column":2},"end":{"line":26,"column":14}},"18":{"start":{"line":29,"column":16},"end":{"line":34,"column":53}},"19":{"start":{"line":34,"column":20},"end":{"line":34,"column":53}},"20":{"start":{"line":36,"column":24},"end":{"line":41,"column":87}},"21":{"start":{"line":41,"column":20},"end":{"line":41,"column":87}},"22":{"start":{"line":43,"column":15},"end":{"line":56,"column":1}},"23":{"start":{"line":48,"column":2},"end":{"line":48,"column":37}},"24":{"start":{"line":49,"column":15},"end":{"line":54,"column":21}},"25":{"start":{"line":55,"column":2},"end":{"line":55,"column":14}},"26":{"start":{"line":58,"column":22},"end":{"line":121,"column":1}},"27":{"start":{"line":59,"column":17},"end":{"line":59,"column":37}},"28":{"start":{"line":60,"column":2},"end":{"line":119,"column":3}},"29":{"start":{"line":62,"column":6},"end":{"line":62,"column":20}},"30":{"start":{"line":64,"column":6},"end":{"line":64,"column":59}},"31":{"start":{"line":66,"column":6},"end":{"line":66,"column":39}},"32":{"start":{"line":68,"column":6},"end":{"line":68,"column":35}},"33":{"start":{"line":70,"column":6},"end":{"line":70,"column":36}},"34":{"start":{"line":72,"column":6},"end":{"line":72,"column":81}},"35":{"start":{"line":74,"column":6},"end":{"line":74,"column":112}},"36":{"start":{"line":76,"column":6},"end":{"line":76,"column":101}},"37":{"start":{"line":78,"column":6},"end":{"line":78,"column":97}},"38":{"start":{"line":80,"column":32},"end":{"line":80,"column":38}},"39":{"start":{"line":81,"column":6},"end":{"line":81,"column":80}},"40":{"start":{"line":84,"column":27},"end":{"line":84,"column":33}},"41":{"start":{"line":85,"column":48},"end":{"line":85,"column":59}},"42":{"start":{"line":86,"column":6},"end":{"line":86,"column":36}},"43":{"start":{"line":86,"column":17},"end":{"line":86,"column":36}},"44":{"start":{"line":87,"column":6},"end":{"line":87,"column":40}},"45":{"start":{"line":90,"column":32},"end":{"line":90,"column":38}},"46":{"start":{"line":91,"column":48},"end":{"line":91,"column":58}},"47":{"start":{"line":92,"column":6},"end":{"line":92,"column":36}},"48":{"start":{"line":92,"column":17},"end":{"line":92,"column":36}},"49":{"start":{"line":93,"column":6},"end":{"line":93,"column":30}},"50":{"start":{"line":93,"column":15},"end":{"line":93,"column":30}},"51":{"start":{"line":94,"column":6},"end":{"line":94,"column":42}},"52":{"start":{"line":97,"column":6},"end":{"line":97,"column":78}},"53":{"start":{"line":99,"column":6},"end":{"line":99,"column":36}},"54":{"start":{"line":101,"column":6},"end":{"line":101,"column":36}},"55":{"start":{"line":103,"column":6},"end":{"line":103,"column":37}},"56":{"start":{"line":105,"column":6},"end":{"line":105,"column":75}},"57":{"start":{"line":107,"column":6},"end":{"line":107,"column":34}},"58":{"start":{"line":109,"column":6},"end":{"line":109,"column":35}},"59":{"start":{"line":111,"column":6},"end":{"line":114,"column":9}},"60":{"start":{"line":116,"column":6},"end":{"line":116,"column":20}},"61":{"start":{"line":118,"column":6},"end":{"line":118,"column":62}},"62":{"start":{"line":120,"column":2},"end":{"line":120,"column":110}},"63":{"start":{"line":58,"column":13},"end":{"line":58,"column":22}}},"fnMap":{"0":{"name":"(anonymous_0)","decl":{"start":{"line":5,"column":23},"end":{"line":5,"column":24}},"loc":{"start":{"line":5,"column":80},"end":{"line":11,"column":1}}},"1":{"name":"(anonymous_1)","decl":{"start":{"line":13,"column":13},"end":{"line":13,"column":14}},"loc":{"start":{"line":13,"column":45},"end":{"line":13,"column":66}}},"2":{"name":"(anonymous_2)","decl":{"start":{"line":15,"column":11},"end":{"line":15,"column":null}},"loc":{"start":{"line":19,"column":19},"end":{"line":27,"column":1}}},"3":{"name":"(anonymous_3)","decl":{"start":{"line":29,"column":16},"end":{"line":29,"column":null}},"loc":{"start":{"line":34,"column":20},"end":{"line":34,"column":53}}},"4":{"name":"(anonymous_4)","decl":{"start":{"line":36,"column":24},"end":{"line":36,"column":null}},"loc":{"start":{"line":41,"column":20},"end":{"line":41,"column":87}}},"5":{"name":"(anonymous_5)","decl":{"start":{"line":43,"column":15},"end":{"line":43,"column":null}},"loc":{"start":{"line":47,"column":19},"end":{"line":56,"column":1}}},"6":{"name":"(anonymous_6)","decl":{"start":{"line":58,"column":22},"end":{"line":58,"column":23}},"loc":{"start":{"line":58,"column":80},"end":{"line":121,"column":1}}}},"branchMap":{"0":{"loc":{"start":{"line":7,"column":2},"end":{"line":7,"column":28}},"type":"if","locations":[{"start":{"line":7,"column":2},"end":{"line":7,"column":28}}]},"1":{"loc":{"start":{"line":24,"column":2},"end":{"line":24,"column":47}},"type":"if","locations":[{"start":{"line":24,"column":2},"end":{"line":24,"column":47}}]},"2":{"loc":{"start":{"line":25,"column":2},"end":{"line":25,"column":41}},"type":"if","locations":[{"start":{"line":25,"column":2},"end":{"line":25,"column":41}}]},"3":{"loc":{"start":{"line":33,"column":2},"end":{"line":33,"column":91}},"type":"default-arg","locations":[{"start":{"line":33,"column":40},"end":{"line":33,"column":91}}]},"4":{"loc":{"start":{"line":46,"column":2},"end":{"line":46,"column":46}},"type":"default-arg","locations":[{"start":{"line":46,"column":44},"end":{"line":46,"column":46}}]},"5":{"loc":{"start":{"line":60,"column":2},"end":{"line":119,"column":3}},"type":"switch","locations":[{"start":{"line":61,"column":4},"end":{"line":62,"column":20}},{"start":{"line":63,"column":4},"end":{"line":64,"column":59}},{"start":{"line":65,"column":4},"end":{"line":66,"column":39}},{"start":{"line":67,"column":4},"end":{"line":68,"column":35}},{"start":{"line":69,"column":4},"end":{"line":70,"column":36}},{"start":{"line":71,"column":4},"end":{"line":72,"column":81}},{"start":{"line":73,"column":4},"end":{"line":74,"column":112}},{"start":{"line":75,"column":4},"end":{"line":76,"column":101}},{"start":{"line":77,"column":4},"end":{"line":78,"column":97}},{"start":{"line":79,"column":4},"end":{"line":82,"column":5}},{"start":{"line":83,"column":4},"end":{"line":88,"column":5}},{"start":{"line":89,"column":4},"end":{"line":95,"column":5}},{"start":{"line":96,"column":4},"end":{"line":97,"column":78}},{"start":{"line":98,"column":4},"end":{"line":99,"column":36}},{"start":{"line":100,"column":4},"end":{"line":101,"column":36}},{"start":{"line":102,"column":4},"end":{"line":103,"column":37}},{"start":{"line":104,"column":4},"end":{"line":105,"column":75}},{"start":{"line":106,"column":4},"end":{"line":107,"column":34}},{"start":{"line":108,"column":4},"end":{"line":109,"column":35}},{"start":{"line":110,"column":4},"end":{"line":114,"column":9}},{"start":{"line":115,"column":4},"end":{"line":116,"column":20}},{"start":{"line":117,"column":4},"end":{"line":118,"column":62}}]},"6":{"loc":{"start":{"line":74,"column":45},"end":{"line":74,"column":63}},"type":"binary-expr","locations":[{"start":{"line":74,"column":45},"end":{"line":74,"column":57}},{"start":{"line":74,"column":61},"end":{"line":74,"column":63}}]},"7":{"loc":{"start":{"line":81,"column":38},"end":{"line":81,"column":55}},"type":"binary-expr","locations":[{"start":{"line":81,"column":38},"end":{"line":81,"column":41}},{"start":{"line":81,"column":45},"end":{"line":81,"column":55}}]},"8":{"loc":{"start":{"line":86,"column":6},"end":{"line":86,"column":36}},"type":"if","locations":[{"start":{"line":86,"column":6},"end":{"line":86,"column":36}}]},"9":{"loc":{"start":{"line":92,"column":6},"end":{"line":92,"column":36}},"type":"if","locations":[{"start":{"line":92,"column":6},"end":{"line":92,"column":36}}]},"10":{"loc":{"start":{"line":93,"column":6},"end":{"line":93,"column":30}},"type":"if","locations":[{"start":{"line":93,"column":6},"end":{"line":93,"column":30}}]}},"s":{"0":3,"1":76,"2":76,"3":11,"4":65,"5":65,"6":65,"7":77,"8":65,"9":3,"10":6,"11":3,"12":60,"13":60,"14":24,"15":60,"16":60,"17":60,"18":3,"19":58,"20":3,"21":16,"22":3,"23":8,"24":8,"25":8,"26":3,"27":195,"28":195,"29":96,"30":2,"31":7,"32":6,"33":2,"34":4,"35":2,"36":2,"37":2,"38":4,"39":4,"40":4,"41":4,"42":4,"43":2,"44":4,"45":6,"46":6,"47":6,"48":2,"49":6,"50":2,"51":6,"52":2,"53":2,"54":2,"55":2,"56":6,"57":2,"58":5,"59":4,"60":1,"61":0,"62":32,"63":3},"f":{"0":76,"1":6,"2":60,"3":58,"4":16,"5":8,"6":195},"b":{"0":[11],"1":[24],"2":[60],"3":[42],"4":[4],"5":[96,2,7,6,2,4,2,2,2,4,4,6,2,2,2,2,6,2,5,4,1,0],"6":[2,0],"7":[4,2],"8":[2],"9":[2],"10":[2]}}
,"/home/runner/work/very-small-parser/very-small-parser/src/markdown/inline/toText.ts": {"path":"/home/runner/work/very-small-parser/very-small-parser/src/markdown/inline/toText.ts","statementMap":{"0":{"start":{"line":1,"column":0},"end":{"line":1,"column":55}},"1":{"start":{"line":5,"column":23},"end":{"line":11,"column":1}},"2":{"start":{"line":6,"column":2},"end":{"line":6,"column":27}},"3":{"start":{"line":6,"column":17},"end":{"line":6,"column":27}},"4":{"start":{"line":7,"column":12},"end":{"line":7,"column":14}},"5":{"start":{"line":8,"column":17},"end":{"line":8,"column":32}},"6":{"start":{"line":9,"column":2},"end":{"line":9,"column":67}},"7":{"start":{"line":9,"column":15},"end":{"line":9,"column":16}},"8":{"start":{"line":9,"column":35},"end":{"line":9,"column":67}},"9":{"start":{"line":10,"column":2},"end":{"line":10,"column":13}},"10":{"start":{"line":17,"column":22},"end":{"line":86,"column":1}},"11":{"start":{"line":18,"column":2},"end":{"line":18,"column":55}},"12":{"start":{"line":18,"column":27},"end":{"line":18,"column":55}},"13":{"start":{"line":19,"column":17},"end":{"line":19,"column":37}},"14":{"start":{"line":20,"column":15},"end":{"line":20,"column":26}},"15":{"start":{"line":21,"column":2},"end":{"line":84,"column":3}},"16":{"start":{"line":23,"column":6},"end":{"line":23,"column":26}},"17":{"start":{"line":25,"column":6},"end":{"line":25,"column":36}},"18":{"start":{"line":27,"column":21},"end":{"line":27,"column":34}},"19":{"start":{"line":28,"column":6},"end":{"line":28,"column":103}},"20":{"start":{"line":31,"column":21},"end":{"line":31,"column":26}},"21":{"start":{"line":32,"column":6},"end":{"line":32,"column":103}},"22":{"start":{"line":35,"column":6},"end":{"line":35,"column":59}},"23":{"start":{"line":37,"column":6},"end":{"line":37,"column":59}},"24":{"start":{"line":39,"column":6},"end":{"line":39,"column":38}},"25":{"start":{"line":41,"column":6},"end":{"line":41,"column":39}},"26":{"start":{"line":44,"column":42},"end":{"line":44,"column":48}},"27":{"start":{"line":45,"column":20},"end":{"line":45,"column":58}},"28":{"start":{"line":46,"column":6},"end":{"line":56,"column":7}},"29":{"start":{"line":48,"column":10},"end":{"line":50,"column":12}},"30":{"start":{"line":52,"column":10},"end":{"line":52,"column":44}},"31":{"start":{"line":55,"column":10},"end":{"line":55,"column":42}},"32":{"start":{"line":60,"column":27},"end":{"line":60,"column":33}},"33":{"start":{"line":61,"column":20},"end":{"line":61,"column":96}},"34":{"start":{"line":62,"column":6},"end":{"line":62,"column":74}},"35":{"start":{"line":65,"column":6},"end":{"line":65,"column":26}},"36":{"start":{"line":67,"column":6},"end":{"line":67,"column":57}},"37":{"start":{"line":69,"column":6},"end":{"line":69,"column":57}},"38":{"start":{"line":71,"column":6},"end":{"line":71,"column":59}},"39":{"start":{"line":73,"column":6},"end":{"line":73,"column":42}},"40":{"start":{"line":75,"column":6},"end":{"line":75,"column":59}},"41":{"start":{"line":77,"column":6},"end":{"line":77,"column":20}},"42":{"start":{"line":79,"column":6},"end":{"line":79,"column":38}},"43":{"start":{"line":81,"column":6},"end":{"line":81,"column":38}},"44":{"start":{"line":83,"column":6},"end":{"line":83,"column":39}},"45":{"start":{"line":85,"column":2},"end":{"line":85,"column":50}},"46":{"start":{"line":17,"column":13},"end":{"line":17,"column":22}}},"fnMap":{"0":{"name":"(anonymous_0)","decl":{"start":{"line":5,"column":23},"end":{"line":5,"column":24}},"loc":{"start":{"line":5,"column":76},"end":{"line":11,"column":1}}},"1":{"name":"(anonymous_1)","decl":{"start":{"line":17,"column":22},"end":{"line":17,"column":23}},"loc":{"start":{"line":17,"column":89},"end":{"line":86,"column":1}}}},"branchMap":{"0":{"loc":{"start":{"line":6,"column":2},"end":{"line":6,"column":27}},"type":"if","locations":[{"start":{"line":6,"column":2},"end":{"line":6,"column":27}}]},"1":{"loc":{"start":{"line":17,"column":48},"end":{"line":17,"column":77}},"type":"default-arg","locations":[{"start":{"line":17,"column":69},"end":{"line":17,"column":77}}]},"2":{"loc":{"start":{"line":18,"column":2},"end":{"line":18,"column":55}},"type":"if","locations":[{"start":{"line":18,"column":2},"end":{"line":18,"column":55}}]},"3":{"loc":{"start":{"line":21,"column":2},"end":{"line":84,"column":3}},"type":"switch","locations":[{"start":{"line":22,"column":4},"end":{"line":23,"column":26}},{"start":{"line":24,"column":4},"end":{"line":25,"column":36}},{"start":{"line":26,"column":4},"end":{"line":29,"column":5}},{"start":{"line":30,"column":4},"end":{"line":33,"column":5}},{"start":{"line":34,"column":4},"end":{"line":35,"column":59}},{"start":{"line":36,"column":4},"end":{"line":37,"column":59}},{"start":{"line":38,"column":4},"end":{"line":39,"column":38}},{"start":{"line":40,"column":4},"end":{"line":41,"column":39}},{"start":{"line":42,"column":4},"end":{"line":42,"column":25}},{"start":{"line":43,"column":4},"end":{"line":57,"column":5}},{"start":{"line":58,"column":4},"end":{"line":58,"column":16}},{"start":{"line":59,"column":4},"end":{"line":63,"column":5}},{"start":{"line":64,"column":4},"end":{"line":65,"column":26}},{"start":{"line":66,"column":4},"end":{"line":67,"column":57}},{"start":{"line":68,"column":4},"end":{"line":69,"column":57}},{"start":{"line":70,"column":4},"end":{"line":71,"column":59}},{"start":{"line":72,"column":4},"end":{"line":73,"column":42}},{"start":{"line":74,"column":4},"end":{"line":75,"column":59}},{"start":{"line":76,"column":4},"end":{"line":77,"column":20}},{"start":{"line":78,"column":4},"end":{"line":79,"column":38}},{"start":{"line":80,"column":4},"end":{"line":81,"column":38}},{"start":{"line":82,"column":4},"end":{"line":83,"column":39}}]},"4":{"loc":{"start":{"line":28,"column":66},"end":{"line":28,"column":91}},"type":"cond-expr","locations":[{"start":{"line":28,"column":82},"end":{"line":28,"column":85}},{"start":{"line":28,"column":88},"end":{"line":28,"column":91}}]},"5":{"loc":{"start":{"line":32,"column":66},"end":{"line":32,"column":91}},"type":"cond-expr","locations":[{"start":{"line":32,"column":82},"end":{"line":32,"column":85}},{"start":{"line":32,"column":88},"end":{"line":32,"column":91}}]},"6":{"loc":{"start":{"line":45,"column":20},"end":{"line":45,"column":58}},"type":"cond-expr","locations":[{"start":{"line":45,"column":48},"end":{"line":45,"column":52}},{"start":{"line":45,"column":55},"end":{"line":45,"column":58}}]},"7":{"loc":{"start":{"line":46,"column":6},"end":{"line":56,"column":7}},"type":"switch","locations":[{"start":{"line":47,"column":8},"end":{"line":50,"column":12}},{"start":{"line":51,"column":8},"end":{"line":52,"column":44}},{"start":{"line":54,"column":8},"end":{"line":55,"column":42}}]},"8":{"loc":{"start":{"line":49,"column":21},"end":{"line":49,"column":93}},"type":"cond-expr","locations":[{"start":{"line":49,"column":49},"end":{"line":49,"column":59}},{"start":{"line":49,"column":62},"end":{"line":49,"column":93}}]},"9":{"loc":{"start":{"line":61,"column":20},"end":{"line":61,"column":96}},"type":"cond-expr","locations":[{"start":{"line":61,"column":39},"end":{"line":61,"column":56}},{"start":{"line":61,"column":59},"end":{"line":61,"column":96}}]},"10":{"loc":{"start":{"line":62,"column":35},"end":{"line":62,"column":66}},"type":"cond-expr","locations":[{"start":{"line":62,"column":43},"end":{"line":62,"column":61}},{"start":{"line":62,"column":64},"end":{"line":62,"column":66}}]}},"s":{"0":5,"1":5,"2":139,"3":0,"4":139,"5":139,"6":139,"7":139,"8":147,"9":139,"10":5,"11":605,"12":48,"13":557,"14":557,"15":557,"16":371,"17":11,"18":18,"19":18,"20":9,"21":9,"22":5,"23":4,"24":7,"25":6,"26":28,"27":28,"28":28,"29":14,"30":8,"31":6,"32":30,"33":30,"34":30,"35":3,"36":5,"37":4,"38":5,"39":12,"40":4,"41":2,"42":10,"43":8,"44":0,"45":15,"46":5},"f":{"0":139,"1":605},"b":{"0":[0],"1":[574],"2":[48],"3":[371,11,18,9,5,4,7,6,15,28,14,30,3,5,4,5,12,4,2,10,8,0],"4":[16,2],"5":[7,2],"6":[13,15],"7":[14,8,6],"8":[6,8],"9":[16,14],"10":[10,20]}}
,"/home/runner/work/very-small-parser/very-small-parser/src/markdown/inline/__tests__/setup.ts": {"path":"/home/runner/work/very-small-parser/very-small-parser/src/markdown/inline/__tests__/setup.ts","statementMap":{"0":{"start":{"line":1,"column":0},"end":{"line":1,"column":26}},"1":{"start":{"line":4,"column":21},"end":{"line":8,"column":1}},"2":{"start":{"line":5,"column":14},"end":{"line":5,"column":32}},"3":{"start":{"line":7,"column":2},"end":{"line":7,"column":13}},"4":{"start":{"line":4,"column":13},"end":{"line":4,"column":21}}},"fnMap":{"0":{"name":"(anonymous_0)","decl":{"start":{"line":4,"column":21},"end":{"line":4,"column":22}},"loc":{"start":{"line":4,"column":48},"end":{"line":8,"column":1}}}},"branchMap":{},"s":{"0":8,"1":8,"2":105,"3":105,"4":8},"f":{"0":105},"b":{}}
,"/home/runner/work/very-small-parser/very-small-parser/src/markdown/inline/__tests__/toHast.fixtures.ts": {"path":"/home/runner/work/very-small-parser/very-small-parser/src/markdown/inline/__tests__/toHast.fixtures.ts","statementMap":{"0":{"start":{"line":1,"column":13},"end":{"line":37,"column":2}}},"fnMap":{},"branchMap":{},"s":{"0":2},"f":{},"b":{}}
,"/home/runner/work/very-small-parser/very-small-parser/src/markdown/inline/__tests__/toText.fixtures.ts": {"path":"/home/runner/work/very-small-parser/very-small-parser/src/markdown/inline/__tests__/toText.fixtures.ts","statementMap":{"0":{"start":{"line":1,"column":13},"end":{"line":53,"column":2}}},"fnMap":{},"branchMap":{},"s":{"0":2},"f":{},"b":{}}
}
