TN:
SF:src/Parser.ts
FN:11,(anonymous_0)
FN:15,(anonymous_1)
FNF:2
FNH:2
FNDA:65,(anonymous_0)
FNDA:1114,(anonymous_1)
DA:2,29
DA:8,29
DA:12,65
DA:16,1114
LF:4
LH:4
BRF:0
BRH:0
end_of_record
TN:
SF:src/toPlainText.ts
FN:3,(anonymous_0)
FNF:1
FNH:1
FNDA:73,(anonymous_0)
DA:3,1
DA:4,73
DA:5,45
DA:6,45
DA:7,45
DA:8,45
DA:9,56
DA:10,45
LF:8
LH:8
BRDA:4,0,0,28
BRDA:4,1,0,28
BRDA:4,1,1,0
BRDA:7,2,0,0
BRF:4
BRH:2
end_of_record
TN:
SF:src/util.ts
FN:5,(anonymous_0)
FN:19,(anonymous_1)
FN:38,(anonymous_2)
FN:44,(anonymous_3)
FN:46,(anonymous_4)
FN:57,(anonymous_5)
FN:58,(anonymous_6)
FN:63,(anonymous_7)
FN:64,(anonymous_8)
FNF:9
FNH:9
FNDA:5167,(anonymous_0)
FNDA:2001,(anonymous_1)
FNDA:1114,(anonymous_2)
FNDA:1144,(anonymous_3)
FNDA:9512,(anonymous_4)
FNDA:88,(anonymous_5)
FNDA:3031,(anonymous_6)
FNDA:3864,(anonymous_7)
FNDA:4739,(anonymous_8)
DA:3,31
DA:5,31
DA:12,5167
DA:13,5167
DA:14,5167
DA:15,5167
DA:16,5167
DA:19,31
DA:24,2001
DA:25,2001
DA:26,2001
DA:27,2001
DA:28,2001
DA:29,2903
DA:30,2903
DA:31,2348
DA:32,2348
DA:33,2348
DA:35,2001
DA:38,31
DA:42,1114
DA:44,31
DA:45,1144
DA:46,1144
DA:47,9512
DA:48,38913
DA:49,38913
DA:50,38913
DA:52,2771
DA:56,31
DA:57,31
DA:58,88
DA:59,3031
DA:60,3031
DA:63,3864
DA:64,4739
LF:36
LH:36
BRDA:10,0,0,1209
BRDA:13,1,0,5167
BRDA:14,2,0,605
BRDA:15,3,0,4706
BRDA:30,4,0,555
BRDA:31,5,0,2315
BRDA:32,6,0,2348
BRDA:32,6,1,0
BRDA:50,7,0,6741
BRDA:60,8,0,37
BRDA:60,8,1,2994
BRF:11
BRH:10
end_of_record
TN:
SF:src/css/index.ts
FN:1,(anonymous_0)
FNF:1
FNH:1
FNDA:1,(anonymous_0)
DA:1,1
DA:2,1
DA:3,1
DA:4,1
DA:5,1
DA:6,12
DA:7,12
DA:8,12
DA:9,11
DA:10,11
DA:11,11
DA:13,1
LF:12
LH:12
BRDA:8,0,0,1
BRDA:11,1,0,11
BRDA:11,2,0,11
BRDA:11,2,1,11
BRF:4
BRH:4
end_of_record
TN:
SF:src/html/HtmlParser.ts
FN:14,(anonymous_0)
FN:19,(anonymous_1)
FN:44,(anonymous_2)
FN:50,(anonymous_3)
FNF:4
FNH:4
FNDA:29,(anonymous_0)
FNDA:1043,(anonymous_1)
FNDA:887,(anonymous_2)
FNDA:991,(anonymous_3)
DA:1,29
DA:2,29
DA:3,29
DA:11,29
DA:15,29
DA:16,29
DA:20,1043
DA:21,1043
DA:22,1043
DA:23,1043
DA:24,1043
DA:25,6608
DA:26,6608
DA:27,2216
DA:32,2216
DA:33,2216
DA:34,2216
DA:35,2216
DA:37,4392
DA:38,4392
DA:39,4392
DA:41,1043
DA:45,887
DA:46,887
DA:47,887
DA:51,991
LF:26
LH:26
BRDA:26,0,0,2216
BRDA:38,1,0,4392
BRDA:38,1,1,0
BRF:3
BRH:2
end_of_record
TN:
SF:src/html/index.ts
FNF:0
FNH:0
DA:1,29
DA:2,29
DA:4,29
LF:3
LH:3
BRF:0
BRH:0
end_of_record
TN:
SF:src/html/parsers.ts
FN:8,(anonymous_0)
FN:18,(anonymous_1)
FN:29,(anonymous_2)
FNF:3
FNH:3
FNDA:4706,(anonymous_0)
FNDA:7983,(anonymous_1)
FNDA:5317,(anonymous_2)
DA:1,29
DA:2,29
DA:7,29
DA:8,29
DA:9,4706
DA:10,4706
DA:11,380
DA:12,380
DA:13,380
DA:17,29
DA:18,29
DA:19,7983
DA:20,7983
DA:21,3277
DA:22,3277
DA:25,29
DA:26,29
DA:27,29
DA:28,29
DA:29,29
DA:30,5317
DA:31,5317
DA:32,1577
DA:33,1577
DA:34,1577
DA:35,1577
DA:36,1577
DA:37,425
DA:38,425
DA:40,1577
DA:47,1577
DA:48,868
DA:49,868
DA:50,868
DA:51,868
DA:52,0
DA:54,868
DA:55,868
DA:56,237
DA:58,237
DA:60,946
DA:63,29
LF:42
LH:41
BRDA:10,0,0,380
BRDA:20,1,0,4706
BRDA:31,2,0,3740
BRDA:36,3,0,425
BRDA:47,4,0,868
BRDA:51,5,0,0
BRDA:51,5,1,868
BRDA:55,6,0,631
BRDA:56,7,0,237
BRDA:56,7,1,0
BRF:10
BRH:8
end_of_record
TN:
SF:src/html/toMdast.ts
FN:6,(anonymous_0)
FN:16,(anonymous_1)
FN:37,(anonymous_2)
FN:44,(anonymous_3)
FNF:4
FNH:2
FNDA:0,(anonymous_0)
FNDA:0,(anonymous_1)
FNDA:5,(anonymous_2)
FNDA:7,(anonymous_3)
DA:6,1
DA:7,0
DA:8,0
DA:9,0
DA:10,0
DA:11,0
DA:13,0
DA:16,1
DA:17,0
DA:18,0
DA:20,0
DA:21,0
DA:24,0
DA:30,0
DA:33,0
DA:37,1
DA:38,5
DA:39,5
DA:40,5
DA:41,5
DA:44,1
DA:45,7
DA:46,7
DA:48,3
DA:49,3
DA:51,2
DA:57,1
DA:64,0
DA:70,0
DA:73,2
DA:79,2
LF:31
LH:16
BRDA:11,0,0,0
BRDA:18,1,0,0
BRDA:18,1,1,0
BRDA:21,2,0,0
BRDA:21,2,1,0
BRDA:45,3,0,0
BRDA:46,4,0,3
BRDA:46,4,1,2
BRDA:49,5,0,2
BRDA:49,5,1,1
BRDA:49,5,2,0
BRDA:49,5,3,0
BRF:12
BRH:4
end_of_record
TN:
SF:src/html/toText.ts
FN:3,(anonymous_0)
FN:3,(anonymous_1)
FN:5,(anonymous_2)
FN:17,(anonymous_3)
FNF:4
FNH:4
FNDA:173,(anonymous_0)
FNDA:6,(anonymous_1)
FNDA:109,(anonymous_2)
FNDA:393,(anonymous_3)
DA:3,173
DA:5,109
DA:7,9
DA:17,9
DA:18,393
DA:19,20
DA:20,20
DA:22,373
DA:23,373
DA:25,35
DA:27,0
DA:28,0
DA:33,338
DA:34,338
DA:35,338
DA:36,338
DA:37,227
DA:38,227
DA:40,338
DA:41,338
DA:42,338
DA:43,338
DA:44,338
DA:45,338
DA:46,337
DA:47,337
DA:48,337
DA:49,184
DA:50,184
DA:52,337
DA:53,153
DA:55,184
DA:56,252
DA:58,338
DA:59,227
DA:60,227
DA:61,128
DA:62,227
DA:63,227
DA:71,0
LF:40
LH:37
BRDA:17,0,0,112
BRDA:17,1,0,121
BRDA:18,2,0,20
BRDA:23,3,0,35
BRDA:23,3,1,0
BRDA:23,3,2,111
BRDA:23,3,3,338
BRDA:25,4,0,35
BRDA:25,4,1,0
BRDA:28,5,0,0
BRDA:28,5,1,0
BRDA:36,6,0,227
BRDA:41,7,0,111
BRDA:41,7,1,227
BRDA:45,8,0,337
BRDA:48,9,0,184
BRDA:52,10,0,153
BRDA:52,10,1,184
BRDA:53,11,0,138
BRDA:53,11,1,0
BRDA:56,12,0,12
BRDA:56,12,1,240
BRDA:56,13,0,8
BRDA:56,13,1,4
BRDA:56,14,0,12
BRDA:56,14,1,6
BRDA:58,15,0,111
BRDA:60,16,0,128
BRDA:65,17,0,211
BRDA:65,17,1,16
BRDA:66,18,0,3
BRDA:66,18,1,208
BRDA:66,19,0,211
BRDA:66,19,1,13
BRF:34
BRH:29
end_of_record
TN:
SF:src/html/__tests__/setup.ts
FN:4,(anonymous_0)
FN:10,(anonymous_1)
FNF:2
FNH:2
FNDA:1043,(anonymous_0)
FNDA:17,(anonymous_1)
DA:1,5
DA:4,5
DA:5,1043
DA:7,1043
DA:10,5
DA:11,17
DA:13,17
LF:7
LH:7
BRF:0
BRH:0
end_of_record
TN:
SF:src/markdown/index.ts
FN:3,(anonymous_0)
FN:4,(anonymous_1)
FNF:2
FNH:1
FNDA:0,(anonymous_0)
FNDA:128,(anonymous_1)
DA:3,8
DA:4,136
LF:2
LH:2
BRF:0
BRH:0
end_of_record
TN:
SF:src/markdown/is.ts
FN:36,(anonymous_0)
FNF:1
FNH:1
FNDA:34,(anonymous_0)
DA:2,1
DA:5,1
DA:8,1
DA:11,1
DA:14,1
DA:17,1
DA:20,1
DA:23,1
DA:26,1
DA:29,1
DA:36,1
DA:37,34
LF:12
LH:12
BRDA:37,0,0,34
BRDA:37,0,1,30
BRDA:37,0,2,26
BRDA:37,0,3,24
BRDA:37,0,4,22
BRDA:37,0,5,20
BRDA:37,0,6,17
BRDA:37,0,7,14
BRDA:37,0,8,9
BRDA:37,0,9,8
BRF:10
BRH:10
end_of_record
TN:
SF:src/markdown/regex.ts
FN:3,(anonymous_0)
FNF:1
FNH:1
FNDA:149,(anonymous_0)
DA:1,30
DA:3,30
DA:4,149
DA:5,252
DA:6,149
DA:9,30
DA:10,30
DA:11,30
DA:13,30
DA:14,30
LF:10
LH:10
BRF:0
BRH:0
end_of_record
TN:
SF:src/markdown/__tests__/setup.ts
FN:4,(anonymous_0)
FN:10,(anonymous_1)
FNF:2
FNH:2
FNDA:73,(anonymous_0)
FNDA:55,(anonymous_1)
DA:1,8
DA:4,8
DA:5,73
DA:7,73
DA:10,8
DA:11,55
DA:13,55
LF:7
LH:7
BRF:0
BRH:0
end_of_record
TN:
SF:src/markdown/block/MdBlockParser.ts
FN:15,(anonymous_0)
FN:20,(anonymous_1)
FN:44,(anonymous_2)
FNF:3
FNH:3
FNDA:14,(anonymous_0)
FNDA:132,(anonymous_1)
FNDA:411,(anonymous_2)
DA:1,14
DA:12,14
DA:16,14
DA:17,14
DA:21,132
DA:22,132
DA:28,132
DA:29,132
DA:30,92
DA:31,92
DA:32,15
DA:33,15
DA:34,4
DA:35,4
DA:36,4
DA:37,4
DA:41,132
DA:45,411
LF:18
LH:18
BRDA:31,0,0,15
BRDA:33,1,0,4
BRF:2
BRH:2
end_of_record
TN:
SF:src/markdown/block/index.ts
FNF:0
FNH:0
DA:1,14
DA:2,14
DA:3,14
DA:5,14
LF:4
LH:4
BRF:0
BRH:0
end_of_record
TN:
SF:src/markdown/block/parsers.ts
FN:10,(anonymous_0)
FN:16,(anonymous_1)
FN:28,(anonymous_2)
FN:41,(anonymous_3)
FN:46,(anonymous_4)
FN:53,(anonymous_5)
FN:69,(anonymous_6)
FN:87,(anonymous_7)
FN:88,(anonymous_8)
FN:128,(anonymous_9)
FN:138,(anonymous_10)
FN:145,(anonymous_11)
FN:157,(anonymous_12)
FN:171,(anonymous_13)
FN:182,(anonymous_14)
FN:193,(anonymous_15)
FN:207,(anonymous_16)
FN:210,(anonymous_17)
FNF:18
FNH:18
FNDA:539,(anonymous_0)
FNDA:506,(anonymous_1)
FNDA:502,(anonymous_2)
FNDA:475,(anonymous_3)
FNDA:470,(anonymous_4)
FNDA:463,(anonymous_5)
FNDA:426,(anonymous_6)
FNDA:75,(anonymous_7)
FNDA:409,(anonymous_8)
FNDA:33,(anonymous_9)
FNDA:334,(anonymous_10)
FNDA:34,(anonymous_11)
FNDA:34,(anonymous_12)
FNDA:50,(anonymous_13)
FNDA:320,(anonymous_14)
FNDA:312,(anonymous_15)
FNDA:299,(anonymous_16)
FNDA:290,(anonymous_17)
DA:1,14
DA:2,14
DA:3,14
DA:9,14
DA:10,14
DA:11,539
DA:12,539
DA:15,14
DA:16,14
DA:17,506
DA:18,506
DA:19,4
DA:20,4
DA:24,4
DA:27,14
DA:28,14
DA:29,502
DA:30,502
DA:31,27
DA:32,27
DA:37,27
DA:40,14
DA:41,14
DA:42,475
DA:43,475
DA:46,14
DA:47,470
DA:48,470
DA:51,14
DA:52,14
DA:53,14
DA:54,463
DA:55,463
DA:56,33
DA:57,33
DA:59,430
DA:60,430
DA:61,4
DA:62,4
DA:68,14
DA:69,14
DA:70,426
DA:71,426
DA:72,17
DA:73,17
DA:74,17
DA:75,17
DA:78,14
DA:79,14
DA:80,14
DA:81,14
DA:82,14
DA:87,75
DA:88,14
DA:89,409
DA:90,409
DA:91,75
DA:92,75
DA:93,75
DA:94,75
DA:95,75
DA:96,75
DA:97,75
DA:98,121
DA:100,121
DA:101,121
DA:102,121
DA:103,121
DA:104,121
DA:105,121
DA:106,121
DA:107,11
DA:108,11
DA:110,121
DA:111,121
DA:112,21
DA:113,21
DA:114,53
DA:115,18
DA:116,21
DA:118,121
DA:125,75
DA:128,14
DA:129,33
DA:130,33
DA:131,19
DA:132,19
DA:134,84
DA:135,33
DA:137,14
DA:138,14
DA:139,334
DA:140,334
DA:141,14
DA:142,14
DA:143,14
DA:146,34
DA:147,34
DA:155,14
DA:156,14
DA:157,34
DA:161,14
DA:165,14
DA:166,14
DA:167,19
DA:168,19
DA:169,19
DA:171,50
DA:178,14
DA:181,14
DA:182,14
DA:183,320
DA:184,320
DA:185,8
DA:186,8
DA:187,8
DA:188,8
DA:189,8
DA:190,8
DA:193,14
DA:194,312
DA:195,312
DA:196,13
DA:197,13
DA:198,13
DA:199,13
DA:207,299
DA:209,14
DA:210,14
DA:211,290
DA:212,290
DA:215,14
LF:132
LH:132
BRDA:12,0,0,33
BRDA:18,1,0,502
BRDA:30,2,0,475
BRDA:33,3,0,27
BRDA:33,3,1,0
BRDA:34,4,0,27
BRDA:34,4,1,9
BRDA:35,5,0,27
BRDA:35,5,1,0
BRDA:43,6,0,5
BRDA:48,7,0,7
BRDA:55,8,0,33
BRDA:60,9,0,4
BRDA:63,10,0,2
BRDA:63,10,1,2
BRDA:71,11,0,409
BRDA:90,12,0,334
BRDA:93,13,0,0
BRDA:101,14,0,0
BRDA:104,15,0,14
BRDA:104,16,0,121
BRDA:104,16,1,75
BRDA:106,17,0,11
BRDA:106,18,0,121
BRDA:106,18,1,11
BRDA:106,18,2,11
BRDA:111,19,0,21
BRDA:114,20,0,35
BRDA:114,20,1,18
BRDA:116,21,0,16
BRDA:130,22,0,19
BRDA:131,23,0,0
BRDA:131,23,1,19
BRDA:140,24,0,320
BRDA:147,25,0,11
BRDA:147,25,1,23
BRDA:148,26,0,6
BRDA:148,26,1,5
BRDA:151,27,0,6
BRDA:151,27,1,17
BRDA:155,28,0,14
BRDA:155,28,1,0
BRDA:165,29,0,14
BRDA:165,30,0,14
BRDA:165,30,1,14
BRDA:184,31,0,312
BRDA:195,32,0,299
BRDA:202,33,0,6
BRDA:202,33,1,7
BRDA:212,34,0,290
BRF:50
BRH:44
end_of_record
TN:
SF:src/markdown/block/toHast.ts
FN:6,(anonymous_0)
FN:14,(anonymous_1)
FN:22,(anonymous_2)
FN:32,(anonymous_3)
FN:46,(anonymous_4)
FN:53,(anonymous_5)
FN:55,(anonymous_6)
FNF:7
FNH:7
FNDA:68,(anonymous_0)
FNDA:64,(anonymous_1)
FNDA:11,(anonymous_2)
FNDA:107,(anonymous_3)
FNDA:76,(anonymous_4)
FNDA:11,(anonymous_5)
FNDA:127,(anonymous_6)
DA:1,2
DA:6,2
DA:7,68
DA:8,68
DA:9,68
DA:10,79
DA:11,68
DA:14,2
DA:15,64
DA:16,64
DA:17,64
DA:18,68
DA:19,64
DA:22,2
DA:27,11
DA:28,11
DA:29,2
DA:32,2
DA:37,107
DA:41,107
DA:42,107
DA:43,107
DA:46,2
DA:51,76
DA:53,11
DA:55,2
DA:56,127
DA:57,127
DA:58,127
DA:60,41
DA:62,3
DA:63,3
DA:68,3
DA:71,6
DA:73,2
DA:75,8
DA:76,8
DA:77,8
DA:78,8
DA:79,11
DA:80,11
DA:81,11
DA:82,11
DA:83,11
DA:85,8
DA:86,8
DA:87,8
DA:88,2
DA:89,2
DA:91,8
DA:92,8
DA:95,1
DA:97,2
DA:98,2
DA:99,2
DA:100,2
DA:101,2
DA:102,2
DA:103,2
DA:104,2
DA:105,2
DA:106,6
DA:107,6
DA:108,6
DA:111,2
DA:112,2
DA:113,2
DA:114,2
DA:115,2
DA:116,2
DA:117,2
DA:118,6
DA:119,6
DA:120,6
DA:121,6
DA:123,2
DA:125,2
DA:128,2
DA:131,2
DA:132,2
DA:139,2
DA:146,1
DA:147,1
DA:152,1
DA:155,1
DA:158,1
DA:161,1
DA:163,0
DA:165,59
LF:89
LH:88
BRDA:8,0,0,0
BRDA:16,1,0,0
BRDA:28,2,0,9
BRDA:28,3,0,11
BRDA:28,3,1,9
BRDA:41,4,0,43
BRDA:42,5,0,106
BRDA:50,6,0,0
BRDA:56,7,0,0
BRDA:58,8,0,41
BRDA:58,8,1,3
BRDA:58,8,2,6
BRDA:58,8,3,2
BRDA:58,8,4,8
BRDA:58,8,5,1
BRDA:58,8,6,2
BRDA:58,8,7,2
BRDA:58,8,8,1
BRDA:58,8,9,1
BRDA:58,8,10,1
BRDA:58,8,11,0
BRDA:62,9,0,3
BRDA:62,9,1,1
BRDA:66,10,0,3
BRDA:66,10,1,2
BRDA:82,11,0,2
BRDA:87,12,0,2
BRDA:89,13,0,2
BRDA:89,13,1,0
BRDA:103,14,0,2
BRDA:107,15,0,3
BRDA:107,15,1,3
BRDA:120,16,0,3
BRDA:120,16,1,3
BRDA:136,17,0,2
BRDA:136,17,1,1
BRDA:142,18,0,2
BRDA:142,18,1,1
BRDA:142,19,0,2
BRDA:142,19,1,1
BRF:40
BRH:34
end_of_record
TN:
SF:src/markdown/block/toText.ts
FN:6,(anonymous_0)
FN:14,(anonymous_1)
FN:22,(anonymous_2)
FN:63,(anonymous_3)
FNF:4
FNH:4
FNDA:207,(anonymous_0)
FNDA:167,(anonymous_1)
FNDA:350,(anonymous_2)
FNDA:17,(anonymous_3)
DA:1,4
DA:2,4
DA:6,4
DA:7,207
DA:8,207
DA:9,207
DA:10,276
DA:11,207
DA:14,4
DA:15,167
DA:16,167
DA:17,167
DA:18,243
DA:19,167
DA:22,4
DA:23,350
DA:24,249
DA:25,249
DA:26,249
DA:28,142
DA:30,14
DA:33,18
DA:34,18
DA:35,18
DA:38,11
DA:41,29
DA:42,29
DA:43,29
DA:44,29
DA:45,29
DA:46,29
DA:47,29
DA:48,46
DA:49,46
DA:50,46
DA:51,46
DA:52,46
DA:53,39
DA:54,46
DA:56,29
DA:59,3
DA:61,7
DA:62,7
DA:63,17
DA:64,7
DA:65,7
DA:66,7
DA:68,7
DA:69,18
DA:70,18
DA:71,18
DA:72,18
DA:73,18
DA:74,47
DA:75,47
DA:76,47
DA:77,47
DA:78,47
DA:79,26
DA:80,26
DA:84,7
DA:86,7
DA:87,18
DA:88,18
DA:89,47
DA:90,47
DA:91,47
DA:92,47
DA:94,47
DA:95,47
DA:96,47
DA:100,7
DA:102,7
DA:103,17
DA:104,17
DA:105,17
DA:111,7
DA:113,11
DA:114,7
DA:117,9
DA:118,9
DA:119,9
DA:120,8
DA:121,9
DA:122,5
DA:123,5
DA:124,5
DA:126,9
DA:129,3
DA:130,3
DA:133,2
DA:135,5
DA:137,0
DA:139,6
LF:94
LH:93
BRDA:7,0,0,0
BRDA:14,1,0,121
BRDA:15,2,0,0
BRDA:18,3,0,77
BRDA:18,3,1,166
BRDA:23,4,0,101
BRDA:26,5,0,142
BRDA:26,5,1,14
BRDA:26,5,2,18
BRDA:26,5,3,11
BRDA:26,5,4,29
BRDA:26,5,5,3
BRDA:26,5,6,7
BRDA:26,5,7,9
BRDA:26,5,8,3
BRDA:26,5,9,2
BRDA:26,5,10,5
BRDA:26,5,11,0
BRDA:30,6,0,14
BRDA:30,6,1,6
BRDA:30,7,0,5
BRDA:30,7,1,9
BRDA:42,8,0,6
BRDA:42,8,1,23
BRDA:42,9,0,6
BRDA:42,9,1,0
BRDA:43,10,0,0
BRDA:43,10,1,29
BRDA:49,11,0,2
BRDA:49,11,1,44
BRDA:52,12,0,7
BRDA:52,12,1,39
BRDA:52,13,0,3
BRDA:52,13,1,4
BRDA:54,14,0,17
BRDA:78,15,0,26
BRDA:94,16,0,9
BRDA:94,16,1,38
BRDA:94,17,0,9
BRDA:94,17,1,29
BRDA:95,18,0,41
BRDA:104,19,0,2
BRDA:104,19,1,15
BRDA:107,20,0,6
BRDA:107,20,1,11
BRDA:107,21,0,17
BRDA:107,21,1,14
BRDA:109,22,0,6
BRDA:109,22,1,11
BRDA:109,23,0,17
BRDA:109,23,1,14
BRDA:119,24,0,1
BRDA:119,24,1,8
BRDA:119,25,0,9
BRDA:119,25,1,9
BRDA:121,26,0,5
BRDA:122,27,0,1
BRDA:122,27,1,4
BRDA:124,28,0,1
BRDA:124,28,1,4
BRF:60
BRH:55
end_of_record
TN:
SF:src/markdown/block/__tests__/setup.ts
FN:4,(anonymous_0)
FN:10,(anonymous_1)
FNF:2
FNH:2
FNDA:104,(anonymous_0)
FNDA:59,(anonymous_1)
DA:1,6
DA:4,6
DA:5,104
DA:7,104
DA:10,6
DA:11,59
DA:13,59
LF:7
LH:7
BRF:0
BRH:0
end_of_record
TN:
SF:src/markdown/block/__tests__/toHast.fixtures.ts
FNF:0
FNH:0
DA:1,1
LF:1
LH:1
BRF:0
BRH:0
end_of_record
TN:
SF:src/markdown/inline/MdInlineParser.ts
FN:11,(anonymous_0)
FN:15,(anonymous_1)
FNF:2
FNH:2
FNDA:22,(anonymous_0)
FNDA:732,(anonymous_1)
DA:1,22
DA:9,22
DA:12,22
DA:16,732
DA:18,732
DA:19,732
DA:21,732
DA:22,989
DA:23,989
DA:24,680
DA:25,46
DA:26,46
DA:27,634
DA:29,309
DA:30,309
DA:33,732
LF:16
LH:16
BRDA:23,0,0,680
BRDA:23,0,1,309
BRDA:24,1,0,46
BRDA:24,1,1,634
BRF:4
BRH:4
end_of_record
TN:
SF:src/markdown/inline/index.ts
FNF:0
FNH:0
DA:1,22
DA:2,22
DA:4,22
LF:3
LH:3
BRF:0
BRH:0
end_of_record
TN:
SF:src/markdown/inline/parsers.ts
FN:9,(anonymous_0)
FN:20,(anonymous_1)
FN:29,(anonymous_2)
FN:37,(anonymous_3)
FN:43,(anonymous_4)
FN:51,(anonymous_5)
FN:57,(anonymous_6)
FN:63,(anonymous_7)
FN:83,(anonymous_8)
FN:100,(anonymous_9)
FN:112,(anonymous_10)
FN:117,(anonymous_11)
FN:120,(anonymous_12)
FN:129,(anonymous_13)
FN:147,(anonymous_14)
FN:166,(anonymous_15)
FN:175,(anonymous_16)
FN:180,(anonymous_17)
FNF:18
FNH:18
FNDA:986,(anonymous_0)
FNDA:975,(anonymous_1)
FNDA:945,(anonymous_2)
FNDA:905,(anonymous_3)
FNDA:915,(anonymous_4)
FNDA:896,(anonymous_5)
FNDA:884,(anonymous_6)
FNDA:827,(anonymous_7)
FNDA:785,(anonymous_8)
FNDA:751,(anonymous_9)
FNDA:714,(anonymous_10)
FNDA:22,(anonymous_11)
FNDA:710,(anonymous_12)
FNDA:873,(anonymous_13)
FNDA:677,(anonymous_14)
FNDA:677,(anonymous_15)
FNDA:989,(anonymous_16)
FNDA:688,(anonymous_17)
DA:1,22
DA:2,22
DA:3,22
DA:8,22
DA:9,22
DA:10,986
DA:11,986
DA:12,11
DA:19,22
DA:20,22
DA:21,975
DA:22,975
DA:23,30
DA:24,30
DA:28,22
DA:29,22
DA:30,945
DA:31,945
DA:32,30
DA:33,30
DA:36,22
DA:37,22
DA:38,905
DA:39,905
DA:42,22
DA:43,22
DA:44,915
DA:45,915
DA:46,10
DA:47,10
DA:50,22
DA:51,22
DA:52,896
DA:53,896
DA:56,22
DA:57,22
DA:58,884
DA:59,884
DA:62,22
DA:63,22
DA:64,827
DA:65,827
DA:66,42
DA:67,42
DA:68,42
DA:69,42
DA:70,42
DA:71,42
DA:72,42
DA:73,19
DA:74,19
DA:76,42
DA:77,42
DA:78,23
DA:79,42
DA:82,22
DA:83,22
DA:84,785
DA:85,785
DA:86,6
DA:87,6
DA:90,22
DA:91,22
DA:93,22
DA:94,22
DA:96,22
DA:97,22
DA:99,22
DA:100,22
DA:101,751
DA:102,751
DA:103,28
DA:104,28
DA:107,22
DA:108,22
DA:110,22
DA:111,22
DA:112,22
DA:113,714
DA:114,714
DA:117,22
DA:118,22
DA:119,22
DA:120,22
DA:121,710
DA:122,710
DA:127,22
DA:128,22
DA:129,22
DA:130,873
DA:131,873
DA:132,46
DA:133,46
DA:134,46
DA:135,46
DA:136,22
DA:141,24
DA:147,22
DA:149,677
DA:163,22
DA:166,22
DA:167,677
DA:168,677
DA:169,677
DA:170,677
DA:171,677
DA:174,22
DA:175,22
DA:176,989
DA:177,989
DA:180,688
DA:182,22
LF:112
LH:112
BRDA:11,0,0,975
BRDA:22,1,0,945
BRDA:23,2,0,30
BRDA:23,2,1,30
BRDA:23,2,2,30
BRDA:23,2,3,11
BRDA:31,3,0,915
BRDA:32,4,0,30
BRDA:32,4,1,29
BRDA:32,4,2,29
BRDA:32,4,3,29
BRDA:32,4,4,12
BRDA:32,4,5,12
BRDA:39,5,0,9
BRDA:45,6,0,905
BRDA:46,7,0,10
BRDA:46,7,1,2
BRDA:53,8,0,12
BRDA:59,9,0,11
BRDA:65,10,0,785
BRDA:68,11,0,19
BRDA:68,11,1,23
BRDA:72,12,0,19
BRDA:74,13,0,11
BRDA:74,13,1,8
BRDA:77,14,0,19
BRDA:77,14,1,23
BRDA:77,15,0,19
BRDA:77,15,1,2
BRDA:85,16,0,779
BRDA:102,17,0,723
BRDA:103,18,0,28
BRDA:103,18,1,22
BRDA:113,19,0,714
BRDA:113,19,1,713
BRDA:114,20,0,4
BRDA:117,21,0,22
BRDA:121,22,0,710
BRDA:121,22,1,701
BRDA:122,23,0,22
BRDA:131,24,0,827
BRDA:134,25,0,15
BRDA:135,26,0,22
BRDA:168,27,0,0
BRDA:177,28,0,3
BRF:45
BRH:44
end_of_record
TN:
SF:src/markdown/inline/toHast.ts
FN:5,(anonymous_0)
FN:13,(anonymous_1)
FN:15,(anonymous_2)
FN:30,(anonymous_3)
FN:37,(anonymous_4)
FN:49,(anonymous_5)
FNF:6
FNH:6
FNDA:72,(anonymous_0)
FNDA:6,(anonymous_1)
FNDA:55,(anonymous_2)
FNDA:16,(anonymous_3)
FNDA:8,(anonymous_4)
FNDA:184,(anonymous_5)
DA:5,3
DA:6,72
DA:7,72
DA:8,64
DA:9,74
DA:10,64
DA:13,6
DA:15,3
DA:21,55
DA:26,55
DA:27,55
DA:30,3
DA:35,16
DA:37,3
DA:38,8
DA:46,8
DA:49,3
DA:50,184
DA:51,184
DA:53,89
DA:55,2
DA:57,7
DA:59,6
DA:61,2
DA:63,4
DA:65,2
DA:67,2
DA:69,2
DA:71,4
DA:72,4
DA:75,4
DA:76,4
DA:77,4
DA:78,4
DA:81,6
DA:82,6
DA:83,6
DA:84,6
DA:85,6
DA:88,2
DA:90,2
DA:92,2
DA:94,2
DA:96,6
DA:98,2
DA:100,2
DA:102,4
DA:107,1
DA:109,0
DA:111,31
LF:50
LH:49
BRDA:7,0,0,8
BRDA:19,1,0,39
BRDA:26,2,0,22
BRDA:51,3,0,89
BRDA:51,3,1,2
BRDA:51,3,2,7
BRDA:51,3,3,6
BRDA:51,3,4,2
BRDA:51,3,5,4
BRDA:51,3,6,2
BRDA:51,3,7,2
BRDA:51,3,8,2
BRDA:51,3,9,4
BRDA:51,3,10,4
BRDA:51,3,11,6
BRDA:51,3,12,2
BRDA:51,3,13,2
BRDA:51,3,14,2
BRDA:51,3,15,2
BRDA:51,3,16,6
BRDA:51,3,17,2
BRDA:51,3,18,2
BRDA:51,3,19,4
BRDA:51,3,20,1
BRDA:51,3,21,0
BRDA:65,4,0,2
BRDA:65,4,1,0
BRDA:72,5,0,4
BRDA:72,5,1,2
BRDA:77,6,0,2
BRDA:83,7,0,2
BRDA:84,8,0,2
BRF:32
BRH:30
end_of_record
TN:
SF:src/markdown/inline/toText.ts
FN:5,(anonymous_0)
FN:17,(anonymous_1)
FNF:2
FNH:2
FNDA:105,(anonymous_0)
FNDA:435,(anonymous_1)
DA:1,5
DA:5,5
DA:6,105
DA:7,105
DA:8,105
DA:9,112
DA:10,105
DA:17,5
DA:18,435
DA:19,388
DA:20,388
DA:21,388
DA:23,258
DA:25,7
DA:27,13
DA:28,13
DA:31,7
DA:32,7
DA:35,3
DA:37,3
DA:39,5
DA:41,5
DA:44,24
DA:45,24
DA:46,24
DA:48,12
DA:52,6
DA:55,6
DA:60,25
DA:61,25
DA:62,25
DA:65,2
DA:67,3
DA:69,3
DA:71,4
DA:73,9
DA:75,3
DA:77,0
DA:79,9
DA:81,5
DA:83,0
DA:85,0
LF:42
LH:39
BRDA:6,0,0,0
BRDA:17,1,0,411
BRDA:18,2,0,47
BRDA:21,3,0,258
BRDA:21,3,1,7
BRDA:21,3,2,13
BRDA:21,3,3,7
BRDA:21,3,4,3
BRDA:21,3,5,3
BRDA:21,3,6,5
BRDA:21,3,7,5
BRDA:21,3,8,13
BRDA:21,3,9,24
BRDA:21,3,10,12
BRDA:21,3,11,25
BRDA:21,3,12,2
BRDA:21,3,13,3
BRDA:21,3,14,3
BRDA:21,3,15,4
BRDA:21,3,16,9
BRDA:21,3,17,3
BRDA:21,3,18,0
BRDA:21,3,19,9
BRDA:21,3,20,5
BRDA:21,3,21,0
BRDA:28,4,0,11
BRDA:28,4,1,2
BRDA:32,5,0,5
BRDA:32,5,1,2
BRDA:45,6,0,11
BRDA:45,6,1,13
BRDA:46,7,0,12
BRDA:46,7,1,6
BRDA:46,7,2,6
BRDA:49,8,0,5
BRDA:49,8,1,7
BRDA:61,9,0,13
BRDA:61,9,1,12
BRDA:62,10,0,8
BRDA:62,10,1,17
BRF:40
BRH:37
end_of_record
TN:
SF:src/markdown/inline/__tests__/setup.ts
FN:4,(anonymous_0)
FNF:1
FNH:1
FNDA:103,(anonymous_0)
DA:1,8
DA:4,8
DA:5,103
DA:7,103
LF:4
LH:4
BRF:0
BRH:0
end_of_record
TN:
SF:src/markdown/inline/__tests__/toHast.fixtures.ts
FNF:0
FNH:0
DA:1,2
LF:1
LH:1
BRF:0
BRH:0
end_of_record
TN:
SF:src/markdown/inline/__tests__/toText.fixtures.ts
FNF:0
FNH:0
DA:1,2
LF:1
LH:1
BRF:0
BRH:0
end_of_record
