TN:
SF:src/Parser.ts
FN:11,(anonymous_0)
FN:15,(anonymous_1)
FNF:2
FNH:2
FNDA:20,(anonymous_0)
FNDA:354,(anonymous_1)
DA:2,14
DA:8,14
DA:12,20
DA:16,354
LF:4
LH:4
BRF:0
BRH:0
end_of_record
TN:
SF:src/util.ts
FN:5,(anonymous_0)
FN:19,(anonymous_1)
FN:38,(anonymous_2)
FN:44,(anonymous_3)
FN:46,(anonymous_4)
FN:57,(anonymous_5)
FN:58,(anonymous_6)
FNF:7
FNH:7
FNDA:4143,(anonymous_0)
FNDA:1200,(anonymous_1)
FNDA:354,(anonymous_2)
FNDA:358,(anonymous_3)
FNDA:8378,(anonymous_4)
FNDA:44,(anonymous_5)
FNDA:1073,(anonymous_6)
DA:3,15
DA:5,15
DA:12,4143
DA:13,4143
DA:14,4143
DA:15,4143
DA:16,4143
DA:19,15
DA:24,1200
DA:25,1200
DA:26,1200
DA:27,1200
DA:28,1200
DA:29,1906
DA:30,1906
DA:31,1368
DA:32,1368
DA:33,1368
DA:35,1200
DA:38,15
DA:42,354
DA:44,15
DA:45,358
DA:46,358
DA:47,8378
DA:48,23772
DA:49,23772
DA:50,23772
DA:52,2677
DA:56,15
DA:57,15
DA:58,44
DA:59,1073
DA:60,1073
LF:34
LH:34
BRDA:10,0,0,692
BRDA:13,1,0,4143
BRDA:14,2,0,188
BRDA:15,3,0,4007
BRDA:30,4,0,538
BRDA:32,5,0,1368
BRDA:32,5,1,0
BRDA:50,6,0,5701
BRDA:60,7,0,16
BRDA:60,7,1,1057
BRF:10
BRH:9
end_of_record
TN:
SF:src/css/index.ts
FN:1,(anonymous_0)
FNF:1
FNH:1
FNDA:1,(anonymous_0)
DA:1,1
DA:2,1
DA:3,1
DA:4,1
DA:5,1
DA:6,12
DA:7,12
DA:8,12
DA:9,11
DA:10,11
DA:11,11
DA:13,1
LF:12
LH:12
BRDA:8,0,0,1
BRDA:11,1,0,11
BRDA:11,2,0,11
BRDA:11,2,1,11
BRF:4
BRH:4
end_of_record
TN:
SF:src/html/HtmlParser.ts
FN:13,(anonymous_0)
FN:18,(anonymous_1)
FN:43,(anonymous_2)
FN:49,(anonymous_3)
FNF:4
FNH:3
FNDA:3,(anonymous_0)
FNDA:1023,(anonymous_1)
FNDA:0,(anonymous_2)
FNDA:846,(anonymous_3)
DA:1,3
DA:2,3
DA:10,3
DA:14,3
DA:15,3
DA:19,1023
DA:20,1023
DA:21,1023
DA:22,1023
DA:23,1023
DA:24,6471
DA:25,6471
DA:26,2139
DA:31,2139
DA:32,2139
DA:33,2139
DA:34,2139
DA:36,4332
DA:37,4332
DA:38,4332
DA:40,1023
DA:44,0
DA:45,0
DA:46,0
DA:50,846
DA:51,846
DA:52,846
LF:27
LH:24
BRDA:25,0,0,2139
BRDA:37,1,0,4332
BRDA:37,1,1,0
BRF:3
BRH:2
end_of_record
TN:
SF:src/html/index.ts
FNF:0
FNH:0
DA:1,3
DA:2,3
DA:4,3
LF:3
LH:3
BRF:0
BRH:0
end_of_record
TN:
SF:src/html/parsers.ts
FN:8,(anonymous_0)
FN:18,(anonymous_1)
FN:28,(anonymous_2)
FNF:3
FNH:3
FNDA:4667,(anonymous_0)
FNDA:7875,(anonymous_1)
FNDA:4236,(anonymous_2)
DA:1,3
DA:2,3
DA:7,3
DA:8,3
DA:9,4667
DA:10,4667
DA:11,431
DA:12,431
DA:13,431
DA:17,3
DA:18,3
DA:19,7875
DA:20,7875
DA:21,3208
DA:22,3208
DA:25,3
DA:26,3
DA:27,3
DA:28,3
DA:29,4236
DA:30,4236
DA:31,1559
DA:32,1559
DA:33,1559
DA:34,1559
DA:35,1559
DA:36,404
DA:37,404
DA:39,1559
DA:46,1559
DA:47,846
DA:48,846
DA:49,846
DA:50,846
DA:51,0
DA:53,846
DA:54,846
DA:55,173
DA:57,173
DA:59,886
DA:62,3
LF:41
LH:40
BRDA:10,0,0,431
BRDA:20,1,0,4667
BRDA:30,2,0,2677
BRDA:35,3,0,404
BRDA:46,4,0,846
BRDA:50,5,0,0
BRDA:50,5,1,846
BRDA:54,6,0,673
BRDA:55,7,0,173
BRDA:55,7,1,0
BRF:10
BRH:8
end_of_record
TN:
SF:src/html/__tests__/setup.ts
FN:4,(anonymous_0)
FNF:1
FNH:1
FNDA:1023,(anonymous_0)
DA:1,3
DA:4,3
DA:5,1023
DA:7,1023
LF:4
LH:4
BRF:0
BRH:0
end_of_record
TN:
SF:src/markdown/index.ts
FN:3,(anonymous_0)
FN:4,(anonymous_1)
FNF:2
FNH:1
FNDA:0,(anonymous_0)
FNDA:117,(anonymous_1)
DA:3,5
DA:4,122
LF:2
LH:2
BRF:0
BRH:0
end_of_record
TN:
SF:src/markdown/regex.ts
FN:1,(anonymous_0)
FNF:1
FNH:1
FNDA:104,(anonymous_0)
DA:1,15
DA:2,104
DA:3,202
DA:4,104
DA:7,15
DA:9,15
DA:10,15
DA:11,15
DA:13,15
DA:14,15
DA:15,15
DA:17,15
DA:18,15
DA:19,15
DA:23,15
DA:24,15
DA:25,15
DA:26,15
DA:27,15
DA:35,15
DA:36,15
LF:21
LH:21
BRF:0
BRH:0
end_of_record
TN:
SF:src/markdown/__tests__/setup.ts
FN:4,(anonymous_0)
FN:10,(anonymous_1)
FNF:2
FNH:2
FNDA:62,(anonymous_0)
FNDA:55,(anonymous_1)
DA:1,5
DA:4,5
DA:5,62
DA:7,62
DA:10,5
DA:11,55
DA:13,55
LF:7
LH:7
BRF:0
BRH:0
end_of_record
TN:
SF:src/markdown/block/MdBlockParser.ts
FN:15,(anonymous_0)
FN:20,(anonymous_1)
FN:29,(anonymous_2)
FNF:3
FNH:3
FNDA:6,(anonymous_0)
FNDA:62,(anonymous_1)
FNDA:96,(anonymous_2)
DA:1,6
DA:12,6
DA:16,6
DA:17,6
DA:21,62
DA:26,62
DA:30,96
LF:7
LH:7
BRF:0
BRH:0
end_of_record
TN:
SF:src/markdown/block/index.ts
FNF:0
FNH:0
DA:1,6
DA:2,6
DA:3,6
DA:5,6
LF:4
LH:4
BRF:0
BRH:0
end_of_record
TN:
SF:src/markdown/block/parsers.ts
FN:8,(anonymous_0)
FN:14,(anonymous_1)
FN:26,(anonymous_2)
FN:39,(anonymous_3)
FN:44,(anonymous_4)
FN:49,(anonymous_5)
FN:64,(anonymous_6)
FN:75,(anonymous_7)
FN:76,(anonymous_8)
FN:124,(anonymous_9)
FN:130,(anonymous_10)
FN:139,(anonymous_11)
FN:147,(anonymous_12)
FN:159,(anonymous_13)
FN:173,(anonymous_14)
FN:184,(anonymous_15)
FN:194,(anonymous_16)
FN:205,(anonymous_17)
FNF:18
FNH:18
FNDA:151,(anonymous_0)
FNDA:144,(anonymous_1)
FNDA:139,(anonymous_2)
FNDA:129,(anonymous_3)
FNDA:127,(anonymous_4)
FNDA:124,(anonymous_5)
FNDA:110,(anonymous_6)
FNDA:25,(anonymous_7)
FNDA:105,(anonymous_8)
FNDA:80,(anonymous_9)
FNDA:5,(anonymous_10)
FNDA:79,(anonymous_11)
FNDA:4,(anonymous_12)
FNDA:4,(anonymous_13)
FNDA:7,(anonymous_14)
FNDA:77,(anonymous_15)
FNDA:73,(anonymous_16)
FNDA:71,(anonymous_17)
DA:1,6
DA:2,6
DA:7,6
DA:8,6
DA:9,151
DA:10,151
DA:13,6
DA:14,6
DA:15,144
DA:16,144
DA:17,5
DA:18,5
DA:22,5
DA:25,6
DA:26,6
DA:27,139
DA:28,139
DA:29,10
DA:30,10
DA:35,10
DA:38,6
DA:39,6
DA:40,129
DA:41,129
DA:44,6
DA:45,127
DA:46,127
DA:49,6
DA:50,124
DA:51,124
DA:52,12
DA:53,12
DA:55,112
DA:56,112
DA:57,2
DA:58,2
DA:64,6
DA:65,110
DA:66,110
DA:67,5
DA:68,5
DA:69,5
DA:70,5
DA:73,6
DA:74,6
DA:75,25
DA:76,6
DA:77,105
DA:78,105
DA:79,25
DA:80,25
DA:81,25
DA:82,25
DA:83,25
DA:84,25
DA:85,25
DA:86,25
DA:87,25
DA:88,44
DA:89,44
DA:90,44
DA:91,44
DA:92,44
DA:93,44
DA:94,6
DA:95,6
DA:97,44
DA:98,44
DA:99,44
DA:100,2
DA:103,1
DA:104,1
DA:105,1
DA:107,1
DA:108,1
DA:109,1
DA:112,44
DA:113,44
DA:114,44
DA:121,25
DA:124,6
DA:125,80
DA:126,80
DA:129,6
DA:130,6
DA:131,5
DA:132,5
DA:133,3
DA:134,3
DA:136,11
DA:137,5
DA:139,6
DA:140,79
DA:141,79
DA:142,2
DA:143,2
DA:144,2
DA:148,4
DA:149,4
DA:157,2
DA:158,2
DA:159,4
DA:163,2
DA:167,2
DA:168,2
DA:169,3
DA:170,3
DA:171,3
DA:173,7
DA:180,2
DA:183,6
DA:184,6
DA:185,77
DA:186,77
DA:187,4
DA:188,4
DA:189,4
DA:190,4
DA:191,4
DA:194,6
DA:195,73
DA:196,73
DA:197,2
DA:198,2
DA:205,6
DA:206,71
DA:207,71
DA:210,6
LF:128
LH:128
BRDA:10,0,0,7
BRDA:16,1,0,139
BRDA:28,2,0,129
BRDA:31,3,0,10
BRDA:31,3,1,0
BRDA:32,4,0,10
BRDA:32,4,1,2
BRDA:33,5,0,10
BRDA:33,5,1,0
BRDA:41,6,0,2
BRDA:46,7,0,3
BRDA:51,8,0,12
BRDA:56,9,0,2
BRDA:59,10,0,1
BRDA:59,10,1,1
BRDA:66,11,0,105
BRDA:78,12,0,80
BRDA:81,13,0,0
BRDA:90,14,0,0
BRDA:93,15,0,6
BRDA:93,16,0,44
BRDA:93,16,1,25
BRDA:99,17,0,2
BRDA:99,18,0,44
BRDA:99,18,1,2
BRDA:100,19,0,1
BRDA:100,19,1,1
BRDA:100,19,2,1
BRDA:113,20,0,2
BRDA:126,21,0,1
BRDA:132,22,0,3
BRDA:133,23,0,0
BRDA:133,23,1,3
BRDA:141,24,0,77
BRDA:149,25,0,1
BRDA:149,25,1,3
BRDA:150,26,0,1
BRDA:150,26,1,0
BRDA:153,27,0,1
BRDA:153,27,1,2
BRDA:157,28,0,2
BRDA:157,28,1,0
BRDA:167,29,0,2
BRDA:167,30,0,2
BRDA:167,30,1,2
BRDA:186,31,0,73
BRDA:196,32,0,71
BRDA:200,33,0,2
BRDA:200,33,1,2
BRDA:207,34,0,71
BRF:50
BRH:43
end_of_record
TN:
SF:src/markdown/block/__tests__/setup.ts
FN:4,(anonymous_0)
FNF:1
FNH:1
FNDA:1,(anonymous_0)
DA:1,1
DA:4,1
DA:5,1
DA:7,1
LF:4
LH:4
BRF:0
BRH:0
end_of_record
TN:
SF:src/markdown/inline/MdInlineParser.ts
FN:11,(anonymous_0)
FN:15,(anonymous_1)
FNF:2
FNH:2
FNDA:11,(anonymous_0)
FNDA:238,(anonymous_1)
DA:1,11
DA:9,11
DA:12,11
DA:16,238
DA:18,238
DA:19,238
DA:21,238
DA:22,351
DA:23,351
DA:24,241
DA:25,7
DA:26,7
DA:27,234
DA:29,110
DA:30,110
DA:33,238
LF:16
LH:16
BRDA:23,0,0,241
BRDA:23,0,1,110
BRDA:24,1,0,7
BRDA:24,1,1,234
BRF:4
BRH:4
end_of_record
TN:
SF:src/markdown/inline/index.ts
FNF:0
FNH:0
DA:1,11
DA:2,11
DA:4,11
LF:3
LH:3
BRF:0
BRH:0
end_of_record
TN:
SF:src/markdown/inline/parsers.ts
FN:7,(anonymous_0)
FN:18,(anonymous_1)
FN:27,(anonymous_2)
FN:35,(anonymous_3)
FN:41,(anonymous_4)
FN:47,(anonymous_5)
FN:53,(anonymous_6)
FN:59,(anonymous_7)
FN:79,(anonymous_8)
FN:96,(anonymous_9)
FN:108,(anonymous_10)
FN:113,(anonymous_11)
FN:116,(anonymous_12)
FN:123,(anonymous_13)
FN:149,(anonymous_14)
FN:167,(anonymous_15)
FN:176,(anonymous_16)
FNF:17
FNH:17
FNDA:348,(anonymous_0)
FNDA:346,(anonymous_1)
FNDA:336,(anonymous_2)
FNDA:316,(anonymous_3)
FNDA:319,(anonymous_4)
FNDA:312,(anonymous_5)
FNDA:307,(anonymous_6)
FNDA:292,(anonymous_7)
FNDA:280,(anonymous_8)
FNDA:266,(anonymous_9)
FNDA:249,(anonymous_10)
FNDA:11,(anonymous_11)
FNDA:247,(anonymous_12)
FNDA:303,(anonymous_13)
FNDA:238,(anonymous_14)
FNDA:238,(anonymous_15)
FNDA:351,(anonymous_16)
DA:1,11
DA:2,11
DA:6,11
DA:7,11
DA:8,348
DA:9,348
DA:10,2
DA:17,11
DA:18,11
DA:19,346
DA:20,346
DA:21,10
DA:22,10
DA:26,11
DA:27,11
DA:28,336
DA:29,336
DA:30,17
DA:31,17
DA:34,11
DA:35,11
DA:36,316
DA:37,316
DA:40,11
DA:41,11
DA:42,319
DA:43,319
DA:46,11
DA:47,11
DA:48,312
DA:49,312
DA:52,11
DA:53,11
DA:54,307
DA:55,307
DA:58,11
DA:59,11
DA:60,292
DA:61,292
DA:62,12
DA:63,12
DA:64,12
DA:65,12
DA:66,12
DA:67,12
DA:68,12
DA:69,7
DA:70,7
DA:72,12
DA:73,12
DA:74,8
DA:75,12
DA:78,11
DA:79,11
DA:80,280
DA:81,280
DA:82,2
DA:83,2
DA:86,11
DA:87,11
DA:89,11
DA:90,11
DA:92,11
DA:93,11
DA:95,11
DA:96,11
DA:97,266
DA:98,266
DA:99,13
DA:100,13
DA:103,11
DA:104,11
DA:106,11
DA:107,11
DA:108,11
DA:109,249
DA:110,249
DA:113,11
DA:114,11
DA:115,11
DA:116,11
DA:117,247
DA:118,247
DA:122,11
DA:123,11
DA:124,303
DA:125,303
DA:126,11
DA:127,11
DA:128,11
DA:129,11
DA:130,3
DA:135,8
DA:149,11
DA:150,238
DA:164,11
DA:167,11
DA:168,238
DA:169,238
DA:170,238
DA:171,238
DA:172,238
DA:175,11
DA:176,11
DA:177,351
DA:178,351
DA:181,11
LF:107
LH:107
BRDA:9,0,0,346
BRDA:20,1,0,336
BRDA:21,2,0,10
BRDA:21,2,1,10
BRDA:21,2,2,10
BRDA:21,2,3,3
BRDA:29,3,0,319
BRDA:30,4,0,17
BRDA:30,4,1,16
BRDA:30,4,2,16
BRDA:30,4,3,16
BRDA:30,4,4,5
BRDA:30,4,5,5
BRDA:37,5,0,4
BRDA:43,6,0,3
BRDA:49,7,0,5
BRDA:55,8,0,4
BRDA:61,9,0,280
BRDA:64,10,0,4
BRDA:64,10,1,8
BRDA:68,11,0,7
BRDA:70,12,0,5
BRDA:70,12,1,2
BRDA:73,13,0,4
BRDA:73,13,1,8
BRDA:73,14,0,4
BRDA:73,14,1,0
BRDA:81,15,0,278
BRDA:98,16,0,253
BRDA:99,17,0,13
BRDA:99,17,1,7
BRDA:109,18,0,249
BRDA:109,18,1,248
BRDA:110,19,0,2
BRDA:113,20,0,11
BRDA:117,21,0,247
BRDA:117,21,1,242
BRDA:118,22,0,9
BRDA:125,23,0,292
BRDA:128,24,0,3
BRDA:129,25,0,3
BRDA:169,26,0,0
BRDA:178,27,0,3
BRF:43
BRH:41
end_of_record
TN:
SF:src/markdown/inline/__tests__/setup.ts
FN:4,(anonymous_0)
FNF:1
FNH:1
FNDA:21,(anonymous_0)
DA:1,5
DA:4,5
DA:5,21
DA:7,21
LF:4
LH:4
BRF:0
BRH:0
end_of_record
